[2020-12-07 06:00:58] local.ERROR: Undefined variable: user {"exception":"[object] (ErrorException(code: 0): Undefined variable: user at C:\\xampp\\htdocs\\ApiGateway\\ddsbe\\app\\Http\\Controllers\\UserController.php:114)
[stacktrace]
#0 C:\\xampp\\htdocs\\ApiGateway\\ddsbe\\app\\Http\\Controllers\\UserController.php(114): Laravel\\Lumen\\Application->Laravel\\Lumen\\Concerns\\{closure}(8, 'Undefined varia...', 'C:\\\\xampp\\\\htdocs...', 114, Array)
#1 C:\\xampp\\htdocs\\ApiGateway\\ddsbe\\vendor\\illuminate\\container\\BoundMethod.php(36): App\\Http\\Controllers\\UserController->delete('7')
#2 C:\\xampp\\htdocs\\ApiGateway\\ddsbe\\vendor\\illuminate\\container\\Util.php(40): Illuminate\\Container\\BoundMethod::Illuminate\\Container\\{closure}()
#3 C:\\xampp\\htdocs\\ApiGateway\\ddsbe\\vendor\\illuminate\\container\\BoundMethod.php(93): Illuminate\\Container\\Util::unwrapIfClosure(Object(Closure))
#4 C:\\xampp\\htdocs\\ApiGateway\\ddsbe\\vendor\\illuminate\\container\\BoundMethod.php(37): Illuminate\\Container\\BoundMethod::callBoundMethod(Object(Laravel\\Lumen\\Application), Array, Object(Closure))
#5 C:\\xampp\\htdocs\\ApiGateway\\ddsbe\\vendor\\illuminate\\container\\Container.php(610): Illuminate\\Container\\BoundMethod::call(Object(Laravel\\Lumen\\Application), Array, Array, NULL)
#6 C:\\xampp\\htdocs\\ApiGateway\\ddsbe\\vendor\\laravel\\lumen-framework\\src\\Concerns\\RoutesRequests.php(386): Illuminate\\Container\\Container->call(Array, Array)
#7 C:\\xampp\\htdocs\\ApiGateway\\ddsbe\\vendor\\laravel\\lumen-framework\\src\\Concerns\\RoutesRequests.php(352): Laravel\\Lumen\\Application->callControllerCallable(Array, Array)
#8 C:\\xampp\\htdocs\\ApiGateway\\ddsbe\\vendor\\laravel\\lumen-framework\\src\\Concerns\\RoutesRequests.php(326): Laravel\\Lumen\\Application->callLumenController(Object(App\\Http\\Controllers\\UserController), 'delete', Array)
#9 C:\\xampp\\htdocs\\ApiGateway\\ddsbe\\vendor\\laravel\\lumen-framework\\src\\Concerns\\RoutesRequests.php(279): Laravel\\Lumen\\Application->callControllerAction(Array)
#10 C:\\xampp\\htdocs\\ApiGateway\\ddsbe\\vendor\\laravel\\lumen-framework\\src\\Concerns\\RoutesRequests.php(264): Laravel\\Lumen\\Application->callActionOnArrayBasedRoute(Array)
#11 C:\\xampp\\htdocs\\ApiGateway\\ddsbe\\vendor\\laravel\\lumen-framework\\src\\Concerns\\RoutesRequests.php(234): Laravel\\Lumen\\Application->handleFoundRoute(Array)
#12 C:\\xampp\\htdocs\\ApiGateway\\ddsbe\\vendor\\laravel\\lumen-framework\\src\\Concerns\\RoutesRequests.php(170): Laravel\\Lumen\\Application->handleDispatcherResponse(Array)
#13 C:\\xampp\\htdocs\\ApiGateway\\ddsbe\\vendor\\laravel\\lumen-framework\\src\\Concerns\\RoutesRequests.php(426): Laravel\\Lumen\\Application->Laravel\\Lumen\\Concerns\\{closure}(Object(Laravel\\Lumen\\Http\\Request))
#14 C:\\xampp\\htdocs\\ApiGateway\\ddsbe\\vendor\\laravel\\lumen-framework\\src\\Concerns\\RoutesRequests.php(172): Laravel\\Lumen\\Application->sendThroughPipeline(Array, Object(Closure))
#15 C:\\xampp\\htdocs\\ApiGateway\\ddsbe\\vendor\\laravel\\lumen-framework\\src\\Concerns\\RoutesRequests.php(109): Laravel\\Lumen\\Application->dispatch(NULL)
#16 C:\\xampp\\htdocs\\ApiGateway\\ddsbe\\public\\index.php(28): Laravel\\Lumen\\Application->run()
#17 {main}
"} 
[2020-12-07 06:03:31] local.ERROR: Class 'App\Models\UserJob' not found {"exception":"[object] (Error(code: 0): Class 'App\\Models\\UserJob' not found at C:\\xampp\\htdocs\\ApiGateway\\ddsbe\\app\\Http\\Controllers\\UserController.php:53)
[stacktrace]
#0 C:\\xampp\\htdocs\\ApiGateway\\ddsbe\\vendor\\illuminate\\container\\BoundMethod.php(36): App\\Http\\Controllers\\UserController->add(Object(Laravel\\Lumen\\Http\\Request))
#1 C:\\xampp\\htdocs\\ApiGateway\\ddsbe\\vendor\\illuminate\\container\\Util.php(40): Illuminate\\Container\\BoundMethod::Illuminate\\Container\\{closure}()
#2 C:\\xampp\\htdocs\\ApiGateway\\ddsbe\\vendor\\illuminate\\container\\BoundMethod.php(93): Illuminate\\Container\\Util::unwrapIfClosure(Object(Closure))
#3 C:\\xampp\\htdocs\\ApiGateway\\ddsbe\\vendor\\illuminate\\container\\BoundMethod.php(37): Illuminate\\Container\\BoundMethod::callBoundMethod(Object(Laravel\\Lumen\\Application), Array, Object(Closure))
#4 C:\\xampp\\htdocs\\ApiGateway\\ddsbe\\vendor\\illuminate\\container\\Container.php(610): Illuminate\\Container\\BoundMethod::call(Object(Laravel\\Lumen\\Application), Array, Array, NULL)
#5 C:\\xampp\\htdocs\\ApiGateway\\ddsbe\\vendor\\laravel\\lumen-framework\\src\\Concerns\\RoutesRequests.php(386): Illuminate\\Container\\Container->call(Array, Array)
#6 C:\\xampp\\htdocs\\ApiGateway\\ddsbe\\vendor\\laravel\\lumen-framework\\src\\Concerns\\RoutesRequests.php(352): Laravel\\Lumen\\Application->callControllerCallable(Array, Array)
#7 C:\\xampp\\htdocs\\ApiGateway\\ddsbe\\vendor\\laravel\\lumen-framework\\src\\Concerns\\RoutesRequests.php(326): Laravel\\Lumen\\Application->callLumenController(Object(App\\Http\\Controllers\\UserController), 'add', Array)
#8 C:\\xampp\\htdocs\\ApiGateway\\ddsbe\\vendor\\laravel\\lumen-framework\\src\\Concerns\\RoutesRequests.php(279): Laravel\\Lumen\\Application->callControllerAction(Array)
#9 C:\\xampp\\htdocs\\ApiGateway\\ddsbe\\vendor\\laravel\\lumen-framework\\src\\Concerns\\RoutesRequests.php(264): Laravel\\Lumen\\Application->callActionOnArrayBasedRoute(Array)
#10 C:\\xampp\\htdocs\\ApiGateway\\ddsbe\\vendor\\laravel\\lumen-framework\\src\\Concerns\\RoutesRequests.php(166): Laravel\\Lumen\\Application->handleFoundRoute(Array)
#11 C:\\xampp\\htdocs\\ApiGateway\\ddsbe\\vendor\\laravel\\lumen-framework\\src\\Concerns\\RoutesRequests.php(426): Laravel\\Lumen\\Application->Laravel\\Lumen\\Concerns\\{closure}(Object(Laravel\\Lumen\\Http\\Request))
#12 C:\\xampp\\htdocs\\ApiGateway\\ddsbe\\vendor\\laravel\\lumen-framework\\src\\Concerns\\RoutesRequests.php(172): Laravel\\Lumen\\Application->sendThroughPipeline(Array, Object(Closure))
#13 C:\\xampp\\htdocs\\ApiGateway\\ddsbe\\vendor\\laravel\\lumen-framework\\src\\Concerns\\RoutesRequests.php(109): Laravel\\Lumen\\Application->dispatch(NULL)
#14 C:\\xampp\\htdocs\\ApiGateway\\ddsbe\\public\\index.php(28): Laravel\\Lumen\\Application->run()
#15 {main}
"} 
[2020-12-07 06:09:22] local.ERROR: Class 'App\Models\UserJob' not found {"exception":"[object] (Error(code: 0): Class 'App\\Models\\UserJob' not found at C:\\xampp\\htdocs\\ApiGateway\\ddsbe\\app\\Http\\Controllers\\UserController.php:53)
[stacktrace]
#0 C:\\xampp\\htdocs\\ApiGateway\\ddsbe\\vendor\\illuminate\\container\\BoundMethod.php(36): App\\Http\\Controllers\\UserController->add(Object(Laravel\\Lumen\\Http\\Request))
#1 C:\\xampp\\htdocs\\ApiGateway\\ddsbe\\vendor\\illuminate\\container\\Util.php(40): Illuminate\\Container\\BoundMethod::Illuminate\\Container\\{closure}()
#2 C:\\xampp\\htdocs\\ApiGateway\\ddsbe\\vendor\\illuminate\\container\\BoundMethod.php(93): Illuminate\\Container\\Util::unwrapIfClosure(Object(Closure))
#3 C:\\xampp\\htdocs\\ApiGateway\\ddsbe\\vendor\\illuminate\\container\\BoundMethod.php(37): Illuminate\\Container\\BoundMethod::callBoundMethod(Object(Laravel\\Lumen\\Application), Array, Object(Closure))
#4 C:\\xampp\\htdocs\\ApiGateway\\ddsbe\\vendor\\illuminate\\container\\Container.php(610): Illuminate\\Container\\BoundMethod::call(Object(Laravel\\Lumen\\Application), Array, Array, NULL)
#5 C:\\xampp\\htdocs\\ApiGateway\\ddsbe\\vendor\\laravel\\lumen-framework\\src\\Concerns\\RoutesRequests.php(386): Illuminate\\Container\\Container->call(Array, Array)
#6 C:\\xampp\\htdocs\\ApiGateway\\ddsbe\\vendor\\laravel\\lumen-framework\\src\\Concerns\\RoutesRequests.php(352): Laravel\\Lumen\\Application->callControllerCallable(Array, Array)
#7 C:\\xampp\\htdocs\\ApiGateway\\ddsbe\\vendor\\laravel\\lumen-framework\\src\\Concerns\\RoutesRequests.php(326): Laravel\\Lumen\\Application->callLumenController(Object(App\\Http\\Controllers\\UserController), 'add', Array)
#8 C:\\xampp\\htdocs\\ApiGateway\\ddsbe\\vendor\\laravel\\lumen-framework\\src\\Concerns\\RoutesRequests.php(279): Laravel\\Lumen\\Application->callControllerAction(Array)
#9 C:\\xampp\\htdocs\\ApiGateway\\ddsbe\\vendor\\laravel\\lumen-framework\\src\\Concerns\\RoutesRequests.php(264): Laravel\\Lumen\\Application->callActionOnArrayBasedRoute(Array)
#10 C:\\xampp\\htdocs\\ApiGateway\\ddsbe\\vendor\\laravel\\lumen-framework\\src\\Concerns\\RoutesRequests.php(166): Laravel\\Lumen\\Application->handleFoundRoute(Array)
#11 C:\\xampp\\htdocs\\ApiGateway\\ddsbe\\vendor\\laravel\\lumen-framework\\src\\Concerns\\RoutesRequests.php(426): Laravel\\Lumen\\Application->Laravel\\Lumen\\Concerns\\{closure}(Object(Laravel\\Lumen\\Http\\Request))
#12 C:\\xampp\\htdocs\\ApiGateway\\ddsbe\\vendor\\laravel\\lumen-framework\\src\\Concerns\\RoutesRequests.php(172): Laravel\\Lumen\\Application->sendThroughPipeline(Array, Object(Closure))
#13 C:\\xampp\\htdocs\\ApiGateway\\ddsbe\\vendor\\laravel\\lumen-framework\\src\\Concerns\\RoutesRequests.php(109): Laravel\\Lumen\\Application->dispatch(NULL)
#14 C:\\xampp\\htdocs\\ApiGateway\\ddsbe\\public\\index.php(28): Laravel\\Lumen\\Application->run()
#15 {main}
"} 
[2020-12-07 06:09:23] local.ERROR: Class 'App\Models\UserJob' not found {"exception":"[object] (Error(code: 0): Class 'App\\Models\\UserJob' not found at C:\\xampp\\htdocs\\ApiGateway\\ddsbe\\app\\Http\\Controllers\\UserController.php:53)
[stacktrace]
#0 C:\\xampp\\htdocs\\ApiGateway\\ddsbe\\vendor\\illuminate\\container\\BoundMethod.php(36): App\\Http\\Controllers\\UserController->add(Object(Laravel\\Lumen\\Http\\Request))
#1 C:\\xampp\\htdocs\\ApiGateway\\ddsbe\\vendor\\illuminate\\container\\Util.php(40): Illuminate\\Container\\BoundMethod::Illuminate\\Container\\{closure}()
#2 C:\\xampp\\htdocs\\ApiGateway\\ddsbe\\vendor\\illuminate\\container\\BoundMethod.php(93): Illuminate\\Container\\Util::unwrapIfClosure(Object(Closure))
#3 C:\\xampp\\htdocs\\ApiGateway\\ddsbe\\vendor\\illuminate\\container\\BoundMethod.php(37): Illuminate\\Container\\BoundMethod::callBoundMethod(Object(Laravel\\Lumen\\Application), Array, Object(Closure))
#4 C:\\xampp\\htdocs\\ApiGateway\\ddsbe\\vendor\\illuminate\\container\\Container.php(610): Illuminate\\Container\\BoundMethod::call(Object(Laravel\\Lumen\\Application), Array, Array, NULL)
#5 C:\\xampp\\htdocs\\ApiGateway\\ddsbe\\vendor\\laravel\\lumen-framework\\src\\Concerns\\RoutesRequests.php(386): Illuminate\\Container\\Container->call(Array, Array)
#6 C:\\xampp\\htdocs\\ApiGateway\\ddsbe\\vendor\\laravel\\lumen-framework\\src\\Concerns\\RoutesRequests.php(352): Laravel\\Lumen\\Application->callControllerCallable(Array, Array)
#7 C:\\xampp\\htdocs\\ApiGateway\\ddsbe\\vendor\\laravel\\lumen-framework\\src\\Concerns\\RoutesRequests.php(326): Laravel\\Lumen\\Application->callLumenController(Object(App\\Http\\Controllers\\UserController), 'add', Array)
#8 C:\\xampp\\htdocs\\ApiGateway\\ddsbe\\vendor\\laravel\\lumen-framework\\src\\Concerns\\RoutesRequests.php(279): Laravel\\Lumen\\Application->callControllerAction(Array)
#9 C:\\xampp\\htdocs\\ApiGateway\\ddsbe\\vendor\\laravel\\lumen-framework\\src\\Concerns\\RoutesRequests.php(264): Laravel\\Lumen\\Application->callActionOnArrayBasedRoute(Array)
#10 C:\\xampp\\htdocs\\ApiGateway\\ddsbe\\vendor\\laravel\\lumen-framework\\src\\Concerns\\RoutesRequests.php(166): Laravel\\Lumen\\Application->handleFoundRoute(Array)
#11 C:\\xampp\\htdocs\\ApiGateway\\ddsbe\\vendor\\laravel\\lumen-framework\\src\\Concerns\\RoutesRequests.php(426): Laravel\\Lumen\\Application->Laravel\\Lumen\\Concerns\\{closure}(Object(Laravel\\Lumen\\Http\\Request))
#12 C:\\xampp\\htdocs\\ApiGateway\\ddsbe\\vendor\\laravel\\lumen-framework\\src\\Concerns\\RoutesRequests.php(172): Laravel\\Lumen\\Application->sendThroughPipeline(Array, Object(Closure))
#13 C:\\xampp\\htdocs\\ApiGateway\\ddsbe\\vendor\\laravel\\lumen-framework\\src\\Concerns\\RoutesRequests.php(109): Laravel\\Lumen\\Application->dispatch(NULL)
#14 C:\\xampp\\htdocs\\ApiGateway\\ddsbe\\public\\index.php(28): Laravel\\Lumen\\Application->run()
#15 {main}
"} 
[2020-12-07 06:09:52] local.ERROR: Class 'App\Models\UserJob' not found {"exception":"[object] (Error(code: 0): Class 'App\\Models\\UserJob' not found at C:\\xampp\\htdocs\\ApiGateway\\ddsbe\\app\\Http\\Controllers\\UserController.php:53)
[stacktrace]
#0 C:\\xampp\\htdocs\\ApiGateway\\ddsbe\\vendor\\illuminate\\container\\BoundMethod.php(36): App\\Http\\Controllers\\UserController->add(Object(Laravel\\Lumen\\Http\\Request))
#1 C:\\xampp\\htdocs\\ApiGateway\\ddsbe\\vendor\\illuminate\\container\\Util.php(40): Illuminate\\Container\\BoundMethod::Illuminate\\Container\\{closure}()
#2 C:\\xampp\\htdocs\\ApiGateway\\ddsbe\\vendor\\illuminate\\container\\BoundMethod.php(93): Illuminate\\Container\\Util::unwrapIfClosure(Object(Closure))
#3 C:\\xampp\\htdocs\\ApiGateway\\ddsbe\\vendor\\illuminate\\container\\BoundMethod.php(37): Illuminate\\Container\\BoundMethod::callBoundMethod(Object(Laravel\\Lumen\\Application), Array, Object(Closure))
#4 C:\\xampp\\htdocs\\ApiGateway\\ddsbe\\vendor\\illuminate\\container\\Container.php(610): Illuminate\\Container\\BoundMethod::call(Object(Laravel\\Lumen\\Application), Array, Array, NULL)
#5 C:\\xampp\\htdocs\\ApiGateway\\ddsbe\\vendor\\laravel\\lumen-framework\\src\\Concerns\\RoutesRequests.php(386): Illuminate\\Container\\Container->call(Array, Array)
#6 C:\\xampp\\htdocs\\ApiGateway\\ddsbe\\vendor\\laravel\\lumen-framework\\src\\Concerns\\RoutesRequests.php(352): Laravel\\Lumen\\Application->callControllerCallable(Array, Array)
#7 C:\\xampp\\htdocs\\ApiGateway\\ddsbe\\vendor\\laravel\\lumen-framework\\src\\Concerns\\RoutesRequests.php(326): Laravel\\Lumen\\Application->callLumenController(Object(App\\Http\\Controllers\\UserController), 'add', Array)
#8 C:\\xampp\\htdocs\\ApiGateway\\ddsbe\\vendor\\laravel\\lumen-framework\\src\\Concerns\\RoutesRequests.php(279): Laravel\\Lumen\\Application->callControllerAction(Array)
#9 C:\\xampp\\htdocs\\ApiGateway\\ddsbe\\vendor\\laravel\\lumen-framework\\src\\Concerns\\RoutesRequests.php(264): Laravel\\Lumen\\Application->callActionOnArrayBasedRoute(Array)
#10 C:\\xampp\\htdocs\\ApiGateway\\ddsbe\\vendor\\laravel\\lumen-framework\\src\\Concerns\\RoutesRequests.php(166): Laravel\\Lumen\\Application->handleFoundRoute(Array)
#11 C:\\xampp\\htdocs\\ApiGateway\\ddsbe\\vendor\\laravel\\lumen-framework\\src\\Concerns\\RoutesRequests.php(426): Laravel\\Lumen\\Application->Laravel\\Lumen\\Concerns\\{closure}(Object(Laravel\\Lumen\\Http\\Request))
#12 C:\\xampp\\htdocs\\ApiGateway\\ddsbe\\vendor\\laravel\\lumen-framework\\src\\Concerns\\RoutesRequests.php(172): Laravel\\Lumen\\Application->sendThroughPipeline(Array, Object(Closure))
#13 C:\\xampp\\htdocs\\ApiGateway\\ddsbe\\vendor\\laravel\\lumen-framework\\src\\Concerns\\RoutesRequests.php(109): Laravel\\Lumen\\Application->dispatch(NULL)
#14 C:\\xampp\\htdocs\\ApiGateway\\ddsbe\\public\\index.php(28): Laravel\\Lumen\\Application->run()
#15 {main}
"} 
[2020-12-07 06:09:53] local.ERROR: Class 'App\Models\UserJob' not found {"exception":"[object] (Error(code: 0): Class 'App\\Models\\UserJob' not found at C:\\xampp\\htdocs\\ApiGateway\\ddsbe\\app\\Http\\Controllers\\UserController.php:53)
[stacktrace]
#0 C:\\xampp\\htdocs\\ApiGateway\\ddsbe\\vendor\\illuminate\\container\\BoundMethod.php(36): App\\Http\\Controllers\\UserController->add(Object(Laravel\\Lumen\\Http\\Request))
#1 C:\\xampp\\htdocs\\ApiGateway\\ddsbe\\vendor\\illuminate\\container\\Util.php(40): Illuminate\\Container\\BoundMethod::Illuminate\\Container\\{closure}()
#2 C:\\xampp\\htdocs\\ApiGateway\\ddsbe\\vendor\\illuminate\\container\\BoundMethod.php(93): Illuminate\\Container\\Util::unwrapIfClosure(Object(Closure))
#3 C:\\xampp\\htdocs\\ApiGateway\\ddsbe\\vendor\\illuminate\\container\\BoundMethod.php(37): Illuminate\\Container\\BoundMethod::callBoundMethod(Object(Laravel\\Lumen\\Application), Array, Object(Closure))
#4 C:\\xampp\\htdocs\\ApiGateway\\ddsbe\\vendor\\illuminate\\container\\Container.php(610): Illuminate\\Container\\BoundMethod::call(Object(Laravel\\Lumen\\Application), Array, Array, NULL)
#5 C:\\xampp\\htdocs\\ApiGateway\\ddsbe\\vendor\\laravel\\lumen-framework\\src\\Concerns\\RoutesRequests.php(386): Illuminate\\Container\\Container->call(Array, Array)
#6 C:\\xampp\\htdocs\\ApiGateway\\ddsbe\\vendor\\laravel\\lumen-framework\\src\\Concerns\\RoutesRequests.php(352): Laravel\\Lumen\\Application->callControllerCallable(Array, Array)
#7 C:\\xampp\\htdocs\\ApiGateway\\ddsbe\\vendor\\laravel\\lumen-framework\\src\\Concerns\\RoutesRequests.php(326): Laravel\\Lumen\\Application->callLumenController(Object(App\\Http\\Controllers\\UserController), 'add', Array)
#8 C:\\xampp\\htdocs\\ApiGateway\\ddsbe\\vendor\\laravel\\lumen-framework\\src\\Concerns\\RoutesRequests.php(279): Laravel\\Lumen\\Application->callControllerAction(Array)
#9 C:\\xampp\\htdocs\\ApiGateway\\ddsbe\\vendor\\laravel\\lumen-framework\\src\\Concerns\\RoutesRequests.php(264): Laravel\\Lumen\\Application->callActionOnArrayBasedRoute(Array)
#10 C:\\xampp\\htdocs\\ApiGateway\\ddsbe\\vendor\\laravel\\lumen-framework\\src\\Concerns\\RoutesRequests.php(166): Laravel\\Lumen\\Application->handleFoundRoute(Array)
#11 C:\\xampp\\htdocs\\ApiGateway\\ddsbe\\vendor\\laravel\\lumen-framework\\src\\Concerns\\RoutesRequests.php(426): Laravel\\Lumen\\Application->Laravel\\Lumen\\Concerns\\{closure}(Object(Laravel\\Lumen\\Http\\Request))
#12 C:\\xampp\\htdocs\\ApiGateway\\ddsbe\\vendor\\laravel\\lumen-framework\\src\\Concerns\\RoutesRequests.php(172): Laravel\\Lumen\\Application->sendThroughPipeline(Array, Object(Closure))
#13 C:\\xampp\\htdocs\\ApiGateway\\ddsbe\\vendor\\laravel\\lumen-framework\\src\\Concerns\\RoutesRequests.php(109): Laravel\\Lumen\\Application->dispatch(NULL)
#14 C:\\xampp\\htdocs\\ApiGateway\\ddsbe\\public\\index.php(28): Laravel\\Lumen\\Application->run()
#15 {main}
"} 
[2020-12-07 06:09:56] local.ERROR: Class 'App\Models\UserJob' not found {"exception":"[object] (Error(code: 0): Class 'App\\Models\\UserJob' not found at C:\\xampp\\htdocs\\ApiGateway\\ddsbe\\app\\Http\\Controllers\\UserController.php:53)
[stacktrace]
#0 C:\\xampp\\htdocs\\ApiGateway\\ddsbe\\vendor\\illuminate\\container\\BoundMethod.php(36): App\\Http\\Controllers\\UserController->add(Object(Laravel\\Lumen\\Http\\Request))
#1 C:\\xampp\\htdocs\\ApiGateway\\ddsbe\\vendor\\illuminate\\container\\Util.php(40): Illuminate\\Container\\BoundMethod::Illuminate\\Container\\{closure}()
#2 C:\\xampp\\htdocs\\ApiGateway\\ddsbe\\vendor\\illuminate\\container\\BoundMethod.php(93): Illuminate\\Container\\Util::unwrapIfClosure(Object(Closure))
#3 C:\\xampp\\htdocs\\ApiGateway\\ddsbe\\vendor\\illuminate\\container\\BoundMethod.php(37): Illuminate\\Container\\BoundMethod::callBoundMethod(Object(Laravel\\Lumen\\Application), Array, Object(Closure))
#4 C:\\xampp\\htdocs\\ApiGateway\\ddsbe\\vendor\\illuminate\\container\\Container.php(610): Illuminate\\Container\\BoundMethod::call(Object(Laravel\\Lumen\\Application), Array, Array, NULL)
#5 C:\\xampp\\htdocs\\ApiGateway\\ddsbe\\vendor\\laravel\\lumen-framework\\src\\Concerns\\RoutesRequests.php(386): Illuminate\\Container\\Container->call(Array, Array)
#6 C:\\xampp\\htdocs\\ApiGateway\\ddsbe\\vendor\\laravel\\lumen-framework\\src\\Concerns\\RoutesRequests.php(352): Laravel\\Lumen\\Application->callControllerCallable(Array, Array)
#7 C:\\xampp\\htdocs\\ApiGateway\\ddsbe\\vendor\\laravel\\lumen-framework\\src\\Concerns\\RoutesRequests.php(326): Laravel\\Lumen\\Application->callLumenController(Object(App\\Http\\Controllers\\UserController), 'add', Array)
#8 C:\\xampp\\htdocs\\ApiGateway\\ddsbe\\vendor\\laravel\\lumen-framework\\src\\Concerns\\RoutesRequests.php(279): Laravel\\Lumen\\Application->callControllerAction(Array)
#9 C:\\xampp\\htdocs\\ApiGateway\\ddsbe\\vendor\\laravel\\lumen-framework\\src\\Concerns\\RoutesRequests.php(264): Laravel\\Lumen\\Application->callActionOnArrayBasedRoute(Array)
#10 C:\\xampp\\htdocs\\ApiGateway\\ddsbe\\vendor\\laravel\\lumen-framework\\src\\Concerns\\RoutesRequests.php(166): Laravel\\Lumen\\Application->handleFoundRoute(Array)
#11 C:\\xampp\\htdocs\\ApiGateway\\ddsbe\\vendor\\laravel\\lumen-framework\\src\\Concerns\\RoutesRequests.php(426): Laravel\\Lumen\\Application->Laravel\\Lumen\\Concerns\\{closure}(Object(Laravel\\Lumen\\Http\\Request))
#12 C:\\xampp\\htdocs\\ApiGateway\\ddsbe\\vendor\\laravel\\lumen-framework\\src\\Concerns\\RoutesRequests.php(172): Laravel\\Lumen\\Application->sendThroughPipeline(Array, Object(Closure))
#13 C:\\xampp\\htdocs\\ApiGateway\\ddsbe\\vendor\\laravel\\lumen-framework\\src\\Concerns\\RoutesRequests.php(109): Laravel\\Lumen\\Application->dispatch(NULL)
#14 C:\\xampp\\htdocs\\ApiGateway\\ddsbe\\public\\index.php(28): Laravel\\Lumen\\Application->run()
#15 {main}
"} 
[2020-12-07 06:09:57] local.ERROR: Class 'App\Models\UserJob' not found {"exception":"[object] (Error(code: 0): Class 'App\\Models\\UserJob' not found at C:\\xampp\\htdocs\\ApiGateway\\ddsbe\\app\\Http\\Controllers\\UserController.php:53)
[stacktrace]
#0 C:\\xampp\\htdocs\\ApiGateway\\ddsbe\\vendor\\illuminate\\container\\BoundMethod.php(36): App\\Http\\Controllers\\UserController->add(Object(Laravel\\Lumen\\Http\\Request))
#1 C:\\xampp\\htdocs\\ApiGateway\\ddsbe\\vendor\\illuminate\\container\\Util.php(40): Illuminate\\Container\\BoundMethod::Illuminate\\Container\\{closure}()
#2 C:\\xampp\\htdocs\\ApiGateway\\ddsbe\\vendor\\illuminate\\container\\BoundMethod.php(93): Illuminate\\Container\\Util::unwrapIfClosure(Object(Closure))
#3 C:\\xampp\\htdocs\\ApiGateway\\ddsbe\\vendor\\illuminate\\container\\BoundMethod.php(37): Illuminate\\Container\\BoundMethod::callBoundMethod(Object(Laravel\\Lumen\\Application), Array, Object(Closure))
#4 C:\\xampp\\htdocs\\ApiGateway\\ddsbe\\vendor\\illuminate\\container\\Container.php(610): Illuminate\\Container\\BoundMethod::call(Object(Laravel\\Lumen\\Application), Array, Array, NULL)
#5 C:\\xampp\\htdocs\\ApiGateway\\ddsbe\\vendor\\laravel\\lumen-framework\\src\\Concerns\\RoutesRequests.php(386): Illuminate\\Container\\Container->call(Array, Array)
#6 C:\\xampp\\htdocs\\ApiGateway\\ddsbe\\vendor\\laravel\\lumen-framework\\src\\Concerns\\RoutesRequests.php(352): Laravel\\Lumen\\Application->callControllerCallable(Array, Array)
#7 C:\\xampp\\htdocs\\ApiGateway\\ddsbe\\vendor\\laravel\\lumen-framework\\src\\Concerns\\RoutesRequests.php(326): Laravel\\Lumen\\Application->callLumenController(Object(App\\Http\\Controllers\\UserController), 'add', Array)
#8 C:\\xampp\\htdocs\\ApiGateway\\ddsbe\\vendor\\laravel\\lumen-framework\\src\\Concerns\\RoutesRequests.php(279): Laravel\\Lumen\\Application->callControllerAction(Array)
#9 C:\\xampp\\htdocs\\ApiGateway\\ddsbe\\vendor\\laravel\\lumen-framework\\src\\Concerns\\RoutesRequests.php(264): Laravel\\Lumen\\Application->callActionOnArrayBasedRoute(Array)
#10 C:\\xampp\\htdocs\\ApiGateway\\ddsbe\\vendor\\laravel\\lumen-framework\\src\\Concerns\\RoutesRequests.php(166): Laravel\\Lumen\\Application->handleFoundRoute(Array)
#11 C:\\xampp\\htdocs\\ApiGateway\\ddsbe\\vendor\\laravel\\lumen-framework\\src\\Concerns\\RoutesRequests.php(426): Laravel\\Lumen\\Application->Laravel\\Lumen\\Concerns\\{closure}(Object(Laravel\\Lumen\\Http\\Request))
#12 C:\\xampp\\htdocs\\ApiGateway\\ddsbe\\vendor\\laravel\\lumen-framework\\src\\Concerns\\RoutesRequests.php(172): Laravel\\Lumen\\Application->sendThroughPipeline(Array, Object(Closure))
#13 C:\\xampp\\htdocs\\ApiGateway\\ddsbe\\vendor\\laravel\\lumen-framework\\src\\Concerns\\RoutesRequests.php(109): Laravel\\Lumen\\Application->dispatch(NULL)
#14 C:\\xampp\\htdocs\\ApiGateway\\ddsbe\\public\\index.php(28): Laravel\\Lumen\\Application->run()
#15 {main}
"} 
[2020-12-07 06:10:01] local.ERROR: Class 'App\Models\UserJob' not found {"exception":"[object] (Error(code: 0): Class 'App\\Models\\UserJob' not found at C:\\xampp\\htdocs\\ApiGateway\\ddsbe\\app\\Http\\Controllers\\UserController.php:53)
[stacktrace]
#0 C:\\xampp\\htdocs\\ApiGateway\\ddsbe\\vendor\\illuminate\\container\\BoundMethod.php(36): App\\Http\\Controllers\\UserController->add(Object(Laravel\\Lumen\\Http\\Request))
#1 C:\\xampp\\htdocs\\ApiGateway\\ddsbe\\vendor\\illuminate\\container\\Util.php(40): Illuminate\\Container\\BoundMethod::Illuminate\\Container\\{closure}()
#2 C:\\xampp\\htdocs\\ApiGateway\\ddsbe\\vendor\\illuminate\\container\\BoundMethod.php(93): Illuminate\\Container\\Util::unwrapIfClosure(Object(Closure))
#3 C:\\xampp\\htdocs\\ApiGateway\\ddsbe\\vendor\\illuminate\\container\\BoundMethod.php(37): Illuminate\\Container\\BoundMethod::callBoundMethod(Object(Laravel\\Lumen\\Application), Array, Object(Closure))
#4 C:\\xampp\\htdocs\\ApiGateway\\ddsbe\\vendor\\illuminate\\container\\Container.php(610): Illuminate\\Container\\BoundMethod::call(Object(Laravel\\Lumen\\Application), Array, Array, NULL)
#5 C:\\xampp\\htdocs\\ApiGateway\\ddsbe\\vendor\\laravel\\lumen-framework\\src\\Concerns\\RoutesRequests.php(386): Illuminate\\Container\\Container->call(Array, Array)
#6 C:\\xampp\\htdocs\\ApiGateway\\ddsbe\\vendor\\laravel\\lumen-framework\\src\\Concerns\\RoutesRequests.php(352): Laravel\\Lumen\\Application->callControllerCallable(Array, Array)
#7 C:\\xampp\\htdocs\\ApiGateway\\ddsbe\\vendor\\laravel\\lumen-framework\\src\\Concerns\\RoutesRequests.php(326): Laravel\\Lumen\\Application->callLumenController(Object(App\\Http\\Controllers\\UserController), 'add', Array)
#8 C:\\xampp\\htdocs\\ApiGateway\\ddsbe\\vendor\\laravel\\lumen-framework\\src\\Concerns\\RoutesRequests.php(279): Laravel\\Lumen\\Application->callControllerAction(Array)
#9 C:\\xampp\\htdocs\\ApiGateway\\ddsbe\\vendor\\laravel\\lumen-framework\\src\\Concerns\\RoutesRequests.php(264): Laravel\\Lumen\\Application->callActionOnArrayBasedRoute(Array)
#10 C:\\xampp\\htdocs\\ApiGateway\\ddsbe\\vendor\\laravel\\lumen-framework\\src\\Concerns\\RoutesRequests.php(166): Laravel\\Lumen\\Application->handleFoundRoute(Array)
#11 C:\\xampp\\htdocs\\ApiGateway\\ddsbe\\vendor\\laravel\\lumen-framework\\src\\Concerns\\RoutesRequests.php(426): Laravel\\Lumen\\Application->Laravel\\Lumen\\Concerns\\{closure}(Object(Laravel\\Lumen\\Http\\Request))
#12 C:\\xampp\\htdocs\\ApiGateway\\ddsbe\\vendor\\laravel\\lumen-framework\\src\\Concerns\\RoutesRequests.php(172): Laravel\\Lumen\\Application->sendThroughPipeline(Array, Object(Closure))
#13 C:\\xampp\\htdocs\\ApiGateway\\ddsbe\\vendor\\laravel\\lumen-framework\\src\\Concerns\\RoutesRequests.php(109): Laravel\\Lumen\\Application->dispatch(NULL)
#14 C:\\xampp\\htdocs\\ApiGateway\\ddsbe\\public\\index.php(28): Laravel\\Lumen\\Application->run()
#15 {main}
"} 
[2020-12-07 06:10:02] local.ERROR: Class 'App\Models\UserJob' not found {"exception":"[object] (Error(code: 0): Class 'App\\Models\\UserJob' not found at C:\\xampp\\htdocs\\ApiGateway\\ddsbe\\app\\Http\\Controllers\\UserController.php:53)
[stacktrace]
#0 C:\\xampp\\htdocs\\ApiGateway\\ddsbe\\vendor\\illuminate\\container\\BoundMethod.php(36): App\\Http\\Controllers\\UserController->add(Object(Laravel\\Lumen\\Http\\Request))
#1 C:\\xampp\\htdocs\\ApiGateway\\ddsbe\\vendor\\illuminate\\container\\Util.php(40): Illuminate\\Container\\BoundMethod::Illuminate\\Container\\{closure}()
#2 C:\\xampp\\htdocs\\ApiGateway\\ddsbe\\vendor\\illuminate\\container\\BoundMethod.php(93): Illuminate\\Container\\Util::unwrapIfClosure(Object(Closure))
#3 C:\\xampp\\htdocs\\ApiGateway\\ddsbe\\vendor\\illuminate\\container\\BoundMethod.php(37): Illuminate\\Container\\BoundMethod::callBoundMethod(Object(Laravel\\Lumen\\Application), Array, Object(Closure))
#4 C:\\xampp\\htdocs\\ApiGateway\\ddsbe\\vendor\\illuminate\\container\\Container.php(610): Illuminate\\Container\\BoundMethod::call(Object(Laravel\\Lumen\\Application), Array, Array, NULL)
#5 C:\\xampp\\htdocs\\ApiGateway\\ddsbe\\vendor\\laravel\\lumen-framework\\src\\Concerns\\RoutesRequests.php(386): Illuminate\\Container\\Container->call(Array, Array)
#6 C:\\xampp\\htdocs\\ApiGateway\\ddsbe\\vendor\\laravel\\lumen-framework\\src\\Concerns\\RoutesRequests.php(352): Laravel\\Lumen\\Application->callControllerCallable(Array, Array)
#7 C:\\xampp\\htdocs\\ApiGateway\\ddsbe\\vendor\\laravel\\lumen-framework\\src\\Concerns\\RoutesRequests.php(326): Laravel\\Lumen\\Application->callLumenController(Object(App\\Http\\Controllers\\UserController), 'add', Array)
#8 C:\\xampp\\htdocs\\ApiGateway\\ddsbe\\vendor\\laravel\\lumen-framework\\src\\Concerns\\RoutesRequests.php(279): Laravel\\Lumen\\Application->callControllerAction(Array)
#9 C:\\xampp\\htdocs\\ApiGateway\\ddsbe\\vendor\\laravel\\lumen-framework\\src\\Concerns\\RoutesRequests.php(264): Laravel\\Lumen\\Application->callActionOnArrayBasedRoute(Array)
#10 C:\\xampp\\htdocs\\ApiGateway\\ddsbe\\vendor\\laravel\\lumen-framework\\src\\Concerns\\RoutesRequests.php(166): Laravel\\Lumen\\Application->handleFoundRoute(Array)
#11 C:\\xampp\\htdocs\\ApiGateway\\ddsbe\\vendor\\laravel\\lumen-framework\\src\\Concerns\\RoutesRequests.php(426): Laravel\\Lumen\\Application->Laravel\\Lumen\\Concerns\\{closure}(Object(Laravel\\Lumen\\Http\\Request))
#12 C:\\xampp\\htdocs\\ApiGateway\\ddsbe\\vendor\\laravel\\lumen-framework\\src\\Concerns\\RoutesRequests.php(172): Laravel\\Lumen\\Application->sendThroughPipeline(Array, Object(Closure))
#13 C:\\xampp\\htdocs\\ApiGateway\\ddsbe\\vendor\\laravel\\lumen-framework\\src\\Concerns\\RoutesRequests.php(109): Laravel\\Lumen\\Application->dispatch(NULL)
#14 C:\\xampp\\htdocs\\ApiGateway\\ddsbe\\public\\index.php(28): Laravel\\Lumen\\Application->run()
#15 {main}
"} 
[2020-12-07 06:15:54] local.ERROR: Class 'App\Models\UserJob' not found {"exception":"[object] (Error(code: 0): Class 'App\\Models\\UserJob' not found at C:\\xampp\\htdocs\\ApiGateway\\ddsbe\\app\\Http\\Controllers\\UserController.php:53)
[stacktrace]
#0 C:\\xampp\\htdocs\\ApiGateway\\ddsbe\\vendor\\illuminate\\container\\BoundMethod.php(36): App\\Http\\Controllers\\UserController->add(Object(Laravel\\Lumen\\Http\\Request))
#1 C:\\xampp\\htdocs\\ApiGateway\\ddsbe\\vendor\\illuminate\\container\\Util.php(40): Illuminate\\Container\\BoundMethod::Illuminate\\Container\\{closure}()
#2 C:\\xampp\\htdocs\\ApiGateway\\ddsbe\\vendor\\illuminate\\container\\BoundMethod.php(93): Illuminate\\Container\\Util::unwrapIfClosure(Object(Closure))
#3 C:\\xampp\\htdocs\\ApiGateway\\ddsbe\\vendor\\illuminate\\container\\BoundMethod.php(37): Illuminate\\Container\\BoundMethod::callBoundMethod(Object(Laravel\\Lumen\\Application), Array, Object(Closure))
#4 C:\\xampp\\htdocs\\ApiGateway\\ddsbe\\vendor\\illuminate\\container\\Container.php(610): Illuminate\\Container\\BoundMethod::call(Object(Laravel\\Lumen\\Application), Array, Array, NULL)
#5 C:\\xampp\\htdocs\\ApiGateway\\ddsbe\\vendor\\laravel\\lumen-framework\\src\\Concerns\\RoutesRequests.php(386): Illuminate\\Container\\Container->call(Array, Array)
#6 C:\\xampp\\htdocs\\ApiGateway\\ddsbe\\vendor\\laravel\\lumen-framework\\src\\Concerns\\RoutesRequests.php(352): Laravel\\Lumen\\Application->callControllerCallable(Array, Array)
#7 C:\\xampp\\htdocs\\ApiGateway\\ddsbe\\vendor\\laravel\\lumen-framework\\src\\Concerns\\RoutesRequests.php(326): Laravel\\Lumen\\Application->callLumenController(Object(App\\Http\\Controllers\\UserController), 'add', Array)
#8 C:\\xampp\\htdocs\\ApiGateway\\ddsbe\\vendor\\laravel\\lumen-framework\\src\\Concerns\\RoutesRequests.php(279): Laravel\\Lumen\\Application->callControllerAction(Array)
#9 C:\\xampp\\htdocs\\ApiGateway\\ddsbe\\vendor\\laravel\\lumen-framework\\src\\Concerns\\RoutesRequests.php(264): Laravel\\Lumen\\Application->callActionOnArrayBasedRoute(Array)
#10 C:\\xampp\\htdocs\\ApiGateway\\ddsbe\\vendor\\laravel\\lumen-framework\\src\\Concerns\\RoutesRequests.php(166): Laravel\\Lumen\\Application->handleFoundRoute(Array)
#11 C:\\xampp\\htdocs\\ApiGateway\\ddsbe\\vendor\\laravel\\lumen-framework\\src\\Concerns\\RoutesRequests.php(426): Laravel\\Lumen\\Application->Laravel\\Lumen\\Concerns\\{closure}(Object(Laravel\\Lumen\\Http\\Request))
#12 C:\\xampp\\htdocs\\ApiGateway\\ddsbe\\vendor\\laravel\\lumen-framework\\src\\Concerns\\RoutesRequests.php(172): Laravel\\Lumen\\Application->sendThroughPipeline(Array, Object(Closure))
#13 C:\\xampp\\htdocs\\ApiGateway\\ddsbe\\vendor\\laravel\\lumen-framework\\src\\Concerns\\RoutesRequests.php(109): Laravel\\Lumen\\Application->dispatch(NULL)
#14 C:\\xampp\\htdocs\\ApiGateway\\ddsbe\\public\\index.php(28): Laravel\\Lumen\\Application->run()
#15 {main}
"} 
[2020-12-07 06:20:20] local.ERROR: Argument 2 passed to Symfony\Component\HttpFoundation\JsonResponse::__construct() must be of the type int, string given, called in C:\xampp\htdocs\ApiGateway\ddsbe\vendor\illuminate\http\JsonResponse.php on line 31 {"exception":"[object] (TypeError(code: 0): Argument 2 passed to Symfony\\Component\\HttpFoundation\\JsonResponse::__construct() must be of the type int, string given, called in C:\\xampp\\htdocs\\ApiGateway\\ddsbe\\vendor\\illuminate\\http\\JsonResponse.php on line 31 at C:\\xampp\\htdocs\\ApiGateway\\ddsbe\\vendor\\symfony\\http-foundation\\JsonResponse.php:42)
[stacktrace]
#0 C:\\xampp\\htdocs\\ApiGateway\\ddsbe\\vendor\\illuminate\\http\\JsonResponse.php(31): Symfony\\Component\\HttpFoundation\\JsonResponse->__construct(Array, 'Has been update...', Array)
#1 C:\\xampp\\htdocs\\ApiGateway\\ddsbe\\vendor\\laravel\\lumen-framework\\src\\Http\\ResponseFactory.php(40): Illuminate\\Http\\JsonResponse->__construct(Array, 'Has been update...', Array, 0)
#2 C:\\xampp\\htdocs\\ApiGateway\\ddsbe\\app\\Traits\\ApiResponser.php(17): Laravel\\Lumen\\Http\\ResponseFactory->json(Array, 'Has been update...')
#3 C:\\xampp\\htdocs\\ApiGateway\\ddsbe\\app\\Http\\Controllers\\UserController.php(96): App\\Http\\Controllers\\UserController->successResponse(Object(App\\Models\\User), 'Has been update...')
#4 C:\\xampp\\htdocs\\ApiGateway\\ddsbe\\vendor\\illuminate\\container\\BoundMethod.php(36): App\\Http\\Controllers\\UserController->update(Object(Laravel\\Lumen\\Http\\Request), '14')
#5 C:\\xampp\\htdocs\\ApiGateway\\ddsbe\\vendor\\illuminate\\container\\Util.php(40): Illuminate\\Container\\BoundMethod::Illuminate\\Container\\{closure}()
#6 C:\\xampp\\htdocs\\ApiGateway\\ddsbe\\vendor\\illuminate\\container\\BoundMethod.php(93): Illuminate\\Container\\Util::unwrapIfClosure(Object(Closure))
#7 C:\\xampp\\htdocs\\ApiGateway\\ddsbe\\vendor\\illuminate\\container\\BoundMethod.php(37): Illuminate\\Container\\BoundMethod::callBoundMethod(Object(Laravel\\Lumen\\Application), Array, Object(Closure))
#8 C:\\xampp\\htdocs\\ApiGateway\\ddsbe\\vendor\\illuminate\\container\\Container.php(610): Illuminate\\Container\\BoundMethod::call(Object(Laravel\\Lumen\\Application), Array, Array, NULL)
#9 C:\\xampp\\htdocs\\ApiGateway\\ddsbe\\vendor\\laravel\\lumen-framework\\src\\Concerns\\RoutesRequests.php(386): Illuminate\\Container\\Container->call(Array, Array)
#10 C:\\xampp\\htdocs\\ApiGateway\\ddsbe\\vendor\\laravel\\lumen-framework\\src\\Concerns\\RoutesRequests.php(352): Laravel\\Lumen\\Application->callControllerCallable(Array, Array)
#11 C:\\xampp\\htdocs\\ApiGateway\\ddsbe\\vendor\\laravel\\lumen-framework\\src\\Concerns\\RoutesRequests.php(326): Laravel\\Lumen\\Application->callLumenController(Object(App\\Http\\Controllers\\UserController), 'update', Array)
#12 C:\\xampp\\htdocs\\ApiGateway\\ddsbe\\vendor\\laravel\\lumen-framework\\src\\Concerns\\RoutesRequests.php(279): Laravel\\Lumen\\Application->callControllerAction(Array)
#13 C:\\xampp\\htdocs\\ApiGateway\\ddsbe\\vendor\\laravel\\lumen-framework\\src\\Concerns\\RoutesRequests.php(264): Laravel\\Lumen\\Application->callActionOnArrayBasedRoute(Array)
#14 C:\\xampp\\htdocs\\ApiGateway\\ddsbe\\vendor\\laravel\\lumen-framework\\src\\Concerns\\RoutesRequests.php(234): Laravel\\Lumen\\Application->handleFoundRoute(Array)
#15 C:\\xampp\\htdocs\\ApiGateway\\ddsbe\\vendor\\laravel\\lumen-framework\\src\\Concerns\\RoutesRequests.php(170): Laravel\\Lumen\\Application->handleDispatcherResponse(Array)
#16 C:\\xampp\\htdocs\\ApiGateway\\ddsbe\\vendor\\laravel\\lumen-framework\\src\\Concerns\\RoutesRequests.php(426): Laravel\\Lumen\\Application->Laravel\\Lumen\\Concerns\\{closure}(Object(Laravel\\Lumen\\Http\\Request))
#17 C:\\xampp\\htdocs\\ApiGateway\\ddsbe\\vendor\\laravel\\lumen-framework\\src\\Concerns\\RoutesRequests.php(172): Laravel\\Lumen\\Application->sendThroughPipeline(Array, Object(Closure))
#18 C:\\xampp\\htdocs\\ApiGateway\\ddsbe\\vendor\\laravel\\lumen-framework\\src\\Concerns\\RoutesRequests.php(109): Laravel\\Lumen\\Application->dispatch(NULL)
#19 C:\\xampp\\htdocs\\ApiGateway\\ddsbe\\public\\index.php(28): Laravel\\Lumen\\Application->run()
#20 {main}
"} 
[2020-12-07 06:20:25] local.ERROR: Argument 2 passed to Symfony\Component\HttpFoundation\JsonResponse::__construct() must be of the type int, string given, called in C:\xampp\htdocs\ApiGateway\ddsbe\vendor\illuminate\http\JsonResponse.php on line 31 {"exception":"[object] (TypeError(code: 0): Argument 2 passed to Symfony\\Component\\HttpFoundation\\JsonResponse::__construct() must be of the type int, string given, called in C:\\xampp\\htdocs\\ApiGateway\\ddsbe\\vendor\\illuminate\\http\\JsonResponse.php on line 31 at C:\\xampp\\htdocs\\ApiGateway\\ddsbe\\vendor\\symfony\\http-foundation\\JsonResponse.php:42)
[stacktrace]
#0 C:\\xampp\\htdocs\\ApiGateway\\ddsbe\\vendor\\illuminate\\http\\JsonResponse.php(31): Symfony\\Component\\HttpFoundation\\JsonResponse->__construct(Array, 'Has been update...', Array)
#1 C:\\xampp\\htdocs\\ApiGateway\\ddsbe\\vendor\\laravel\\lumen-framework\\src\\Http\\ResponseFactory.php(40): Illuminate\\Http\\JsonResponse->__construct(Array, 'Has been update...', Array, 0)
#2 C:\\xampp\\htdocs\\ApiGateway\\ddsbe\\app\\Traits\\ApiResponser.php(17): Laravel\\Lumen\\Http\\ResponseFactory->json(Array, 'Has been update...')
#3 C:\\xampp\\htdocs\\ApiGateway\\ddsbe\\app\\Http\\Controllers\\UserController.php(96): App\\Http\\Controllers\\UserController->successResponse(Object(App\\Models\\User), 'Has been update...')
#4 C:\\xampp\\htdocs\\ApiGateway\\ddsbe\\vendor\\illuminate\\container\\BoundMethod.php(36): App\\Http\\Controllers\\UserController->update(Object(Laravel\\Lumen\\Http\\Request), '14')
#5 C:\\xampp\\htdocs\\ApiGateway\\ddsbe\\vendor\\illuminate\\container\\Util.php(40): Illuminate\\Container\\BoundMethod::Illuminate\\Container\\{closure}()
#6 C:\\xampp\\htdocs\\ApiGateway\\ddsbe\\vendor\\illuminate\\container\\BoundMethod.php(93): Illuminate\\Container\\Util::unwrapIfClosure(Object(Closure))
#7 C:\\xampp\\htdocs\\ApiGateway\\ddsbe\\vendor\\illuminate\\container\\BoundMethod.php(37): Illuminate\\Container\\BoundMethod::callBoundMethod(Object(Laravel\\Lumen\\Application), Array, Object(Closure))
#8 C:\\xampp\\htdocs\\ApiGateway\\ddsbe\\vendor\\illuminate\\container\\Container.php(610): Illuminate\\Container\\BoundMethod::call(Object(Laravel\\Lumen\\Application), Array, Array, NULL)
#9 C:\\xampp\\htdocs\\ApiGateway\\ddsbe\\vendor\\laravel\\lumen-framework\\src\\Concerns\\RoutesRequests.php(386): Illuminate\\Container\\Container->call(Array, Array)
#10 C:\\xampp\\htdocs\\ApiGateway\\ddsbe\\vendor\\laravel\\lumen-framework\\src\\Concerns\\RoutesRequests.php(352): Laravel\\Lumen\\Application->callControllerCallable(Array, Array)
#11 C:\\xampp\\htdocs\\ApiGateway\\ddsbe\\vendor\\laravel\\lumen-framework\\src\\Concerns\\RoutesRequests.php(326): Laravel\\Lumen\\Application->callLumenController(Object(App\\Http\\Controllers\\UserController), 'update', Array)
#12 C:\\xampp\\htdocs\\ApiGateway\\ddsbe\\vendor\\laravel\\lumen-framework\\src\\Concerns\\RoutesRequests.php(279): Laravel\\Lumen\\Application->callControllerAction(Array)
#13 C:\\xampp\\htdocs\\ApiGateway\\ddsbe\\vendor\\laravel\\lumen-framework\\src\\Concerns\\RoutesRequests.php(264): Laravel\\Lumen\\Application->callActionOnArrayBasedRoute(Array)
#14 C:\\xampp\\htdocs\\ApiGateway\\ddsbe\\vendor\\laravel\\lumen-framework\\src\\Concerns\\RoutesRequests.php(234): Laravel\\Lumen\\Application->handleFoundRoute(Array)
#15 C:\\xampp\\htdocs\\ApiGateway\\ddsbe\\vendor\\laravel\\lumen-framework\\src\\Concerns\\RoutesRequests.php(170): Laravel\\Lumen\\Application->handleDispatcherResponse(Array)
#16 C:\\xampp\\htdocs\\ApiGateway\\ddsbe\\vendor\\laravel\\lumen-framework\\src\\Concerns\\RoutesRequests.php(426): Laravel\\Lumen\\Application->Laravel\\Lumen\\Concerns\\{closure}(Object(Laravel\\Lumen\\Http\\Request))
#17 C:\\xampp\\htdocs\\ApiGateway\\ddsbe\\vendor\\laravel\\lumen-framework\\src\\Concerns\\RoutesRequests.php(172): Laravel\\Lumen\\Application->sendThroughPipeline(Array, Object(Closure))
#18 C:\\xampp\\htdocs\\ApiGateway\\ddsbe\\vendor\\laravel\\lumen-framework\\src\\Concerns\\RoutesRequests.php(109): Laravel\\Lumen\\Application->dispatch(NULL)
#19 C:\\xampp\\htdocs\\ApiGateway\\ddsbe\\public\\index.php(28): Laravel\\Lumen\\Application->run()
#20 {main}
"} 
[2020-12-07 06:21:09] local.ERROR: Argument 2 passed to Symfony\Component\HttpFoundation\JsonResponse::__construct() must be of the type int, string given, called in C:\xampp\htdocs\ApiGateway\ddsbe\vendor\illuminate\http\JsonResponse.php on line 31 {"exception":"[object] (TypeError(code: 0): Argument 2 passed to Symfony\\Component\\HttpFoundation\\JsonResponse::__construct() must be of the type int, string given, called in C:\\xampp\\htdocs\\ApiGateway\\ddsbe\\vendor\\illuminate\\http\\JsonResponse.php on line 31 at C:\\xampp\\htdocs\\ApiGateway\\ddsbe\\vendor\\symfony\\http-foundation\\JsonResponse.php:42)
[stacktrace]
#0 C:\\xampp\\htdocs\\ApiGateway\\ddsbe\\vendor\\illuminate\\http\\JsonResponse.php(31): Symfony\\Component\\HttpFoundation\\JsonResponse->__construct(Array, 'Has been update...', Array)
#1 C:\\xampp\\htdocs\\ApiGateway\\ddsbe\\vendor\\laravel\\lumen-framework\\src\\Http\\ResponseFactory.php(40): Illuminate\\Http\\JsonResponse->__construct(Array, 'Has been update...', Array, 0)
#2 C:\\xampp\\htdocs\\ApiGateway\\ddsbe\\app\\Traits\\ApiResponser.php(17): Laravel\\Lumen\\Http\\ResponseFactory->json(Array, 'Has been update...')
#3 C:\\xampp\\htdocs\\ApiGateway\\ddsbe\\app\\Http\\Controllers\\UserController.php(96): App\\Http\\Controllers\\UserController->successResponse(Object(App\\Models\\User), 'Has been update...')
#4 C:\\xampp\\htdocs\\ApiGateway\\ddsbe\\vendor\\illuminate\\container\\BoundMethod.php(36): App\\Http\\Controllers\\UserController->update(Object(Laravel\\Lumen\\Http\\Request), '14')
#5 C:\\xampp\\htdocs\\ApiGateway\\ddsbe\\vendor\\illuminate\\container\\Util.php(40): Illuminate\\Container\\BoundMethod::Illuminate\\Container\\{closure}()
#6 C:\\xampp\\htdocs\\ApiGateway\\ddsbe\\vendor\\illuminate\\container\\BoundMethod.php(93): Illuminate\\Container\\Util::unwrapIfClosure(Object(Closure))
#7 C:\\xampp\\htdocs\\ApiGateway\\ddsbe\\vendor\\illuminate\\container\\BoundMethod.php(37): Illuminate\\Container\\BoundMethod::callBoundMethod(Object(Laravel\\Lumen\\Application), Array, Object(Closure))
#8 C:\\xampp\\htdocs\\ApiGateway\\ddsbe\\vendor\\illuminate\\container\\Container.php(610): Illuminate\\Container\\BoundMethod::call(Object(Laravel\\Lumen\\Application), Array, Array, NULL)
#9 C:\\xampp\\htdocs\\ApiGateway\\ddsbe\\vendor\\laravel\\lumen-framework\\src\\Concerns\\RoutesRequests.php(386): Illuminate\\Container\\Container->call(Array, Array)
#10 C:\\xampp\\htdocs\\ApiGateway\\ddsbe\\vendor\\laravel\\lumen-framework\\src\\Concerns\\RoutesRequests.php(352): Laravel\\Lumen\\Application->callControllerCallable(Array, Array)
#11 C:\\xampp\\htdocs\\ApiGateway\\ddsbe\\vendor\\laravel\\lumen-framework\\src\\Concerns\\RoutesRequests.php(326): Laravel\\Lumen\\Application->callLumenController(Object(App\\Http\\Controllers\\UserController), 'update', Array)
#12 C:\\xampp\\htdocs\\ApiGateway\\ddsbe\\vendor\\laravel\\lumen-framework\\src\\Concerns\\RoutesRequests.php(279): Laravel\\Lumen\\Application->callControllerAction(Array)
#13 C:\\xampp\\htdocs\\ApiGateway\\ddsbe\\vendor\\laravel\\lumen-framework\\src\\Concerns\\RoutesRequests.php(264): Laravel\\Lumen\\Application->callActionOnArrayBasedRoute(Array)
#14 C:\\xampp\\htdocs\\ApiGateway\\ddsbe\\vendor\\laravel\\lumen-framework\\src\\Concerns\\RoutesRequests.php(234): Laravel\\Lumen\\Application->handleFoundRoute(Array)
#15 C:\\xampp\\htdocs\\ApiGateway\\ddsbe\\vendor\\laravel\\lumen-framework\\src\\Concerns\\RoutesRequests.php(170): Laravel\\Lumen\\Application->handleDispatcherResponse(Array)
#16 C:\\xampp\\htdocs\\ApiGateway\\ddsbe\\vendor\\laravel\\lumen-framework\\src\\Concerns\\RoutesRequests.php(426): Laravel\\Lumen\\Application->Laravel\\Lumen\\Concerns\\{closure}(Object(Laravel\\Lumen\\Http\\Request))
#17 C:\\xampp\\htdocs\\ApiGateway\\ddsbe\\vendor\\laravel\\lumen-framework\\src\\Concerns\\RoutesRequests.php(172): Laravel\\Lumen\\Application->sendThroughPipeline(Array, Object(Closure))
#18 C:\\xampp\\htdocs\\ApiGateway\\ddsbe\\vendor\\laravel\\lumen-framework\\src\\Concerns\\RoutesRequests.php(109): Laravel\\Lumen\\Application->dispatch(NULL)
#19 C:\\xampp\\htdocs\\ApiGateway\\ddsbe\\public\\index.php(28): Laravel\\Lumen\\Application->run()
#20 {main}
"} 
[2020-12-07 06:21:40] local.ERROR: Argument 2 passed to Symfony\Component\HttpFoundation\JsonResponse::__construct() must be of the type int, string given, called in C:\xampp\htdocs\ApiGateway\ddsbe\vendor\illuminate\http\JsonResponse.php on line 31 {"exception":"[object] (TypeError(code: 0): Argument 2 passed to Symfony\\Component\\HttpFoundation\\JsonResponse::__construct() must be of the type int, string given, called in C:\\xampp\\htdocs\\ApiGateway\\ddsbe\\vendor\\illuminate\\http\\JsonResponse.php on line 31 at C:\\xampp\\htdocs\\ApiGateway\\ddsbe\\vendor\\symfony\\http-foundation\\JsonResponse.php:42)
[stacktrace]
#0 C:\\xampp\\htdocs\\ApiGateway\\ddsbe\\vendor\\illuminate\\http\\JsonResponse.php(31): Symfony\\Component\\HttpFoundation\\JsonResponse->__construct(Array, 'Has been update...', Array)
#1 C:\\xampp\\htdocs\\ApiGateway\\ddsbe\\vendor\\laravel\\lumen-framework\\src\\Http\\ResponseFactory.php(40): Illuminate\\Http\\JsonResponse->__construct(Array, 'Has been update...', Array, 0)
#2 C:\\xampp\\htdocs\\ApiGateway\\ddsbe\\app\\Traits\\ApiResponser.php(17): Laravel\\Lumen\\Http\\ResponseFactory->json(Array, 'Has been update...')
#3 C:\\xampp\\htdocs\\ApiGateway\\ddsbe\\app\\Http\\Controllers\\UserController.php(96): App\\Http\\Controllers\\UserController->successResponse(Object(App\\Models\\User), 'Has been update...')
#4 C:\\xampp\\htdocs\\ApiGateway\\ddsbe\\vendor\\illuminate\\container\\BoundMethod.php(36): App\\Http\\Controllers\\UserController->update(Object(Laravel\\Lumen\\Http\\Request), '14')
#5 C:\\xampp\\htdocs\\ApiGateway\\ddsbe\\vendor\\illuminate\\container\\Util.php(40): Illuminate\\Container\\BoundMethod::Illuminate\\Container\\{closure}()
#6 C:\\xampp\\htdocs\\ApiGateway\\ddsbe\\vendor\\illuminate\\container\\BoundMethod.php(93): Illuminate\\Container\\Util::unwrapIfClosure(Object(Closure))
#7 C:\\xampp\\htdocs\\ApiGateway\\ddsbe\\vendor\\illuminate\\container\\BoundMethod.php(37): Illuminate\\Container\\BoundMethod::callBoundMethod(Object(Laravel\\Lumen\\Application), Array, Object(Closure))
#8 C:\\xampp\\htdocs\\ApiGateway\\ddsbe\\vendor\\illuminate\\container\\Container.php(610): Illuminate\\Container\\BoundMethod::call(Object(Laravel\\Lumen\\Application), Array, Array, NULL)
#9 C:\\xampp\\htdocs\\ApiGateway\\ddsbe\\vendor\\laravel\\lumen-framework\\src\\Concerns\\RoutesRequests.php(386): Illuminate\\Container\\Container->call(Array, Array)
#10 C:\\xampp\\htdocs\\ApiGateway\\ddsbe\\vendor\\laravel\\lumen-framework\\src\\Concerns\\RoutesRequests.php(352): Laravel\\Lumen\\Application->callControllerCallable(Array, Array)
#11 C:\\xampp\\htdocs\\ApiGateway\\ddsbe\\vendor\\laravel\\lumen-framework\\src\\Concerns\\RoutesRequests.php(326): Laravel\\Lumen\\Application->callLumenController(Object(App\\Http\\Controllers\\UserController), 'update', Array)
#12 C:\\xampp\\htdocs\\ApiGateway\\ddsbe\\vendor\\laravel\\lumen-framework\\src\\Concerns\\RoutesRequests.php(279): Laravel\\Lumen\\Application->callControllerAction(Array)
#13 C:\\xampp\\htdocs\\ApiGateway\\ddsbe\\vendor\\laravel\\lumen-framework\\src\\Concerns\\RoutesRequests.php(264): Laravel\\Lumen\\Application->callActionOnArrayBasedRoute(Array)
#14 C:\\xampp\\htdocs\\ApiGateway\\ddsbe\\vendor\\laravel\\lumen-framework\\src\\Concerns\\RoutesRequests.php(234): Laravel\\Lumen\\Application->handleFoundRoute(Array)
#15 C:\\xampp\\htdocs\\ApiGateway\\ddsbe\\vendor\\laravel\\lumen-framework\\src\\Concerns\\RoutesRequests.php(170): Laravel\\Lumen\\Application->handleDispatcherResponse(Array)
#16 C:\\xampp\\htdocs\\ApiGateway\\ddsbe\\vendor\\laravel\\lumen-framework\\src\\Concerns\\RoutesRequests.php(426): Laravel\\Lumen\\Application->Laravel\\Lumen\\Concerns\\{closure}(Object(Laravel\\Lumen\\Http\\Request))
#17 C:\\xampp\\htdocs\\ApiGateway\\ddsbe\\vendor\\laravel\\lumen-framework\\src\\Concerns\\RoutesRequests.php(172): Laravel\\Lumen\\Application->sendThroughPipeline(Array, Object(Closure))
#18 C:\\xampp\\htdocs\\ApiGateway\\ddsbe\\vendor\\laravel\\lumen-framework\\src\\Concerns\\RoutesRequests.php(109): Laravel\\Lumen\\Application->dispatch(NULL)
#19 C:\\xampp\\htdocs\\ApiGateway\\ddsbe\\public\\index.php(28): Laravel\\Lumen\\Application->run()
#20 {main}
"} 
[2020-12-07 06:22:14] local.ERROR: Argument 2 passed to Symfony\Component\HttpFoundation\JsonResponse::__construct() must be of the type int, string given, called in C:\xampp\htdocs\ApiGateway\ddsbe\vendor\illuminate\http\JsonResponse.php on line 31 {"exception":"[object] (TypeError(code: 0): Argument 2 passed to Symfony\\Component\\HttpFoundation\\JsonResponse::__construct() must be of the type int, string given, called in C:\\xampp\\htdocs\\ApiGateway\\ddsbe\\vendor\\illuminate\\http\\JsonResponse.php on line 31 at C:\\xampp\\htdocs\\ApiGateway\\ddsbe\\vendor\\symfony\\http-foundation\\JsonResponse.php:42)
[stacktrace]
#0 C:\\xampp\\htdocs\\ApiGateway\\ddsbe\\vendor\\illuminate\\http\\JsonResponse.php(31): Symfony\\Component\\HttpFoundation\\JsonResponse->__construct(Array, 'Has been update...', Array)
#1 C:\\xampp\\htdocs\\ApiGateway\\ddsbe\\vendor\\laravel\\lumen-framework\\src\\Http\\ResponseFactory.php(40): Illuminate\\Http\\JsonResponse->__construct(Array, 'Has been update...', Array, 0)
#2 C:\\xampp\\htdocs\\ApiGateway\\ddsbe\\app\\Traits\\ApiResponser.php(17): Laravel\\Lumen\\Http\\ResponseFactory->json(Array, 'Has been update...')
#3 C:\\xampp\\htdocs\\ApiGateway\\ddsbe\\app\\Http\\Controllers\\UserController.php(96): App\\Http\\Controllers\\UserController->successResponse(Object(App\\Models\\User), 'Has been update...')
#4 C:\\xampp\\htdocs\\ApiGateway\\ddsbe\\vendor\\illuminate\\container\\BoundMethod.php(36): App\\Http\\Controllers\\UserController->update(Object(Laravel\\Lumen\\Http\\Request), '13')
#5 C:\\xampp\\htdocs\\ApiGateway\\ddsbe\\vendor\\illuminate\\container\\Util.php(40): Illuminate\\Container\\BoundMethod::Illuminate\\Container\\{closure}()
#6 C:\\xampp\\htdocs\\ApiGateway\\ddsbe\\vendor\\illuminate\\container\\BoundMethod.php(93): Illuminate\\Container\\Util::unwrapIfClosure(Object(Closure))
#7 C:\\xampp\\htdocs\\ApiGateway\\ddsbe\\vendor\\illuminate\\container\\BoundMethod.php(37): Illuminate\\Container\\BoundMethod::callBoundMethod(Object(Laravel\\Lumen\\Application), Array, Object(Closure))
#8 C:\\xampp\\htdocs\\ApiGateway\\ddsbe\\vendor\\illuminate\\container\\Container.php(610): Illuminate\\Container\\BoundMethod::call(Object(Laravel\\Lumen\\Application), Array, Array, NULL)
#9 C:\\xampp\\htdocs\\ApiGateway\\ddsbe\\vendor\\laravel\\lumen-framework\\src\\Concerns\\RoutesRequests.php(386): Illuminate\\Container\\Container->call(Array, Array)
#10 C:\\xampp\\htdocs\\ApiGateway\\ddsbe\\vendor\\laravel\\lumen-framework\\src\\Concerns\\RoutesRequests.php(352): Laravel\\Lumen\\Application->callControllerCallable(Array, Array)
#11 C:\\xampp\\htdocs\\ApiGateway\\ddsbe\\vendor\\laravel\\lumen-framework\\src\\Concerns\\RoutesRequests.php(326): Laravel\\Lumen\\Application->callLumenController(Object(App\\Http\\Controllers\\UserController), 'update', Array)
#12 C:\\xampp\\htdocs\\ApiGateway\\ddsbe\\vendor\\laravel\\lumen-framework\\src\\Concerns\\RoutesRequests.php(279): Laravel\\Lumen\\Application->callControllerAction(Array)
#13 C:\\xampp\\htdocs\\ApiGateway\\ddsbe\\vendor\\laravel\\lumen-framework\\src\\Concerns\\RoutesRequests.php(264): Laravel\\Lumen\\Application->callActionOnArrayBasedRoute(Array)
#14 C:\\xampp\\htdocs\\ApiGateway\\ddsbe\\vendor\\laravel\\lumen-framework\\src\\Concerns\\RoutesRequests.php(234): Laravel\\Lumen\\Application->handleFoundRoute(Array)
#15 C:\\xampp\\htdocs\\ApiGateway\\ddsbe\\vendor\\laravel\\lumen-framework\\src\\Concerns\\RoutesRequests.php(170): Laravel\\Lumen\\Application->handleDispatcherResponse(Array)
#16 C:\\xampp\\htdocs\\ApiGateway\\ddsbe\\vendor\\laravel\\lumen-framework\\src\\Concerns\\RoutesRequests.php(426): Laravel\\Lumen\\Application->Laravel\\Lumen\\Concerns\\{closure}(Object(Laravel\\Lumen\\Http\\Request))
#17 C:\\xampp\\htdocs\\ApiGateway\\ddsbe\\vendor\\laravel\\lumen-framework\\src\\Concerns\\RoutesRequests.php(172): Laravel\\Lumen\\Application->sendThroughPipeline(Array, Object(Closure))
#18 C:\\xampp\\htdocs\\ApiGateway\\ddsbe\\vendor\\laravel\\lumen-framework\\src\\Concerns\\RoutesRequests.php(109): Laravel\\Lumen\\Application->dispatch(NULL)
#19 C:\\xampp\\htdocs\\ApiGateway\\ddsbe\\public\\index.php(28): Laravel\\Lumen\\Application->run()
#20 {main}
"} 
