[2020-12-08 14:01:58] local.ERROR: SQLSTATE[HY000]: General error: 1364 Field 'jobid' doesn't have a default value (SQL: insert into `users` (`username`, `password`) values (reyniel, yoww)) {"exception":"[object] (Illuminate\\Database\\QueryException(code: HY000): SQLSTATE[HY000]: General error: 1364 Field 'jobid' doesn't have a default value (SQL: insert into `users` (`username`, `password`) values (reyniel, yoww)) at C:\\xampp\\htdocs\\ApiGateway\\ddsbe2\\vendor\\illuminate\\database\\Connection.php:678)
[stacktrace]
#0 C:\\xampp\\htdocs\\ApiGateway\\ddsbe2\\vendor\\illuminate\\database\\Connection.php(638): Illuminate\\Database\\Connection->runQueryCallback('insert into `us...', Array, Object(Closure))
#1 C:\\xampp\\htdocs\\ApiGateway\\ddsbe2\\vendor\\illuminate\\database\\Connection.php(472): Illuminate\\Database\\Connection->run('insert into `us...', Array, Object(Closure))
#2 C:\\xampp\\htdocs\\ApiGateway\\ddsbe2\\vendor\\illuminate\\database\\Connection.php(424): Illuminate\\Database\\Connection->statement('insert into `us...', Array)
#3 C:\\xampp\\htdocs\\ApiGateway\\ddsbe2\\vendor\\illuminate\\database\\Query\\Processors\\Processor.php(32): Illuminate\\Database\\Connection->insert('insert into `us...', Array)
#4 C:\\xampp\\htdocs\\ApiGateway\\ddsbe2\\vendor\\illuminate\\database\\Query\\Builder.php(2872): Illuminate\\Database\\Query\\Processors\\Processor->processInsertGetId(Object(Illuminate\\Database\\Query\\Builder), 'insert into `us...', Array, 'id')
#5 C:\\xampp\\htdocs\\ApiGateway\\ddsbe2\\vendor\\illuminate\\database\\Eloquent\\Builder.php(1508): Illuminate\\Database\\Query\\Builder->insertGetId(Array, 'id')
#6 C:\\xampp\\htdocs\\ApiGateway\\ddsbe2\\vendor\\illuminate\\database\\Eloquent\\Model.php(1051): Illuminate\\Database\\Eloquent\\Builder->__call('insertGetId', Array)
#7 C:\\xampp\\htdocs\\ApiGateway\\ddsbe2\\vendor\\illuminate\\database\\Eloquent\\Model.php(1016): Illuminate\\Database\\Eloquent\\Model->insertAndSetId(Object(Illuminate\\Database\\Eloquent\\Builder), Array)
#8 C:\\xampp\\htdocs\\ApiGateway\\ddsbe2\\vendor\\illuminate\\database\\Eloquent\\Model.php(857): Illuminate\\Database\\Eloquent\\Model->performInsert(Object(Illuminate\\Database\\Eloquent\\Builder))
#9 C:\\xampp\\htdocs\\ApiGateway\\ddsbe2\\vendor\\illuminate\\database\\Eloquent\\Builder.php(777): Illuminate\\Database\\Eloquent\\Model->save()
#10 C:\\xampp\\htdocs\\ApiGateway\\ddsbe2\\vendor\\illuminate\\support\\helpers.php(263): Illuminate\\Database\\Eloquent\\Builder->Illuminate\\Database\\Eloquent\\{closure}(Object(App\\Models\\User))
#11 C:\\xampp\\htdocs\\ApiGateway\\ddsbe2\\vendor\\illuminate\\database\\Eloquent\\Builder.php(778): tap(Object(App\\Models\\User), Object(Closure))
#12 C:\\xampp\\htdocs\\ApiGateway\\ddsbe2\\vendor\\illuminate\\support\\Traits\\ForwardsCalls.php(23): Illuminate\\Database\\Eloquent\\Builder->create(Array)
#13 C:\\xampp\\htdocs\\ApiGateway\\ddsbe2\\vendor\\illuminate\\database\\Eloquent\\Model.php(1885): Illuminate\\Database\\Eloquent\\Model->forwardCallTo(Object(Illuminate\\Database\\Eloquent\\Builder), 'create', Array)
#14 C:\\xampp\\htdocs\\ApiGateway\\ddsbe2\\vendor\\illuminate\\database\\Eloquent\\Model.php(1897): Illuminate\\Database\\Eloquent\\Model->__call('create', Array)
#15 C:\\xampp\\htdocs\\ApiGateway\\ddsbe2\\app\\Http\\Controllers\\UserController.php(52): Illuminate\\Database\\Eloquent\\Model::__callStatic('create', Array)
#16 C:\\xampp\\htdocs\\ApiGateway\\ddsbe2\\vendor\\illuminate\\container\\BoundMethod.php(36): App\\Http\\Controllers\\UserController->add(Object(Laravel\\Lumen\\Http\\Request))
#17 C:\\xampp\\htdocs\\ApiGateway\\ddsbe2\\vendor\\illuminate\\container\\Util.php(40): Illuminate\\Container\\BoundMethod::Illuminate\\Container\\{closure}()
#18 C:\\xampp\\htdocs\\ApiGateway\\ddsbe2\\vendor\\illuminate\\container\\BoundMethod.php(93): Illuminate\\Container\\Util::unwrapIfClosure(Object(Closure))
#19 C:\\xampp\\htdocs\\ApiGateway\\ddsbe2\\vendor\\illuminate\\container\\BoundMethod.php(37): Illuminate\\Container\\BoundMethod::callBoundMethod(Object(Laravel\\Lumen\\Application), Array, Object(Closure))
#20 C:\\xampp\\htdocs\\ApiGateway\\ddsbe2\\vendor\\illuminate\\container\\Container.php(610): Illuminate\\Container\\BoundMethod::call(Object(Laravel\\Lumen\\Application), Array, Array, NULL)
#21 C:\\xampp\\htdocs\\ApiGateway\\ddsbe2\\vendor\\laravel\\lumen-framework\\src\\Concerns\\RoutesRequests.php(386): Illuminate\\Container\\Container->call(Array, Array)
#22 C:\\xampp\\htdocs\\ApiGateway\\ddsbe2\\vendor\\laravel\\lumen-framework\\src\\Concerns\\RoutesRequests.php(352): Laravel\\Lumen\\Application->callControllerCallable(Array, Array)
#23 C:\\xampp\\htdocs\\ApiGateway\\ddsbe2\\vendor\\laravel\\lumen-framework\\src\\Concerns\\RoutesRequests.php(326): Laravel\\Lumen\\Application->callLumenController(Object(App\\Http\\Controllers\\UserController), 'add', Array)
#24 C:\\xampp\\htdocs\\ApiGateway\\ddsbe2\\vendor\\laravel\\lumen-framework\\src\\Concerns\\RoutesRequests.php(279): Laravel\\Lumen\\Application->callControllerAction(Array)
#25 C:\\xampp\\htdocs\\ApiGateway\\ddsbe2\\vendor\\laravel\\lumen-framework\\src\\Concerns\\RoutesRequests.php(264): Laravel\\Lumen\\Application->callActionOnArrayBasedRoute(Array)
#26 C:\\xampp\\htdocs\\ApiGateway\\ddsbe2\\vendor\\laravel\\lumen-framework\\src\\Concerns\\RoutesRequests.php(166): Laravel\\Lumen\\Application->handleFoundRoute(Array)
#27 C:\\xampp\\htdocs\\ApiGateway\\ddsbe2\\vendor\\laravel\\lumen-framework\\src\\Concerns\\RoutesRequests.php(426): Laravel\\Lumen\\Application->Laravel\\Lumen\\Concerns\\{closure}(Object(Laravel\\Lumen\\Http\\Request))
#28 C:\\xampp\\htdocs\\ApiGateway\\ddsbe2\\vendor\\laravel\\lumen-framework\\src\\Concerns\\RoutesRequests.php(172): Laravel\\Lumen\\Application->sendThroughPipeline(Array, Object(Closure))
#29 C:\\xampp\\htdocs\\ApiGateway\\ddsbe2\\vendor\\laravel\\lumen-framework\\src\\Concerns\\RoutesRequests.php(109): Laravel\\Lumen\\Application->dispatch(NULL)
#30 C:\\xampp\\htdocs\\ApiGateway\\ddsbe2\\public\\index.php(28): Laravel\\Lumen\\Application->run()
#31 {main}

[previous exception] [object] (PDOException(code: HY000): SQLSTATE[HY000]: General error: 1364 Field 'jobid' doesn't have a default value at C:\\xampp\\htdocs\\ApiGateway\\ddsbe2\\vendor\\illuminate\\database\\Connection.php:471)
[stacktrace]
#0 C:\\xampp\\htdocs\\ApiGateway\\ddsbe2\\vendor\\illuminate\\database\\Connection.php(471): PDOStatement->execute()
#1 C:\\xampp\\htdocs\\ApiGateway\\ddsbe2\\vendor\\illuminate\\database\\Connection.php(671): Illuminate\\Database\\Connection->Illuminate\\Database\\{closure}('insert into `us...', Array)
#2 C:\\xampp\\htdocs\\ApiGateway\\ddsbe2\\vendor\\illuminate\\database\\Connection.php(638): Illuminate\\Database\\Connection->runQueryCallback('insert into `us...', Array, Object(Closure))
#3 C:\\xampp\\htdocs\\ApiGateway\\ddsbe2\\vendor\\illuminate\\database\\Connection.php(472): Illuminate\\Database\\Connection->run('insert into `us...', Array, Object(Closure))
#4 C:\\xampp\\htdocs\\ApiGateway\\ddsbe2\\vendor\\illuminate\\database\\Connection.php(424): Illuminate\\Database\\Connection->statement('insert into `us...', Array)
#5 C:\\xampp\\htdocs\\ApiGateway\\ddsbe2\\vendor\\illuminate\\database\\Query\\Processors\\Processor.php(32): Illuminate\\Database\\Connection->insert('insert into `us...', Array)
#6 C:\\xampp\\htdocs\\ApiGateway\\ddsbe2\\vendor\\illuminate\\database\\Query\\Builder.php(2872): Illuminate\\Database\\Query\\Processors\\Processor->processInsertGetId(Object(Illuminate\\Database\\Query\\Builder), 'insert into `us...', Array, 'id')
#7 C:\\xampp\\htdocs\\ApiGateway\\ddsbe2\\vendor\\illuminate\\database\\Eloquent\\Builder.php(1508): Illuminate\\Database\\Query\\Builder->insertGetId(Array, 'id')
#8 C:\\xampp\\htdocs\\ApiGateway\\ddsbe2\\vendor\\illuminate\\database\\Eloquent\\Model.php(1051): Illuminate\\Database\\Eloquent\\Builder->__call('insertGetId', Array)
#9 C:\\xampp\\htdocs\\ApiGateway\\ddsbe2\\vendor\\illuminate\\database\\Eloquent\\Model.php(1016): Illuminate\\Database\\Eloquent\\Model->insertAndSetId(Object(Illuminate\\Database\\Eloquent\\Builder), Array)
#10 C:\\xampp\\htdocs\\ApiGateway\\ddsbe2\\vendor\\illuminate\\database\\Eloquent\\Model.php(857): Illuminate\\Database\\Eloquent\\Model->performInsert(Object(Illuminate\\Database\\Eloquent\\Builder))
#11 C:\\xampp\\htdocs\\ApiGateway\\ddsbe2\\vendor\\illuminate\\database\\Eloquent\\Builder.php(777): Illuminate\\Database\\Eloquent\\Model->save()
#12 C:\\xampp\\htdocs\\ApiGateway\\ddsbe2\\vendor\\illuminate\\support\\helpers.php(263): Illuminate\\Database\\Eloquent\\Builder->Illuminate\\Database\\Eloquent\\{closure}(Object(App\\Models\\User))
#13 C:\\xampp\\htdocs\\ApiGateway\\ddsbe2\\vendor\\illuminate\\database\\Eloquent\\Builder.php(778): tap(Object(App\\Models\\User), Object(Closure))
#14 C:\\xampp\\htdocs\\ApiGateway\\ddsbe2\\vendor\\illuminate\\support\\Traits\\ForwardsCalls.php(23): Illuminate\\Database\\Eloquent\\Builder->create(Array)
#15 C:\\xampp\\htdocs\\ApiGateway\\ddsbe2\\vendor\\illuminate\\database\\Eloquent\\Model.php(1885): Illuminate\\Database\\Eloquent\\Model->forwardCallTo(Object(Illuminate\\Database\\Eloquent\\Builder), 'create', Array)
#16 C:\\xampp\\htdocs\\ApiGateway\\ddsbe2\\vendor\\illuminate\\database\\Eloquent\\Model.php(1897): Illuminate\\Database\\Eloquent\\Model->__call('create', Array)
#17 C:\\xampp\\htdocs\\ApiGateway\\ddsbe2\\app\\Http\\Controllers\\UserController.php(52): Illuminate\\Database\\Eloquent\\Model::__callStatic('create', Array)
#18 C:\\xampp\\htdocs\\ApiGateway\\ddsbe2\\vendor\\illuminate\\container\\BoundMethod.php(36): App\\Http\\Controllers\\UserController->add(Object(Laravel\\Lumen\\Http\\Request))
#19 C:\\xampp\\htdocs\\ApiGateway\\ddsbe2\\vendor\\illuminate\\container\\Util.php(40): Illuminate\\Container\\BoundMethod::Illuminate\\Container\\{closure}()
#20 C:\\xampp\\htdocs\\ApiGateway\\ddsbe2\\vendor\\illuminate\\container\\BoundMethod.php(93): Illuminate\\Container\\Util::unwrapIfClosure(Object(Closure))
#21 C:\\xampp\\htdocs\\ApiGateway\\ddsbe2\\vendor\\illuminate\\container\\BoundMethod.php(37): Illuminate\\Container\\BoundMethod::callBoundMethod(Object(Laravel\\Lumen\\Application), Array, Object(Closure))
#22 C:\\xampp\\htdocs\\ApiGateway\\ddsbe2\\vendor\\illuminate\\container\\Container.php(610): Illuminate\\Container\\BoundMethod::call(Object(Laravel\\Lumen\\Application), Array, Array, NULL)
#23 C:\\xampp\\htdocs\\ApiGateway\\ddsbe2\\vendor\\laravel\\lumen-framework\\src\\Concerns\\RoutesRequests.php(386): Illuminate\\Container\\Container->call(Array, Array)
#24 C:\\xampp\\htdocs\\ApiGateway\\ddsbe2\\vendor\\laravel\\lumen-framework\\src\\Concerns\\RoutesRequests.php(352): Laravel\\Lumen\\Application->callControllerCallable(Array, Array)
#25 C:\\xampp\\htdocs\\ApiGateway\\ddsbe2\\vendor\\laravel\\lumen-framework\\src\\Concerns\\RoutesRequests.php(326): Laravel\\Lumen\\Application->callLumenController(Object(App\\Http\\Controllers\\UserController), 'add', Array)
#26 C:\\xampp\\htdocs\\ApiGateway\\ddsbe2\\vendor\\laravel\\lumen-framework\\src\\Concerns\\RoutesRequests.php(279): Laravel\\Lumen\\Application->callControllerAction(Array)
#27 C:\\xampp\\htdocs\\ApiGateway\\ddsbe2\\vendor\\laravel\\lumen-framework\\src\\Concerns\\RoutesRequests.php(264): Laravel\\Lumen\\Application->callActionOnArrayBasedRoute(Array)
#28 C:\\xampp\\htdocs\\ApiGateway\\ddsbe2\\vendor\\laravel\\lumen-framework\\src\\Concerns\\RoutesRequests.php(166): Laravel\\Lumen\\Application->handleFoundRoute(Array)
#29 C:\\xampp\\htdocs\\ApiGateway\\ddsbe2\\vendor\\laravel\\lumen-framework\\src\\Concerns\\RoutesRequests.php(426): Laravel\\Lumen\\Application->Laravel\\Lumen\\Concerns\\{closure}(Object(Laravel\\Lumen\\Http\\Request))
#30 C:\\xampp\\htdocs\\ApiGateway\\ddsbe2\\vendor\\laravel\\lumen-framework\\src\\Concerns\\RoutesRequests.php(172): Laravel\\Lumen\\Application->sendThroughPipeline(Array, Object(Closure))
#31 C:\\xampp\\htdocs\\ApiGateway\\ddsbe2\\vendor\\laravel\\lumen-framework\\src\\Concerns\\RoutesRequests.php(109): Laravel\\Lumen\\Application->dispatch(NULL)
#32 C:\\xampp\\htdocs\\ApiGateway\\ddsbe2\\public\\index.php(28): Laravel\\Lumen\\Application->run()
#33 {main}
"} 
[2020-12-08 14:03:23] local.ERROR: SQLSTATE[HY000]: General error: 1364 Field 'jobid' doesn't have a default value (SQL: insert into `users` (`username`, `password`) values (reyniel, yoww)) {"exception":"[object] (Illuminate\\Database\\QueryException(code: HY000): SQLSTATE[HY000]: General error: 1364 Field 'jobid' doesn't have a default value (SQL: insert into `users` (`username`, `password`) values (reyniel, yoww)) at C:\\xampp\\htdocs\\ApiGateway\\ddsbe2\\vendor\\illuminate\\database\\Connection.php:678)
[stacktrace]
#0 C:\\xampp\\htdocs\\ApiGateway\\ddsbe2\\vendor\\illuminate\\database\\Connection.php(638): Illuminate\\Database\\Connection->runQueryCallback('insert into `us...', Array, Object(Closure))
#1 C:\\xampp\\htdocs\\ApiGateway\\ddsbe2\\vendor\\illuminate\\database\\Connection.php(472): Illuminate\\Database\\Connection->run('insert into `us...', Array, Object(Closure))
#2 C:\\xampp\\htdocs\\ApiGateway\\ddsbe2\\vendor\\illuminate\\database\\Connection.php(424): Illuminate\\Database\\Connection->statement('insert into `us...', Array)
#3 C:\\xampp\\htdocs\\ApiGateway\\ddsbe2\\vendor\\illuminate\\database\\Query\\Processors\\Processor.php(32): Illuminate\\Database\\Connection->insert('insert into `us...', Array)
#4 C:\\xampp\\htdocs\\ApiGateway\\ddsbe2\\vendor\\illuminate\\database\\Query\\Builder.php(2872): Illuminate\\Database\\Query\\Processors\\Processor->processInsertGetId(Object(Illuminate\\Database\\Query\\Builder), 'insert into `us...', Array, 'id')
#5 C:\\xampp\\htdocs\\ApiGateway\\ddsbe2\\vendor\\illuminate\\database\\Eloquent\\Builder.php(1508): Illuminate\\Database\\Query\\Builder->insertGetId(Array, 'id')
#6 C:\\xampp\\htdocs\\ApiGateway\\ddsbe2\\vendor\\illuminate\\database\\Eloquent\\Model.php(1051): Illuminate\\Database\\Eloquent\\Builder->__call('insertGetId', Array)
#7 C:\\xampp\\htdocs\\ApiGateway\\ddsbe2\\vendor\\illuminate\\database\\Eloquent\\Model.php(1016): Illuminate\\Database\\Eloquent\\Model->insertAndSetId(Object(Illuminate\\Database\\Eloquent\\Builder), Array)
#8 C:\\xampp\\htdocs\\ApiGateway\\ddsbe2\\vendor\\illuminate\\database\\Eloquent\\Model.php(857): Illuminate\\Database\\Eloquent\\Model->performInsert(Object(Illuminate\\Database\\Eloquent\\Builder))
#9 C:\\xampp\\htdocs\\ApiGateway\\ddsbe2\\vendor\\illuminate\\database\\Eloquent\\Builder.php(777): Illuminate\\Database\\Eloquent\\Model->save()
#10 C:\\xampp\\htdocs\\ApiGateway\\ddsbe2\\vendor\\illuminate\\support\\helpers.php(263): Illuminate\\Database\\Eloquent\\Builder->Illuminate\\Database\\Eloquent\\{closure}(Object(App\\Models\\User))
#11 C:\\xampp\\htdocs\\ApiGateway\\ddsbe2\\vendor\\illuminate\\database\\Eloquent\\Builder.php(778): tap(Object(App\\Models\\User), Object(Closure))
#12 C:\\xampp\\htdocs\\ApiGateway\\ddsbe2\\vendor\\illuminate\\support\\Traits\\ForwardsCalls.php(23): Illuminate\\Database\\Eloquent\\Builder->create(Array)
#13 C:\\xampp\\htdocs\\ApiGateway\\ddsbe2\\vendor\\illuminate\\database\\Eloquent\\Model.php(1885): Illuminate\\Database\\Eloquent\\Model->forwardCallTo(Object(Illuminate\\Database\\Eloquent\\Builder), 'create', Array)
#14 C:\\xampp\\htdocs\\ApiGateway\\ddsbe2\\vendor\\illuminate\\database\\Eloquent\\Model.php(1897): Illuminate\\Database\\Eloquent\\Model->__call('create', Array)
#15 C:\\xampp\\htdocs\\ApiGateway\\ddsbe2\\app\\Http\\Controllers\\UserController.php(52): Illuminate\\Database\\Eloquent\\Model::__callStatic('create', Array)
#16 C:\\xampp\\htdocs\\ApiGateway\\ddsbe2\\vendor\\illuminate\\container\\BoundMethod.php(36): App\\Http\\Controllers\\UserController->add(Object(Laravel\\Lumen\\Http\\Request))
#17 C:\\xampp\\htdocs\\ApiGateway\\ddsbe2\\vendor\\illuminate\\container\\Util.php(40): Illuminate\\Container\\BoundMethod::Illuminate\\Container\\{closure}()
#18 C:\\xampp\\htdocs\\ApiGateway\\ddsbe2\\vendor\\illuminate\\container\\BoundMethod.php(93): Illuminate\\Container\\Util::unwrapIfClosure(Object(Closure))
#19 C:\\xampp\\htdocs\\ApiGateway\\ddsbe2\\vendor\\illuminate\\container\\BoundMethod.php(37): Illuminate\\Container\\BoundMethod::callBoundMethod(Object(Laravel\\Lumen\\Application), Array, Object(Closure))
#20 C:\\xampp\\htdocs\\ApiGateway\\ddsbe2\\vendor\\illuminate\\container\\Container.php(610): Illuminate\\Container\\BoundMethod::call(Object(Laravel\\Lumen\\Application), Array, Array, NULL)
#21 C:\\xampp\\htdocs\\ApiGateway\\ddsbe2\\vendor\\laravel\\lumen-framework\\src\\Concerns\\RoutesRequests.php(386): Illuminate\\Container\\Container->call(Array, Array)
#22 C:\\xampp\\htdocs\\ApiGateway\\ddsbe2\\vendor\\laravel\\lumen-framework\\src\\Concerns\\RoutesRequests.php(352): Laravel\\Lumen\\Application->callControllerCallable(Array, Array)
#23 C:\\xampp\\htdocs\\ApiGateway\\ddsbe2\\vendor\\laravel\\lumen-framework\\src\\Concerns\\RoutesRequests.php(326): Laravel\\Lumen\\Application->callLumenController(Object(App\\Http\\Controllers\\UserController), 'add', Array)
#24 C:\\xampp\\htdocs\\ApiGateway\\ddsbe2\\vendor\\laravel\\lumen-framework\\src\\Concerns\\RoutesRequests.php(279): Laravel\\Lumen\\Application->callControllerAction(Array)
#25 C:\\xampp\\htdocs\\ApiGateway\\ddsbe2\\vendor\\laravel\\lumen-framework\\src\\Concerns\\RoutesRequests.php(264): Laravel\\Lumen\\Application->callActionOnArrayBasedRoute(Array)
#26 C:\\xampp\\htdocs\\ApiGateway\\ddsbe2\\vendor\\laravel\\lumen-framework\\src\\Concerns\\RoutesRequests.php(166): Laravel\\Lumen\\Application->handleFoundRoute(Array)
#27 C:\\xampp\\htdocs\\ApiGateway\\ddsbe2\\vendor\\laravel\\lumen-framework\\src\\Concerns\\RoutesRequests.php(426): Laravel\\Lumen\\Application->Laravel\\Lumen\\Concerns\\{closure}(Object(Laravel\\Lumen\\Http\\Request))
#28 C:\\xampp\\htdocs\\ApiGateway\\ddsbe2\\vendor\\laravel\\lumen-framework\\src\\Concerns\\RoutesRequests.php(172): Laravel\\Lumen\\Application->sendThroughPipeline(Array, Object(Closure))
#29 C:\\xampp\\htdocs\\ApiGateway\\ddsbe2\\vendor\\laravel\\lumen-framework\\src\\Concerns\\RoutesRequests.php(109): Laravel\\Lumen\\Application->dispatch(NULL)
#30 C:\\xampp\\htdocs\\ApiGateway\\ddsbe2\\public\\index.php(28): Laravel\\Lumen\\Application->run()
#31 {main}

[previous exception] [object] (PDOException(code: HY000): SQLSTATE[HY000]: General error: 1364 Field 'jobid' doesn't have a default value at C:\\xampp\\htdocs\\ApiGateway\\ddsbe2\\vendor\\illuminate\\database\\Connection.php:471)
[stacktrace]
#0 C:\\xampp\\htdocs\\ApiGateway\\ddsbe2\\vendor\\illuminate\\database\\Connection.php(471): PDOStatement->execute()
#1 C:\\xampp\\htdocs\\ApiGateway\\ddsbe2\\vendor\\illuminate\\database\\Connection.php(671): Illuminate\\Database\\Connection->Illuminate\\Database\\{closure}('insert into `us...', Array)
#2 C:\\xampp\\htdocs\\ApiGateway\\ddsbe2\\vendor\\illuminate\\database\\Connection.php(638): Illuminate\\Database\\Connection->runQueryCallback('insert into `us...', Array, Object(Closure))
#3 C:\\xampp\\htdocs\\ApiGateway\\ddsbe2\\vendor\\illuminate\\database\\Connection.php(472): Illuminate\\Database\\Connection->run('insert into `us...', Array, Object(Closure))
#4 C:\\xampp\\htdocs\\ApiGateway\\ddsbe2\\vendor\\illuminate\\database\\Connection.php(424): Illuminate\\Database\\Connection->statement('insert into `us...', Array)
#5 C:\\xampp\\htdocs\\ApiGateway\\ddsbe2\\vendor\\illuminate\\database\\Query\\Processors\\Processor.php(32): Illuminate\\Database\\Connection->insert('insert into `us...', Array)
#6 C:\\xampp\\htdocs\\ApiGateway\\ddsbe2\\vendor\\illuminate\\database\\Query\\Builder.php(2872): Illuminate\\Database\\Query\\Processors\\Processor->processInsertGetId(Object(Illuminate\\Database\\Query\\Builder), 'insert into `us...', Array, 'id')
#7 C:\\xampp\\htdocs\\ApiGateway\\ddsbe2\\vendor\\illuminate\\database\\Eloquent\\Builder.php(1508): Illuminate\\Database\\Query\\Builder->insertGetId(Array, 'id')
#8 C:\\xampp\\htdocs\\ApiGateway\\ddsbe2\\vendor\\illuminate\\database\\Eloquent\\Model.php(1051): Illuminate\\Database\\Eloquent\\Builder->__call('insertGetId', Array)
#9 C:\\xampp\\htdocs\\ApiGateway\\ddsbe2\\vendor\\illuminate\\database\\Eloquent\\Model.php(1016): Illuminate\\Database\\Eloquent\\Model->insertAndSetId(Object(Illuminate\\Database\\Eloquent\\Builder), Array)
#10 C:\\xampp\\htdocs\\ApiGateway\\ddsbe2\\vendor\\illuminate\\database\\Eloquent\\Model.php(857): Illuminate\\Database\\Eloquent\\Model->performInsert(Object(Illuminate\\Database\\Eloquent\\Builder))
#11 C:\\xampp\\htdocs\\ApiGateway\\ddsbe2\\vendor\\illuminate\\database\\Eloquent\\Builder.php(777): Illuminate\\Database\\Eloquent\\Model->save()
#12 C:\\xampp\\htdocs\\ApiGateway\\ddsbe2\\vendor\\illuminate\\support\\helpers.php(263): Illuminate\\Database\\Eloquent\\Builder->Illuminate\\Database\\Eloquent\\{closure}(Object(App\\Models\\User))
#13 C:\\xampp\\htdocs\\ApiGateway\\ddsbe2\\vendor\\illuminate\\database\\Eloquent\\Builder.php(778): tap(Object(App\\Models\\User), Object(Closure))
#14 C:\\xampp\\htdocs\\ApiGateway\\ddsbe2\\vendor\\illuminate\\support\\Traits\\ForwardsCalls.php(23): Illuminate\\Database\\Eloquent\\Builder->create(Array)
#15 C:\\xampp\\htdocs\\ApiGateway\\ddsbe2\\vendor\\illuminate\\database\\Eloquent\\Model.php(1885): Illuminate\\Database\\Eloquent\\Model->forwardCallTo(Object(Illuminate\\Database\\Eloquent\\Builder), 'create', Array)
#16 C:\\xampp\\htdocs\\ApiGateway\\ddsbe2\\vendor\\illuminate\\database\\Eloquent\\Model.php(1897): Illuminate\\Database\\Eloquent\\Model->__call('create', Array)
#17 C:\\xampp\\htdocs\\ApiGateway\\ddsbe2\\app\\Http\\Controllers\\UserController.php(52): Illuminate\\Database\\Eloquent\\Model::__callStatic('create', Array)
#18 C:\\xampp\\htdocs\\ApiGateway\\ddsbe2\\vendor\\illuminate\\container\\BoundMethod.php(36): App\\Http\\Controllers\\UserController->add(Object(Laravel\\Lumen\\Http\\Request))
#19 C:\\xampp\\htdocs\\ApiGateway\\ddsbe2\\vendor\\illuminate\\container\\Util.php(40): Illuminate\\Container\\BoundMethod::Illuminate\\Container\\{closure}()
#20 C:\\xampp\\htdocs\\ApiGateway\\ddsbe2\\vendor\\illuminate\\container\\BoundMethod.php(93): Illuminate\\Container\\Util::unwrapIfClosure(Object(Closure))
#21 C:\\xampp\\htdocs\\ApiGateway\\ddsbe2\\vendor\\illuminate\\container\\BoundMethod.php(37): Illuminate\\Container\\BoundMethod::callBoundMethod(Object(Laravel\\Lumen\\Application), Array, Object(Closure))
#22 C:\\xampp\\htdocs\\ApiGateway\\ddsbe2\\vendor\\illuminate\\container\\Container.php(610): Illuminate\\Container\\BoundMethod::call(Object(Laravel\\Lumen\\Application), Array, Array, NULL)
#23 C:\\xampp\\htdocs\\ApiGateway\\ddsbe2\\vendor\\laravel\\lumen-framework\\src\\Concerns\\RoutesRequests.php(386): Illuminate\\Container\\Container->call(Array, Array)
#24 C:\\xampp\\htdocs\\ApiGateway\\ddsbe2\\vendor\\laravel\\lumen-framework\\src\\Concerns\\RoutesRequests.php(352): Laravel\\Lumen\\Application->callControllerCallable(Array, Array)
#25 C:\\xampp\\htdocs\\ApiGateway\\ddsbe2\\vendor\\laravel\\lumen-framework\\src\\Concerns\\RoutesRequests.php(326): Laravel\\Lumen\\Application->callLumenController(Object(App\\Http\\Controllers\\UserController), 'add', Array)
#26 C:\\xampp\\htdocs\\ApiGateway\\ddsbe2\\vendor\\laravel\\lumen-framework\\src\\Concerns\\RoutesRequests.php(279): Laravel\\Lumen\\Application->callControllerAction(Array)
#27 C:\\xampp\\htdocs\\ApiGateway\\ddsbe2\\vendor\\laravel\\lumen-framework\\src\\Concerns\\RoutesRequests.php(264): Laravel\\Lumen\\Application->callActionOnArrayBasedRoute(Array)
#28 C:\\xampp\\htdocs\\ApiGateway\\ddsbe2\\vendor\\laravel\\lumen-framework\\src\\Concerns\\RoutesRequests.php(166): Laravel\\Lumen\\Application->handleFoundRoute(Array)
#29 C:\\xampp\\htdocs\\ApiGateway\\ddsbe2\\vendor\\laravel\\lumen-framework\\src\\Concerns\\RoutesRequests.php(426): Laravel\\Lumen\\Application->Laravel\\Lumen\\Concerns\\{closure}(Object(Laravel\\Lumen\\Http\\Request))
#30 C:\\xampp\\htdocs\\ApiGateway\\ddsbe2\\vendor\\laravel\\lumen-framework\\src\\Concerns\\RoutesRequests.php(172): Laravel\\Lumen\\Application->sendThroughPipeline(Array, Object(Closure))
#31 C:\\xampp\\htdocs\\ApiGateway\\ddsbe2\\vendor\\laravel\\lumen-framework\\src\\Concerns\\RoutesRequests.php(109): Laravel\\Lumen\\Application->dispatch(NULL)
#32 C:\\xampp\\htdocs\\ApiGateway\\ddsbe2\\public\\index.php(28): Laravel\\Lumen\\Application->run()
#33 {main}
"} 
