[2020-12-13 13:08:05] local.ERROR: Choice question must have at least 1 choice available. {"exception":"[object] (LogicException(code: 0): Choice question must have at least 1 choice available. at C:\\xampp\\htdocs\\ApiGateway\\gateway\\vendor\\symfony\\console\\Question\\ChoiceQuestion.php:36)
[stacktrace]
#0 C:\\xampp\\htdocs\\ApiGateway\\gateway\\vendor\\illuminate\\console\\Concerns\\InteractsWithIO.php(207): Symfony\\Component\\Console\\Question\\ChoiceQuestion->__construct('Which user prov...', Array, NULL)
#1 C:\\xampp\\htdocs\\ApiGateway\\gateway\\vendor\\laravel\\passport\\src\\Console\\ClientCommand.php(93): Illuminate\\Console\\Command->choice('Which user prov...', Array, NULL)
#2 C:\\xampp\\htdocs\\ApiGateway\\gateway\\vendor\\laravel\\passport\\src\\Console\\ClientCommand.php(45): Laravel\\Passport\\Console\\ClientCommand->createPasswordClient(Object(Laravel\\Passport\\ClientRepository))
#3 C:\\xampp\\htdocs\\ApiGateway\\gateway\\vendor\\illuminate\\container\\BoundMethod.php(36): Laravel\\Passport\\Console\\ClientCommand->handle(Object(Laravel\\Passport\\ClientRepository))
#4 C:\\xampp\\htdocs\\ApiGateway\\gateway\\vendor\\illuminate\\container\\Util.php(40): Illuminate\\Container\\BoundMethod::Illuminate\\Container\\{closure}()
#5 C:\\xampp\\htdocs\\ApiGateway\\gateway\\vendor\\illuminate\\container\\BoundMethod.php(93): Illuminate\\Container\\Util::unwrapIfClosure(Object(Closure))
#6 C:\\xampp\\htdocs\\ApiGateway\\gateway\\vendor\\illuminate\\container\\BoundMethod.php(37): Illuminate\\Container\\BoundMethod::callBoundMethod(Object(Laravel\\Lumen\\Application), Array, Object(Closure))
#7 C:\\xampp\\htdocs\\ApiGateway\\gateway\\vendor\\illuminate\\container\\Container.php(610): Illuminate\\Container\\BoundMethod::call(Object(Laravel\\Lumen\\Application), Array, Array, NULL)
#8 C:\\xampp\\htdocs\\ApiGateway\\gateway\\vendor\\illuminate\\console\\Command.php(136): Illuminate\\Container\\Container->call(Array)
#9 C:\\xampp\\htdocs\\ApiGateway\\gateway\\vendor\\symfony\\console\\Command\\Command.php(258): Illuminate\\Console\\Command->execute(Object(Symfony\\Component\\Console\\Input\\ArrayInput), Object(Illuminate\\Console\\OutputStyle))
#10 C:\\xampp\\htdocs\\ApiGateway\\gateway\\vendor\\illuminate\\console\\Command.php(121): Symfony\\Component\\Console\\Command\\Command->run(Object(Symfony\\Component\\Console\\Input\\ArrayInput), Object(Illuminate\\Console\\OutputStyle))
#11 C:\\xampp\\htdocs\\ApiGateway\\gateway\\vendor\\illuminate\\console\\Concerns\\CallsCommands.php(56): Illuminate\\Console\\Command->run(Object(Symfony\\Component\\Console\\Input\\ArrayInput), Object(Illuminate\\Console\\OutputStyle))
#12 C:\\xampp\\htdocs\\ApiGateway\\gateway\\vendor\\illuminate\\console\\Concerns\\CallsCommands.php(28): Illuminate\\Console\\Command->runCommand('passport:client', Array, Object(Illuminate\\Console\\OutputStyle))
#13 C:\\xampp\\htdocs\\ApiGateway\\gateway\\vendor\\laravel\\passport\\src\\Console\\InstallCommand.php(43): Illuminate\\Console\\Command->call('passport:client', Array)
#14 C:\\xampp\\htdocs\\ApiGateway\\gateway\\vendor\\illuminate\\container\\BoundMethod.php(36): Laravel\\Passport\\Console\\InstallCommand->handle()
#15 C:\\xampp\\htdocs\\ApiGateway\\gateway\\vendor\\illuminate\\container\\Util.php(40): Illuminate\\Container\\BoundMethod::Illuminate\\Container\\{closure}()
#16 C:\\xampp\\htdocs\\ApiGateway\\gateway\\vendor\\illuminate\\container\\BoundMethod.php(93): Illuminate\\Container\\Util::unwrapIfClosure(Object(Closure))
#17 C:\\xampp\\htdocs\\ApiGateway\\gateway\\vendor\\illuminate\\container\\BoundMethod.php(37): Illuminate\\Container\\BoundMethod::callBoundMethod(Object(Laravel\\Lumen\\Application), Array, Object(Closure))
#18 C:\\xampp\\htdocs\\ApiGateway\\gateway\\vendor\\illuminate\\container\\Container.php(610): Illuminate\\Container\\BoundMethod::call(Object(Laravel\\Lumen\\Application), Array, Array, NULL)
#19 C:\\xampp\\htdocs\\ApiGateway\\gateway\\vendor\\illuminate\\console\\Command.php(136): Illuminate\\Container\\Container->call(Array)
#20 C:\\xampp\\htdocs\\ApiGateway\\gateway\\vendor\\symfony\\console\\Command\\Command.php(258): Illuminate\\Console\\Command->execute(Object(Symfony\\Component\\Console\\Input\\ArgvInput), Object(Illuminate\\Console\\OutputStyle))
#21 C:\\xampp\\htdocs\\ApiGateway\\gateway\\vendor\\illuminate\\console\\Command.php(121): Symfony\\Component\\Console\\Command\\Command->run(Object(Symfony\\Component\\Console\\Input\\ArgvInput), Object(Illuminate\\Console\\OutputStyle))
#22 C:\\xampp\\htdocs\\ApiGateway\\gateway\\vendor\\symfony\\console\\Application.php(920): Illuminate\\Console\\Command->run(Object(Symfony\\Component\\Console\\Input\\ArgvInput), Object(Symfony\\Component\\Console\\Output\\ConsoleOutput))
#23 C:\\xampp\\htdocs\\ApiGateway\\gateway\\vendor\\symfony\\console\\Application.php(266): Symfony\\Component\\Console\\Application->doRunCommand(Object(Laravel\\Passport\\Console\\InstallCommand), Object(Symfony\\Component\\Console\\Input\\ArgvInput), Object(Symfony\\Component\\Console\\Output\\ConsoleOutput))
#24 C:\\xampp\\htdocs\\ApiGateway\\gateway\\vendor\\symfony\\console\\Application.php(142): Symfony\\Component\\Console\\Application->doRun(Object(Symfony\\Component\\Console\\Input\\ArgvInput), Object(Symfony\\Component\\Console\\Output\\ConsoleOutput))
#25 C:\\xampp\\htdocs\\ApiGateway\\gateway\\vendor\\illuminate\\console\\Application.php(93): Symfony\\Component\\Console\\Application->run(Object(Symfony\\Component\\Console\\Input\\ArgvInput), Object(Symfony\\Component\\Console\\Output\\ConsoleOutput))
#26 C:\\xampp\\htdocs\\ApiGateway\\gateway\\vendor\\laravel\\lumen-framework\\src\\Console\\Kernel.php(116): Illuminate\\Console\\Application->run(Object(Symfony\\Component\\Console\\Input\\ArgvInput), Object(Symfony\\Component\\Console\\Output\\ConsoleOutput))
#27 C:\\xampp\\htdocs\\ApiGateway\\gateway\\artisan(35): Laravel\\Lumen\\Console\\Kernel->handle(Object(Symfony\\Component\\Console\\Input\\ArgvInput), Object(Symfony\\Component\\Console\\Output\\ConsoleOutput))
#28 {main}
"} 
[2020-12-13 13:37:56] local.ERROR: cURL error 7: Failed to connect to localhost port 8001: Connection refused (see https://curl.haxx.se/libcurl/c/libcurl-errors.html) for http://localhost:8001/users {"exception":"[object] (GuzzleHttp\\Exception\\ConnectException(code: 0): cURL error 7: Failed to connect to localhost port 8001: Connection refused (see https://curl.haxx.se/libcurl/c/libcurl-errors.html) for http://localhost:8001/users at C:\\xampp\\htdocs\\ApiGateway\\gateway\\vendor\\guzzlehttp\\guzzle\\src\\Handler\\CurlFactory.php:210)
[stacktrace]
#0 C:\\xampp\\htdocs\\ApiGateway\\gateway\\vendor\\guzzlehttp\\guzzle\\src\\Handler\\CurlFactory.php(158): GuzzleHttp\\Handler\\CurlFactory::createRejection(Object(GuzzleHttp\\Handler\\EasyHandle), Array)
#1 C:\\xampp\\htdocs\\ApiGateway\\gateway\\vendor\\guzzlehttp\\guzzle\\src\\Handler\\CurlFactory.php(110): GuzzleHttp\\Handler\\CurlFactory::finishError(Object(GuzzleHttp\\Handler\\CurlHandler), Object(GuzzleHttp\\Handler\\EasyHandle), Object(GuzzleHttp\\Handler\\CurlFactory))
#2 C:\\xampp\\htdocs\\ApiGateway\\gateway\\vendor\\guzzlehttp\\guzzle\\src\\Handler\\CurlHandler.php(47): GuzzleHttp\\Handler\\CurlFactory::finish(Object(GuzzleHttp\\Handler\\CurlHandler), Object(GuzzleHttp\\Handler\\EasyHandle), Object(GuzzleHttp\\Handler\\CurlFactory))
#3 C:\\xampp\\htdocs\\ApiGateway\\gateway\\vendor\\guzzlehttp\\guzzle\\src\\Handler\\Proxy.php(28): GuzzleHttp\\Handler\\CurlHandler->__invoke(Object(GuzzleHttp\\Psr7\\Request), Array)
#4 C:\\xampp\\htdocs\\ApiGateway\\gateway\\vendor\\guzzlehttp\\guzzle\\src\\Handler\\Proxy.php(48): GuzzleHttp\\Handler\\Proxy::GuzzleHttp\\Handler\\{closure}(Object(GuzzleHttp\\Psr7\\Request), Array)
#5 C:\\xampp\\htdocs\\ApiGateway\\gateway\\vendor\\guzzlehttp\\guzzle\\src\\PrepareBodyMiddleware.php(35): GuzzleHttp\\Handler\\Proxy::GuzzleHttp\\Handler\\{closure}(Object(GuzzleHttp\\Psr7\\Request), Array)
#6 C:\\xampp\\htdocs\\ApiGateway\\gateway\\vendor\\guzzlehttp\\guzzle\\src\\Middleware.php(31): GuzzleHttp\\PrepareBodyMiddleware->__invoke(Object(GuzzleHttp\\Psr7\\Request), Array)
#7 C:\\xampp\\htdocs\\ApiGateway\\gateway\\vendor\\guzzlehttp\\guzzle\\src\\RedirectMiddleware.php(71): GuzzleHttp\\Middleware::GuzzleHttp\\{closure}(Object(GuzzleHttp\\Psr7\\Request), Array)
#8 C:\\xampp\\htdocs\\ApiGateway\\gateway\\vendor\\guzzlehttp\\guzzle\\src\\Middleware.php(63): GuzzleHttp\\RedirectMiddleware->__invoke(Object(GuzzleHttp\\Psr7\\Request), Array)
#9 C:\\xampp\\htdocs\\ApiGateway\\gateway\\vendor\\guzzlehttp\\guzzle\\src\\HandlerStack.php(75): GuzzleHttp\\Middleware::GuzzleHttp\\{closure}(Object(GuzzleHttp\\Psr7\\Request), Array)
#10 C:\\xampp\\htdocs\\ApiGateway\\gateway\\vendor\\guzzlehttp\\guzzle\\src\\Client.php(331): GuzzleHttp\\HandlerStack->__invoke(Object(GuzzleHttp\\Psr7\\Request), Array)
#11 C:\\xampp\\htdocs\\ApiGateway\\gateway\\vendor\\guzzlehttp\\guzzle\\src\\Client.php(168): GuzzleHttp\\Client->transfer(Object(GuzzleHttp\\Psr7\\Request), Array)
#12 C:\\xampp\\htdocs\\ApiGateway\\gateway\\vendor\\guzzlehttp\\guzzle\\src\\Client.php(187): GuzzleHttp\\Client->requestAsync('GET', Object(GuzzleHttp\\Psr7\\Uri), Array)
#13 C:\\xampp\\htdocs\\ApiGateway\\gateway\\app\\Traits\\ConsumesExternalService.php(25): GuzzleHttp\\Client->request('GET', '/users', Array)
#14 C:\\xampp\\htdocs\\ApiGateway\\gateway\\app\\Services\\User2Service.php(23): App\\Services\\User2Service->performRequest('GET', '/users')
#15 C:\\xampp\\htdocs\\ApiGateway\\gateway\\app\\Http\\Controllers\\User2Controller.php(29): App\\Services\\User2Service->obtainUsers2()
#16 C:\\xampp\\htdocs\\ApiGateway\\gateway\\vendor\\illuminate\\container\\BoundMethod.php(36): App\\Http\\Controllers\\User2Controller->getUsers()
#17 C:\\xampp\\htdocs\\ApiGateway\\gateway\\vendor\\illuminate\\container\\Util.php(40): Illuminate\\Container\\BoundMethod::Illuminate\\Container\\{closure}()
#18 C:\\xampp\\htdocs\\ApiGateway\\gateway\\vendor\\illuminate\\container\\BoundMethod.php(93): Illuminate\\Container\\Util::unwrapIfClosure(Object(Closure))
#19 C:\\xampp\\htdocs\\ApiGateway\\gateway\\vendor\\illuminate\\container\\BoundMethod.php(37): Illuminate\\Container\\BoundMethod::callBoundMethod(Object(Laravel\\Lumen\\Application), Array, Object(Closure))
#20 C:\\xampp\\htdocs\\ApiGateway\\gateway\\vendor\\illuminate\\container\\Container.php(610): Illuminate\\Container\\BoundMethod::call(Object(Laravel\\Lumen\\Application), Array, Array, NULL)
#21 C:\\xampp\\htdocs\\ApiGateway\\gateway\\vendor\\laravel\\lumen-framework\\src\\Concerns\\RoutesRequests.php(386): Illuminate\\Container\\Container->call(Array, Array)
#22 C:\\xampp\\htdocs\\ApiGateway\\gateway\\vendor\\laravel\\lumen-framework\\src\\Concerns\\RoutesRequests.php(352): Laravel\\Lumen\\Application->callControllerCallable(Array, Array)
#23 C:\\xampp\\htdocs\\ApiGateway\\gateway\\vendor\\laravel\\lumen-framework\\src\\Concerns\\RoutesRequests.php(326): Laravel\\Lumen\\Application->callLumenController(Object(App\\Http\\Controllers\\User2Controller), 'getUsers', Array)
#24 C:\\xampp\\htdocs\\ApiGateway\\gateway\\vendor\\laravel\\lumen-framework\\src\\Concerns\\RoutesRequests.php(279): Laravel\\Lumen\\Application->callControllerAction(Array)
#25 C:\\xampp\\htdocs\\ApiGateway\\gateway\\vendor\\laravel\\lumen-framework\\src\\Concerns\\RoutesRequests.php(264): Laravel\\Lumen\\Application->callActionOnArrayBasedRoute(Array)
#26 C:\\xampp\\htdocs\\ApiGateway\\gateway\\vendor\\laravel\\lumen-framework\\src\\Concerns\\RoutesRequests.php(166): Laravel\\Lumen\\Application->handleFoundRoute(Array)
#27 C:\\xampp\\htdocs\\ApiGateway\\gateway\\vendor\\laravel\\lumen-framework\\src\\Concerns\\RoutesRequests.php(426): Laravel\\Lumen\\Application->Laravel\\Lumen\\Concerns\\{closure}(Object(Laravel\\Lumen\\Http\\Request))
#28 C:\\xampp\\htdocs\\ApiGateway\\gateway\\vendor\\laravel\\lumen-framework\\src\\Concerns\\RoutesRequests.php(172): Laravel\\Lumen\\Application->sendThroughPipeline(Array, Object(Closure))
#29 C:\\xampp\\htdocs\\ApiGateway\\gateway\\vendor\\laravel\\lumen-framework\\src\\Concerns\\RoutesRequests.php(109): Laravel\\Lumen\\Application->dispatch(NULL)
#30 C:\\xampp\\htdocs\\ApiGateway\\gateway\\public\\index.php(28): Laravel\\Lumen\\Application->run()
#31 {main}
"} 
[2020-12-13 13:38:09] local.ERROR: cURL error 7: Failed to connect to localhost port 8000: Connection refused (see https://curl.haxx.se/libcurl/c/libcurl-errors.html) for http://localhost:8000/users {"exception":"[object] (GuzzleHttp\\Exception\\ConnectException(code: 0): cURL error 7: Failed to connect to localhost port 8000: Connection refused (see https://curl.haxx.se/libcurl/c/libcurl-errors.html) for http://localhost:8000/users at C:\\xampp\\htdocs\\ApiGateway\\gateway\\vendor\\guzzlehttp\\guzzle\\src\\Handler\\CurlFactory.php:210)
[stacktrace]
#0 C:\\xampp\\htdocs\\ApiGateway\\gateway\\vendor\\guzzlehttp\\guzzle\\src\\Handler\\CurlFactory.php(158): GuzzleHttp\\Handler\\CurlFactory::createRejection(Object(GuzzleHttp\\Handler\\EasyHandle), Array)
#1 C:\\xampp\\htdocs\\ApiGateway\\gateway\\vendor\\guzzlehttp\\guzzle\\src\\Handler\\CurlFactory.php(110): GuzzleHttp\\Handler\\CurlFactory::finishError(Object(GuzzleHttp\\Handler\\CurlHandler), Object(GuzzleHttp\\Handler\\EasyHandle), Object(GuzzleHttp\\Handler\\CurlFactory))
#2 C:\\xampp\\htdocs\\ApiGateway\\gateway\\vendor\\guzzlehttp\\guzzle\\src\\Handler\\CurlHandler.php(47): GuzzleHttp\\Handler\\CurlFactory::finish(Object(GuzzleHttp\\Handler\\CurlHandler), Object(GuzzleHttp\\Handler\\EasyHandle), Object(GuzzleHttp\\Handler\\CurlFactory))
#3 C:\\xampp\\htdocs\\ApiGateway\\gateway\\vendor\\guzzlehttp\\guzzle\\src\\Handler\\Proxy.php(28): GuzzleHttp\\Handler\\CurlHandler->__invoke(Object(GuzzleHttp\\Psr7\\Request), Array)
#4 C:\\xampp\\htdocs\\ApiGateway\\gateway\\vendor\\guzzlehttp\\guzzle\\src\\Handler\\Proxy.php(48): GuzzleHttp\\Handler\\Proxy::GuzzleHttp\\Handler\\{closure}(Object(GuzzleHttp\\Psr7\\Request), Array)
#5 C:\\xampp\\htdocs\\ApiGateway\\gateway\\vendor\\guzzlehttp\\guzzle\\src\\PrepareBodyMiddleware.php(35): GuzzleHttp\\Handler\\Proxy::GuzzleHttp\\Handler\\{closure}(Object(GuzzleHttp\\Psr7\\Request), Array)
#6 C:\\xampp\\htdocs\\ApiGateway\\gateway\\vendor\\guzzlehttp\\guzzle\\src\\Middleware.php(31): GuzzleHttp\\PrepareBodyMiddleware->__invoke(Object(GuzzleHttp\\Psr7\\Request), Array)
#7 C:\\xampp\\htdocs\\ApiGateway\\gateway\\vendor\\guzzlehttp\\guzzle\\src\\RedirectMiddleware.php(71): GuzzleHttp\\Middleware::GuzzleHttp\\{closure}(Object(GuzzleHttp\\Psr7\\Request), Array)
#8 C:\\xampp\\htdocs\\ApiGateway\\gateway\\vendor\\guzzlehttp\\guzzle\\src\\Middleware.php(63): GuzzleHttp\\RedirectMiddleware->__invoke(Object(GuzzleHttp\\Psr7\\Request), Array)
#9 C:\\xampp\\htdocs\\ApiGateway\\gateway\\vendor\\guzzlehttp\\guzzle\\src\\HandlerStack.php(75): GuzzleHttp\\Middleware::GuzzleHttp\\{closure}(Object(GuzzleHttp\\Psr7\\Request), Array)
#10 C:\\xampp\\htdocs\\ApiGateway\\gateway\\vendor\\guzzlehttp\\guzzle\\src\\Client.php(331): GuzzleHttp\\HandlerStack->__invoke(Object(GuzzleHttp\\Psr7\\Request), Array)
#11 C:\\xampp\\htdocs\\ApiGateway\\gateway\\vendor\\guzzlehttp\\guzzle\\src\\Client.php(168): GuzzleHttp\\Client->transfer(Object(GuzzleHttp\\Psr7\\Request), Array)
#12 C:\\xampp\\htdocs\\ApiGateway\\gateway\\vendor\\guzzlehttp\\guzzle\\src\\Client.php(187): GuzzleHttp\\Client->requestAsync('GET', Object(GuzzleHttp\\Psr7\\Uri), Array)
#13 C:\\xampp\\htdocs\\ApiGateway\\gateway\\app\\Traits\\ConsumesExternalService.php(25): GuzzleHttp\\Client->request('GET', '/users', Array)
#14 C:\\xampp\\htdocs\\ApiGateway\\gateway\\app\\Services\\User1Service.php(23): App\\Services\\User1Service->performRequest('GET', '/users')
#15 C:\\xampp\\htdocs\\ApiGateway\\gateway\\app\\Http\\Controllers\\User1Controller.php(29): App\\Services\\User1Service->obtainUsers1()
#16 C:\\xampp\\htdocs\\ApiGateway\\gateway\\vendor\\illuminate\\container\\BoundMethod.php(36): App\\Http\\Controllers\\User1Controller->getUsers()
#17 C:\\xampp\\htdocs\\ApiGateway\\gateway\\vendor\\illuminate\\container\\Util.php(40): Illuminate\\Container\\BoundMethod::Illuminate\\Container\\{closure}()
#18 C:\\xampp\\htdocs\\ApiGateway\\gateway\\vendor\\illuminate\\container\\BoundMethod.php(93): Illuminate\\Container\\Util::unwrapIfClosure(Object(Closure))
#19 C:\\xampp\\htdocs\\ApiGateway\\gateway\\vendor\\illuminate\\container\\BoundMethod.php(37): Illuminate\\Container\\BoundMethod::callBoundMethod(Object(Laravel\\Lumen\\Application), Array, Object(Closure))
#20 C:\\xampp\\htdocs\\ApiGateway\\gateway\\vendor\\illuminate\\container\\Container.php(610): Illuminate\\Container\\BoundMethod::call(Object(Laravel\\Lumen\\Application), Array, Array, NULL)
#21 C:\\xampp\\htdocs\\ApiGateway\\gateway\\vendor\\laravel\\lumen-framework\\src\\Concerns\\RoutesRequests.php(386): Illuminate\\Container\\Container->call(Array, Array)
#22 C:\\xampp\\htdocs\\ApiGateway\\gateway\\vendor\\laravel\\lumen-framework\\src\\Concerns\\RoutesRequests.php(352): Laravel\\Lumen\\Application->callControllerCallable(Array, Array)
#23 C:\\xampp\\htdocs\\ApiGateway\\gateway\\vendor\\laravel\\lumen-framework\\src\\Concerns\\RoutesRequests.php(326): Laravel\\Lumen\\Application->callLumenController(Object(App\\Http\\Controllers\\User1Controller), 'getUsers', Array)
#24 C:\\xampp\\htdocs\\ApiGateway\\gateway\\vendor\\laravel\\lumen-framework\\src\\Concerns\\RoutesRequests.php(279): Laravel\\Lumen\\Application->callControllerAction(Array)
#25 C:\\xampp\\htdocs\\ApiGateway\\gateway\\vendor\\laravel\\lumen-framework\\src\\Concerns\\RoutesRequests.php(264): Laravel\\Lumen\\Application->callActionOnArrayBasedRoute(Array)
#26 C:\\xampp\\htdocs\\ApiGateway\\gateway\\vendor\\laravel\\lumen-framework\\src\\Concerns\\RoutesRequests.php(166): Laravel\\Lumen\\Application->handleFoundRoute(Array)
#27 C:\\xampp\\htdocs\\ApiGateway\\gateway\\vendor\\laravel\\lumen-framework\\src\\Concerns\\RoutesRequests.php(426): Laravel\\Lumen\\Application->Laravel\\Lumen\\Concerns\\{closure}(Object(Laravel\\Lumen\\Http\\Request))
#28 C:\\xampp\\htdocs\\ApiGateway\\gateway\\vendor\\laravel\\lumen-framework\\src\\Concerns\\RoutesRequests.php(172): Laravel\\Lumen\\Application->sendThroughPipeline(Array, Object(Closure))
#29 C:\\xampp\\htdocs\\ApiGateway\\gateway\\vendor\\laravel\\lumen-framework\\src\\Concerns\\RoutesRequests.php(109): Laravel\\Lumen\\Application->dispatch(NULL)
#30 C:\\xampp\\htdocs\\ApiGateway\\gateway\\public\\index.php(28): Laravel\\Lumen\\Application->run()
#31 {main}
"} 
[2020-12-13 13:43:33] local.ERROR: Unauthenticated. {"exception":"[object] (Illuminate\\Auth\\AuthenticationException(code: 0): Unauthenticated. at C:\\xampp\\htdocs\\ApiGateway\\gateway\\vendor\\laravel\\passport\\src\\Http\\Middleware\\CheckCredentials.php:64)
[stacktrace]
#0 C:\\xampp\\htdocs\\ApiGateway\\gateway\\vendor\\illuminate\\pipeline\\Pipeline.php(167): Laravel\\Passport\\Http\\Middleware\\CheckCredentials->handle(Object(Laravel\\Lumen\\Http\\Request), Object(Closure))
#1 C:\\xampp\\htdocs\\ApiGateway\\gateway\\vendor\\laravel\\lumen-framework\\src\\Routing\\Pipeline.php(30): Illuminate\\Pipeline\\Pipeline->Illuminate\\Pipeline\\{closure}(Object(Laravel\\Lumen\\Http\\Request))
#2 C:\\xampp\\htdocs\\ApiGateway\\gateway\\vendor\\illuminate\\pipeline\\Pipeline.php(103): Laravel\\Lumen\\Routing\\Pipeline->Laravel\\Lumen\\Routing\\{closure}(Object(Laravel\\Lumen\\Http\\Request))
#3 C:\\xampp\\htdocs\\ApiGateway\\gateway\\vendor\\laravel\\lumen-framework\\src\\Concerns\\RoutesRequests.php(423): Illuminate\\Pipeline\\Pipeline->then(Object(Closure))
#4 C:\\xampp\\htdocs\\ApiGateway\\gateway\\vendor\\laravel\\lumen-framework\\src\\Concerns\\RoutesRequests.php(260): Laravel\\Lumen\\Application->sendThroughPipeline(Array, Object(Closure))
#5 C:\\xampp\\htdocs\\ApiGateway\\gateway\\vendor\\laravel\\lumen-framework\\src\\Concerns\\RoutesRequests.php(166): Laravel\\Lumen\\Application->handleFoundRoute(Array)
#6 C:\\xampp\\htdocs\\ApiGateway\\gateway\\vendor\\laravel\\lumen-framework\\src\\Concerns\\RoutesRequests.php(426): Laravel\\Lumen\\Application->Laravel\\Lumen\\Concerns\\{closure}(Object(Laravel\\Lumen\\Http\\Request))
#7 C:\\xampp\\htdocs\\ApiGateway\\gateway\\vendor\\laravel\\lumen-framework\\src\\Concerns\\RoutesRequests.php(172): Laravel\\Lumen\\Application->sendThroughPipeline(Array, Object(Closure))
#8 C:\\xampp\\htdocs\\ApiGateway\\gateway\\vendor\\laravel\\lumen-framework\\src\\Concerns\\RoutesRequests.php(109): Laravel\\Lumen\\Application->dispatch(NULL)
#9 C:\\xampp\\htdocs\\ApiGateway\\gateway\\public\\index.php(28): Laravel\\Lumen\\Application->run()
#10 {main}
"} 
[2020-12-13 13:44:18] local.ERROR: Unauthenticated. {"exception":"[object] (Illuminate\\Auth\\AuthenticationException(code: 0): Unauthenticated. at C:\\xampp\\htdocs\\ApiGateway\\gateway\\vendor\\laravel\\passport\\src\\Http\\Middleware\\CheckCredentials.php:64)
[stacktrace]
#0 C:\\xampp\\htdocs\\ApiGateway\\gateway\\vendor\\illuminate\\pipeline\\Pipeline.php(167): Laravel\\Passport\\Http\\Middleware\\CheckCredentials->handle(Object(Laravel\\Lumen\\Http\\Request), Object(Closure))
#1 C:\\xampp\\htdocs\\ApiGateway\\gateway\\vendor\\laravel\\lumen-framework\\src\\Routing\\Pipeline.php(30): Illuminate\\Pipeline\\Pipeline->Illuminate\\Pipeline\\{closure}(Object(Laravel\\Lumen\\Http\\Request))
#2 C:\\xampp\\htdocs\\ApiGateway\\gateway\\vendor\\illuminate\\pipeline\\Pipeline.php(103): Laravel\\Lumen\\Routing\\Pipeline->Laravel\\Lumen\\Routing\\{closure}(Object(Laravel\\Lumen\\Http\\Request))
#3 C:\\xampp\\htdocs\\ApiGateway\\gateway\\vendor\\laravel\\lumen-framework\\src\\Concerns\\RoutesRequests.php(423): Illuminate\\Pipeline\\Pipeline->then(Object(Closure))
#4 C:\\xampp\\htdocs\\ApiGateway\\gateway\\vendor\\laravel\\lumen-framework\\src\\Concerns\\RoutesRequests.php(260): Laravel\\Lumen\\Application->sendThroughPipeline(Array, Object(Closure))
#5 C:\\xampp\\htdocs\\ApiGateway\\gateway\\vendor\\laravel\\lumen-framework\\src\\Concerns\\RoutesRequests.php(166): Laravel\\Lumen\\Application->handleFoundRoute(Array)
#6 C:\\xampp\\htdocs\\ApiGateway\\gateway\\vendor\\laravel\\lumen-framework\\src\\Concerns\\RoutesRequests.php(426): Laravel\\Lumen\\Application->Laravel\\Lumen\\Concerns\\{closure}(Object(Laravel\\Lumen\\Http\\Request))
#7 C:\\xampp\\htdocs\\ApiGateway\\gateway\\vendor\\laravel\\lumen-framework\\src\\Concerns\\RoutesRequests.php(172): Laravel\\Lumen\\Application->sendThroughPipeline(Array, Object(Closure))
#8 C:\\xampp\\htdocs\\ApiGateway\\gateway\\vendor\\laravel\\lumen-framework\\src\\Concerns\\RoutesRequests.php(109): Laravel\\Lumen\\Application->dispatch(NULL)
#9 C:\\xampp\\htdocs\\ApiGateway\\gateway\\public\\index.php(28): Laravel\\Lumen\\Application->run()
#10 {main}
"} 
[2020-12-13 14:00:45] local.ERROR: No application encryption key has been specified. {"exception":"[object] (Illuminate\\Encryption\\MissingAppKeyException(code: 0): No application encryption key has been specified. at C:\\xampp\\htdocs\\ApiGateway\\gateway\\vendor\\illuminate\\encryption\\EncryptionServiceProvider.php:79)
[stacktrace]
#0 C:\\xampp\\htdocs\\ApiGateway\\gateway\\vendor\\illuminate\\support\\helpers.php(263): Illuminate\\Encryption\\EncryptionServiceProvider->Illuminate\\Encryption\\{closure}('')
#1 C:\\xampp\\htdocs\\ApiGateway\\gateway\\vendor\\illuminate\\encryption\\EncryptionServiceProvider.php(81): tap('', Object(Closure))
#2 C:\\xampp\\htdocs\\ApiGateway\\gateway\\vendor\\illuminate\\encryption\\EncryptionServiceProvider.php(60): Illuminate\\Encryption\\EncryptionServiceProvider->key(Array)
#3 C:\\xampp\\htdocs\\ApiGateway\\gateway\\vendor\\illuminate\\encryption\\EncryptionServiceProvider.php(32): Illuminate\\Encryption\\EncryptionServiceProvider->parseKey(Array)
#4 C:\\xampp\\htdocs\\ApiGateway\\gateway\\vendor\\illuminate\\container\\Container.php(826): Illuminate\\Encryption\\EncryptionServiceProvider->Illuminate\\Encryption\\{closure}(Object(Laravel\\Lumen\\Application), Array)
#5 C:\\xampp\\htdocs\\ApiGateway\\gateway\\vendor\\illuminate\\container\\Container.php(712): Illuminate\\Container\\Container->build(Object(Closure))
#6 C:\\xampp\\htdocs\\ApiGateway\\gateway\\vendor\\illuminate\\container\\Container.php(651): Illuminate\\Container\\Container->resolve('encrypter', Array)
#7 C:\\xampp\\htdocs\\ApiGateway\\gateway\\vendor\\laravel\\lumen-framework\\src\\Application.php(300): Illuminate\\Container\\Container->make('encrypter', Array)
#8 C:\\xampp\\htdocs\\ApiGateway\\gateway\\vendor\\laravel\\lumen-framework\\src\\Application.php(668): Laravel\\Lumen\\Application->make('encrypter')
#9 C:\\xampp\\htdocs\\ApiGateway\\gateway\\vendor\\laravel\\lumen-framework\\src\\Application.php(423): Laravel\\Lumen\\Application->loadComponent('app', 'Illuminate\\\\Encr...', 'encrypter')
#10 C:\\xampp\\htdocs\\ApiGateway\\gateway\\vendor\\illuminate\\container\\Container.php(826): Laravel\\Lumen\\Application->Laravel\\Lumen\\{closure}(Object(Laravel\\Lumen\\Application), Array)
#11 C:\\xampp\\htdocs\\ApiGateway\\gateway\\vendor\\illuminate\\container\\Container.php(712): Illuminate\\Container\\Container->build(Object(Closure))
#12 C:\\xampp\\htdocs\\ApiGateway\\gateway\\vendor\\illuminate\\container\\Container.php(651): Illuminate\\Container\\Container->resolve('encrypter', Array)
#13 C:\\xampp\\htdocs\\ApiGateway\\gateway\\vendor\\laravel\\lumen-framework\\src\\Application.php(300): Illuminate\\Container\\Container->make('encrypter', Array)
#14 C:\\xampp\\htdocs\\ApiGateway\\gateway\\vendor\\laravel\\lumen-framework\\src\\helpers.php(42): Laravel\\Lumen\\Application->make('encrypter', Array)
#15 C:\\xampp\\htdocs\\ApiGateway\\gateway\\vendor\\laravel\\passport\\src\\PassportServiceProvider.php(215): app('encrypter')
#16 C:\\xampp\\htdocs\\ApiGateway\\gateway\\vendor\\laravel\\passport\\src\\PassportServiceProvider.php(104): Laravel\\Passport\\PassportServiceProvider->makeAuthorizationServer()
#17 C:\\xampp\\htdocs\\ApiGateway\\gateway\\vendor\\illuminate\\container\\Container.php(826): Laravel\\Passport\\PassportServiceProvider->Laravel\\Passport\\{closure}(Object(Laravel\\Lumen\\Application), Array)
#18 C:\\xampp\\htdocs\\ApiGateway\\gateway\\vendor\\illuminate\\container\\Container.php(712): Illuminate\\Container\\Container->build(Object(Closure))
#19 C:\\xampp\\htdocs\\ApiGateway\\gateway\\vendor\\illuminate\\container\\Container.php(651): Illuminate\\Container\\Container->resolve('League\\\\OAuth2\\\\S...', Array)
#20 C:\\xampp\\htdocs\\ApiGateway\\gateway\\vendor\\laravel\\lumen-framework\\src\\Application.php(300): Illuminate\\Container\\Container->make('League\\\\OAuth2\\\\S...', Array)
#21 C:\\xampp\\htdocs\\ApiGateway\\gateway\\vendor\\illuminate\\container\\Container.php(980): Laravel\\Lumen\\Application->make('League\\\\OAuth2\\\\S...')
#22 C:\\xampp\\htdocs\\ApiGateway\\gateway\\vendor\\illuminate\\container\\Container.php(900): Illuminate\\Container\\Container->resolveClass(Object(ReflectionParameter))
#23 C:\\xampp\\htdocs\\ApiGateway\\gateway\\vendor\\illuminate\\container\\Container.php(861): Illuminate\\Container\\Container->resolveDependencies(Array)
#24 C:\\xampp\\htdocs\\ApiGateway\\gateway\\vendor\\illuminate\\container\\Container.php(712): Illuminate\\Container\\Container->build('\\\\Dusterio\\\\Lumen...')
#25 C:\\xampp\\htdocs\\ApiGateway\\gateway\\vendor\\illuminate\\container\\Container.php(651): Illuminate\\Container\\Container->resolve('\\\\Dusterio\\\\Lumen...', Array)
#26 C:\\xampp\\htdocs\\ApiGateway\\gateway\\vendor\\laravel\\lumen-framework\\src\\Application.php(300): Illuminate\\Container\\Container->make('\\\\Dusterio\\\\Lumen...', Array)
#27 C:\\xampp\\htdocs\\ApiGateway\\gateway\\vendor\\laravel\\lumen-framework\\src\\Concerns\\RoutesRequests.php(321): Laravel\\Lumen\\Application->make('\\\\Dusterio\\\\Lumen...')
#28 C:\\xampp\\htdocs\\ApiGateway\\gateway\\vendor\\laravel\\lumen-framework\\src\\Concerns\\RoutesRequests.php(279): Laravel\\Lumen\\Application->callControllerAction(Array)
#29 C:\\xampp\\htdocs\\ApiGateway\\gateway\\vendor\\laravel\\lumen-framework\\src\\Concerns\\RoutesRequests.php(264): Laravel\\Lumen\\Application->callActionOnArrayBasedRoute(Array)
#30 C:\\xampp\\htdocs\\ApiGateway\\gateway\\vendor\\laravel\\lumen-framework\\src\\Concerns\\RoutesRequests.php(166): Laravel\\Lumen\\Application->handleFoundRoute(Array)
#31 C:\\xampp\\htdocs\\ApiGateway\\gateway\\vendor\\laravel\\lumen-framework\\src\\Concerns\\RoutesRequests.php(426): Laravel\\Lumen\\Application->Laravel\\Lumen\\Concerns\\{closure}(Object(Laravel\\Lumen\\Http\\Request))
#32 C:\\xampp\\htdocs\\ApiGateway\\gateway\\vendor\\laravel\\lumen-framework\\src\\Concerns\\RoutesRequests.php(172): Laravel\\Lumen\\Application->sendThroughPipeline(Array, Object(Closure))
#33 C:\\xampp\\htdocs\\ApiGateway\\gateway\\vendor\\laravel\\lumen-framework\\src\\Concerns\\RoutesRequests.php(109): Laravel\\Lumen\\Application->dispatch(NULL)
#34 C:\\xampp\\htdocs\\ApiGateway\\gateway\\public\\index.php(28): Laravel\\Lumen\\Application->run()
#35 {main}
"} 
[2020-12-13 14:01:19] local.ERROR: No application encryption key has been specified. {"exception":"[object] (Illuminate\\Encryption\\MissingAppKeyException(code: 0): No application encryption key has been specified. at C:\\xampp\\htdocs\\ApiGateway\\gateway\\vendor\\illuminate\\encryption\\EncryptionServiceProvider.php:79)
[stacktrace]
#0 C:\\xampp\\htdocs\\ApiGateway\\gateway\\vendor\\illuminate\\support\\helpers.php(263): Illuminate\\Encryption\\EncryptionServiceProvider->Illuminate\\Encryption\\{closure}('')
#1 C:\\xampp\\htdocs\\ApiGateway\\gateway\\vendor\\illuminate\\encryption\\EncryptionServiceProvider.php(81): tap('', Object(Closure))
#2 C:\\xampp\\htdocs\\ApiGateway\\gateway\\vendor\\illuminate\\encryption\\EncryptionServiceProvider.php(60): Illuminate\\Encryption\\EncryptionServiceProvider->key(Array)
#3 C:\\xampp\\htdocs\\ApiGateway\\gateway\\vendor\\illuminate\\encryption\\EncryptionServiceProvider.php(32): Illuminate\\Encryption\\EncryptionServiceProvider->parseKey(Array)
#4 C:\\xampp\\htdocs\\ApiGateway\\gateway\\vendor\\illuminate\\container\\Container.php(826): Illuminate\\Encryption\\EncryptionServiceProvider->Illuminate\\Encryption\\{closure}(Object(Laravel\\Lumen\\Application), Array)
#5 C:\\xampp\\htdocs\\ApiGateway\\gateway\\vendor\\illuminate\\container\\Container.php(712): Illuminate\\Container\\Container->build(Object(Closure))
#6 C:\\xampp\\htdocs\\ApiGateway\\gateway\\vendor\\illuminate\\container\\Container.php(651): Illuminate\\Container\\Container->resolve('encrypter', Array)
#7 C:\\xampp\\htdocs\\ApiGateway\\gateway\\vendor\\laravel\\lumen-framework\\src\\Application.php(300): Illuminate\\Container\\Container->make('encrypter', Array)
#8 C:\\xampp\\htdocs\\ApiGateway\\gateway\\vendor\\laravel\\lumen-framework\\src\\Application.php(668): Laravel\\Lumen\\Application->make('encrypter')
#9 C:\\xampp\\htdocs\\ApiGateway\\gateway\\vendor\\laravel\\lumen-framework\\src\\Application.php(423): Laravel\\Lumen\\Application->loadComponent('app', 'Illuminate\\\\Encr...', 'encrypter')
#10 C:\\xampp\\htdocs\\ApiGateway\\gateway\\vendor\\illuminate\\container\\Container.php(826): Laravel\\Lumen\\Application->Laravel\\Lumen\\{closure}(Object(Laravel\\Lumen\\Application), Array)
#11 C:\\xampp\\htdocs\\ApiGateway\\gateway\\vendor\\illuminate\\container\\Container.php(712): Illuminate\\Container\\Container->build(Object(Closure))
#12 C:\\xampp\\htdocs\\ApiGateway\\gateway\\vendor\\illuminate\\container\\Container.php(651): Illuminate\\Container\\Container->resolve('encrypter', Array)
#13 C:\\xampp\\htdocs\\ApiGateway\\gateway\\vendor\\laravel\\lumen-framework\\src\\Application.php(300): Illuminate\\Container\\Container->make('encrypter', Array)
#14 C:\\xampp\\htdocs\\ApiGateway\\gateway\\vendor\\laravel\\lumen-framework\\src\\helpers.php(42): Laravel\\Lumen\\Application->make('encrypter', Array)
#15 C:\\xampp\\htdocs\\ApiGateway\\gateway\\vendor\\laravel\\passport\\src\\PassportServiceProvider.php(215): app('encrypter')
#16 C:\\xampp\\htdocs\\ApiGateway\\gateway\\vendor\\laravel\\passport\\src\\PassportServiceProvider.php(104): Laravel\\Passport\\PassportServiceProvider->makeAuthorizationServer()
#17 C:\\xampp\\htdocs\\ApiGateway\\gateway\\vendor\\illuminate\\container\\Container.php(826): Laravel\\Passport\\PassportServiceProvider->Laravel\\Passport\\{closure}(Object(Laravel\\Lumen\\Application), Array)
#18 C:\\xampp\\htdocs\\ApiGateway\\gateway\\vendor\\illuminate\\container\\Container.php(712): Illuminate\\Container\\Container->build(Object(Closure))
#19 C:\\xampp\\htdocs\\ApiGateway\\gateway\\vendor\\illuminate\\container\\Container.php(651): Illuminate\\Container\\Container->resolve('League\\\\OAuth2\\\\S...', Array)
#20 C:\\xampp\\htdocs\\ApiGateway\\gateway\\vendor\\laravel\\lumen-framework\\src\\Application.php(300): Illuminate\\Container\\Container->make('League\\\\OAuth2\\\\S...', Array)
#21 C:\\xampp\\htdocs\\ApiGateway\\gateway\\vendor\\illuminate\\container\\Container.php(980): Laravel\\Lumen\\Application->make('League\\\\OAuth2\\\\S...')
#22 C:\\xampp\\htdocs\\ApiGateway\\gateway\\vendor\\illuminate\\container\\Container.php(900): Illuminate\\Container\\Container->resolveClass(Object(ReflectionParameter))
#23 C:\\xampp\\htdocs\\ApiGateway\\gateway\\vendor\\illuminate\\container\\Container.php(861): Illuminate\\Container\\Container->resolveDependencies(Array)
#24 C:\\xampp\\htdocs\\ApiGateway\\gateway\\vendor\\illuminate\\container\\Container.php(712): Illuminate\\Container\\Container->build('\\\\Dusterio\\\\Lumen...')
#25 C:\\xampp\\htdocs\\ApiGateway\\gateway\\vendor\\illuminate\\container\\Container.php(651): Illuminate\\Container\\Container->resolve('\\\\Dusterio\\\\Lumen...', Array)
#26 C:\\xampp\\htdocs\\ApiGateway\\gateway\\vendor\\laravel\\lumen-framework\\src\\Application.php(300): Illuminate\\Container\\Container->make('\\\\Dusterio\\\\Lumen...', Array)
#27 C:\\xampp\\htdocs\\ApiGateway\\gateway\\vendor\\laravel\\lumen-framework\\src\\Concerns\\RoutesRequests.php(321): Laravel\\Lumen\\Application->make('\\\\Dusterio\\\\Lumen...')
#28 C:\\xampp\\htdocs\\ApiGateway\\gateway\\vendor\\laravel\\lumen-framework\\src\\Concerns\\RoutesRequests.php(279): Laravel\\Lumen\\Application->callControllerAction(Array)
#29 C:\\xampp\\htdocs\\ApiGateway\\gateway\\vendor\\laravel\\lumen-framework\\src\\Concerns\\RoutesRequests.php(264): Laravel\\Lumen\\Application->callActionOnArrayBasedRoute(Array)
#30 C:\\xampp\\htdocs\\ApiGateway\\gateway\\vendor\\laravel\\lumen-framework\\src\\Concerns\\RoutesRequests.php(166): Laravel\\Lumen\\Application->handleFoundRoute(Array)
#31 C:\\xampp\\htdocs\\ApiGateway\\gateway\\vendor\\laravel\\lumen-framework\\src\\Concerns\\RoutesRequests.php(426): Laravel\\Lumen\\Application->Laravel\\Lumen\\Concerns\\{closure}(Object(Laravel\\Lumen\\Http\\Request))
#32 C:\\xampp\\htdocs\\ApiGateway\\gateway\\vendor\\laravel\\lumen-framework\\src\\Concerns\\RoutesRequests.php(172): Laravel\\Lumen\\Application->sendThroughPipeline(Array, Object(Closure))
#33 C:\\xampp\\htdocs\\ApiGateway\\gateway\\vendor\\laravel\\lumen-framework\\src\\Concerns\\RoutesRequests.php(109): Laravel\\Lumen\\Application->dispatch(NULL)
#34 C:\\xampp\\htdocs\\ApiGateway\\gateway\\public\\index.php(28): Laravel\\Lumen\\Application->run()
#35 {main}
"} 
[2020-12-13 14:01:29] local.ERROR: No application encryption key has been specified. {"exception":"[object] (Illuminate\\Encryption\\MissingAppKeyException(code: 0): No application encryption key has been specified. at C:\\xampp\\htdocs\\ApiGateway\\gateway\\vendor\\illuminate\\encryption\\EncryptionServiceProvider.php:79)
[stacktrace]
#0 C:\\xampp\\htdocs\\ApiGateway\\gateway\\vendor\\illuminate\\support\\helpers.php(263): Illuminate\\Encryption\\EncryptionServiceProvider->Illuminate\\Encryption\\{closure}('')
#1 C:\\xampp\\htdocs\\ApiGateway\\gateway\\vendor\\illuminate\\encryption\\EncryptionServiceProvider.php(81): tap('', Object(Closure))
#2 C:\\xampp\\htdocs\\ApiGateway\\gateway\\vendor\\illuminate\\encryption\\EncryptionServiceProvider.php(60): Illuminate\\Encryption\\EncryptionServiceProvider->key(Array)
#3 C:\\xampp\\htdocs\\ApiGateway\\gateway\\vendor\\illuminate\\encryption\\EncryptionServiceProvider.php(32): Illuminate\\Encryption\\EncryptionServiceProvider->parseKey(Array)
#4 C:\\xampp\\htdocs\\ApiGateway\\gateway\\vendor\\illuminate\\container\\Container.php(826): Illuminate\\Encryption\\EncryptionServiceProvider->Illuminate\\Encryption\\{closure}(Object(Laravel\\Lumen\\Application), Array)
#5 C:\\xampp\\htdocs\\ApiGateway\\gateway\\vendor\\illuminate\\container\\Container.php(712): Illuminate\\Container\\Container->build(Object(Closure))
#6 C:\\xampp\\htdocs\\ApiGateway\\gateway\\vendor\\illuminate\\container\\Container.php(651): Illuminate\\Container\\Container->resolve('encrypter', Array)
#7 C:\\xampp\\htdocs\\ApiGateway\\gateway\\vendor\\laravel\\lumen-framework\\src\\Application.php(300): Illuminate\\Container\\Container->make('encrypter', Array)
#8 C:\\xampp\\htdocs\\ApiGateway\\gateway\\vendor\\laravel\\lumen-framework\\src\\Application.php(668): Laravel\\Lumen\\Application->make('encrypter')
#9 C:\\xampp\\htdocs\\ApiGateway\\gateway\\vendor\\laravel\\lumen-framework\\src\\Application.php(423): Laravel\\Lumen\\Application->loadComponent('app', 'Illuminate\\\\Encr...', 'encrypter')
#10 C:\\xampp\\htdocs\\ApiGateway\\gateway\\vendor\\illuminate\\container\\Container.php(826): Laravel\\Lumen\\Application->Laravel\\Lumen\\{closure}(Object(Laravel\\Lumen\\Application), Array)
#11 C:\\xampp\\htdocs\\ApiGateway\\gateway\\vendor\\illuminate\\container\\Container.php(712): Illuminate\\Container\\Container->build(Object(Closure))
#12 C:\\xampp\\htdocs\\ApiGateway\\gateway\\vendor\\illuminate\\container\\Container.php(651): Illuminate\\Container\\Container->resolve('encrypter', Array)
#13 C:\\xampp\\htdocs\\ApiGateway\\gateway\\vendor\\laravel\\lumen-framework\\src\\Application.php(300): Illuminate\\Container\\Container->make('encrypter', Array)
#14 C:\\xampp\\htdocs\\ApiGateway\\gateway\\vendor\\laravel\\lumen-framework\\src\\helpers.php(42): Laravel\\Lumen\\Application->make('encrypter', Array)
#15 C:\\xampp\\htdocs\\ApiGateway\\gateway\\vendor\\laravel\\passport\\src\\PassportServiceProvider.php(215): app('encrypter')
#16 C:\\xampp\\htdocs\\ApiGateway\\gateway\\vendor\\laravel\\passport\\src\\PassportServiceProvider.php(104): Laravel\\Passport\\PassportServiceProvider->makeAuthorizationServer()
#17 C:\\xampp\\htdocs\\ApiGateway\\gateway\\vendor\\illuminate\\container\\Container.php(826): Laravel\\Passport\\PassportServiceProvider->Laravel\\Passport\\{closure}(Object(Laravel\\Lumen\\Application), Array)
#18 C:\\xampp\\htdocs\\ApiGateway\\gateway\\vendor\\illuminate\\container\\Container.php(712): Illuminate\\Container\\Container->build(Object(Closure))
#19 C:\\xampp\\htdocs\\ApiGateway\\gateway\\vendor\\illuminate\\container\\Container.php(651): Illuminate\\Container\\Container->resolve('League\\\\OAuth2\\\\S...', Array)
#20 C:\\xampp\\htdocs\\ApiGateway\\gateway\\vendor\\laravel\\lumen-framework\\src\\Application.php(300): Illuminate\\Container\\Container->make('League\\\\OAuth2\\\\S...', Array)
#21 C:\\xampp\\htdocs\\ApiGateway\\gateway\\vendor\\illuminate\\container\\Container.php(980): Laravel\\Lumen\\Application->make('League\\\\OAuth2\\\\S...')
#22 C:\\xampp\\htdocs\\ApiGateway\\gateway\\vendor\\illuminate\\container\\Container.php(900): Illuminate\\Container\\Container->resolveClass(Object(ReflectionParameter))
#23 C:\\xampp\\htdocs\\ApiGateway\\gateway\\vendor\\illuminate\\container\\Container.php(861): Illuminate\\Container\\Container->resolveDependencies(Array)
#24 C:\\xampp\\htdocs\\ApiGateway\\gateway\\vendor\\illuminate\\container\\Container.php(712): Illuminate\\Container\\Container->build('\\\\Dusterio\\\\Lumen...')
#25 C:\\xampp\\htdocs\\ApiGateway\\gateway\\vendor\\illuminate\\container\\Container.php(651): Illuminate\\Container\\Container->resolve('\\\\Dusterio\\\\Lumen...', Array)
#26 C:\\xampp\\htdocs\\ApiGateway\\gateway\\vendor\\laravel\\lumen-framework\\src\\Application.php(300): Illuminate\\Container\\Container->make('\\\\Dusterio\\\\Lumen...', Array)
#27 C:\\xampp\\htdocs\\ApiGateway\\gateway\\vendor\\laravel\\lumen-framework\\src\\Concerns\\RoutesRequests.php(321): Laravel\\Lumen\\Application->make('\\\\Dusterio\\\\Lumen...')
#28 C:\\xampp\\htdocs\\ApiGateway\\gateway\\vendor\\laravel\\lumen-framework\\src\\Concerns\\RoutesRequests.php(279): Laravel\\Lumen\\Application->callControllerAction(Array)
#29 C:\\xampp\\htdocs\\ApiGateway\\gateway\\vendor\\laravel\\lumen-framework\\src\\Concerns\\RoutesRequests.php(264): Laravel\\Lumen\\Application->callActionOnArrayBasedRoute(Array)
#30 C:\\xampp\\htdocs\\ApiGateway\\gateway\\vendor\\laravel\\lumen-framework\\src\\Concerns\\RoutesRequests.php(166): Laravel\\Lumen\\Application->handleFoundRoute(Array)
#31 C:\\xampp\\htdocs\\ApiGateway\\gateway\\vendor\\laravel\\lumen-framework\\src\\Concerns\\RoutesRequests.php(426): Laravel\\Lumen\\Application->Laravel\\Lumen\\Concerns\\{closure}(Object(Laravel\\Lumen\\Http\\Request))
#32 C:\\xampp\\htdocs\\ApiGateway\\gateway\\vendor\\laravel\\lumen-framework\\src\\Concerns\\RoutesRequests.php(172): Laravel\\Lumen\\Application->sendThroughPipeline(Array, Object(Closure))
#33 C:\\xampp\\htdocs\\ApiGateway\\gateway\\vendor\\laravel\\lumen-framework\\src\\Concerns\\RoutesRequests.php(109): Laravel\\Lumen\\Application->dispatch(NULL)
#34 C:\\xampp\\htdocs\\ApiGateway\\gateway\\public\\index.php(28): Laravel\\Lumen\\Application->run()
#35 {main}
"} 
[2020-12-13 14:01:34] local.ERROR: No application encryption key has been specified. {"exception":"[object] (Illuminate\\Encryption\\MissingAppKeyException(code: 0): No application encryption key has been specified. at C:\\xampp\\htdocs\\ApiGateway\\gateway\\vendor\\illuminate\\encryption\\EncryptionServiceProvider.php:79)
[stacktrace]
#0 C:\\xampp\\htdocs\\ApiGateway\\gateway\\vendor\\illuminate\\support\\helpers.php(263): Illuminate\\Encryption\\EncryptionServiceProvider->Illuminate\\Encryption\\{closure}('')
#1 C:\\xampp\\htdocs\\ApiGateway\\gateway\\vendor\\illuminate\\encryption\\EncryptionServiceProvider.php(81): tap('', Object(Closure))
#2 C:\\xampp\\htdocs\\ApiGateway\\gateway\\vendor\\illuminate\\encryption\\EncryptionServiceProvider.php(60): Illuminate\\Encryption\\EncryptionServiceProvider->key(Array)
#3 C:\\xampp\\htdocs\\ApiGateway\\gateway\\vendor\\illuminate\\encryption\\EncryptionServiceProvider.php(32): Illuminate\\Encryption\\EncryptionServiceProvider->parseKey(Array)
#4 C:\\xampp\\htdocs\\ApiGateway\\gateway\\vendor\\illuminate\\container\\Container.php(826): Illuminate\\Encryption\\EncryptionServiceProvider->Illuminate\\Encryption\\{closure}(Object(Laravel\\Lumen\\Application), Array)
#5 C:\\xampp\\htdocs\\ApiGateway\\gateway\\vendor\\illuminate\\container\\Container.php(712): Illuminate\\Container\\Container->build(Object(Closure))
#6 C:\\xampp\\htdocs\\ApiGateway\\gateway\\vendor\\illuminate\\container\\Container.php(651): Illuminate\\Container\\Container->resolve('encrypter', Array)
#7 C:\\xampp\\htdocs\\ApiGateway\\gateway\\vendor\\laravel\\lumen-framework\\src\\Application.php(300): Illuminate\\Container\\Container->make('encrypter', Array)
#8 C:\\xampp\\htdocs\\ApiGateway\\gateway\\vendor\\laravel\\lumen-framework\\src\\Application.php(668): Laravel\\Lumen\\Application->make('encrypter')
#9 C:\\xampp\\htdocs\\ApiGateway\\gateway\\vendor\\laravel\\lumen-framework\\src\\Application.php(423): Laravel\\Lumen\\Application->loadComponent('app', 'Illuminate\\\\Encr...', 'encrypter')
#10 C:\\xampp\\htdocs\\ApiGateway\\gateway\\vendor\\illuminate\\container\\Container.php(826): Laravel\\Lumen\\Application->Laravel\\Lumen\\{closure}(Object(Laravel\\Lumen\\Application), Array)
#11 C:\\xampp\\htdocs\\ApiGateway\\gateway\\vendor\\illuminate\\container\\Container.php(712): Illuminate\\Container\\Container->build(Object(Closure))
#12 C:\\xampp\\htdocs\\ApiGateway\\gateway\\vendor\\illuminate\\container\\Container.php(651): Illuminate\\Container\\Container->resolve('encrypter', Array)
#13 C:\\xampp\\htdocs\\ApiGateway\\gateway\\vendor\\laravel\\lumen-framework\\src\\Application.php(300): Illuminate\\Container\\Container->make('encrypter', Array)
#14 C:\\xampp\\htdocs\\ApiGateway\\gateway\\vendor\\laravel\\lumen-framework\\src\\helpers.php(42): Laravel\\Lumen\\Application->make('encrypter', Array)
#15 C:\\xampp\\htdocs\\ApiGateway\\gateway\\vendor\\laravel\\passport\\src\\PassportServiceProvider.php(215): app('encrypter')
#16 C:\\xampp\\htdocs\\ApiGateway\\gateway\\vendor\\laravel\\passport\\src\\PassportServiceProvider.php(104): Laravel\\Passport\\PassportServiceProvider->makeAuthorizationServer()
#17 C:\\xampp\\htdocs\\ApiGateway\\gateway\\vendor\\illuminate\\container\\Container.php(826): Laravel\\Passport\\PassportServiceProvider->Laravel\\Passport\\{closure}(Object(Laravel\\Lumen\\Application), Array)
#18 C:\\xampp\\htdocs\\ApiGateway\\gateway\\vendor\\illuminate\\container\\Container.php(712): Illuminate\\Container\\Container->build(Object(Closure))
#19 C:\\xampp\\htdocs\\ApiGateway\\gateway\\vendor\\illuminate\\container\\Container.php(651): Illuminate\\Container\\Container->resolve('League\\\\OAuth2\\\\S...', Array)
#20 C:\\xampp\\htdocs\\ApiGateway\\gateway\\vendor\\laravel\\lumen-framework\\src\\Application.php(300): Illuminate\\Container\\Container->make('League\\\\OAuth2\\\\S...', Array)
#21 C:\\xampp\\htdocs\\ApiGateway\\gateway\\vendor\\illuminate\\container\\Container.php(980): Laravel\\Lumen\\Application->make('League\\\\OAuth2\\\\S...')
#22 C:\\xampp\\htdocs\\ApiGateway\\gateway\\vendor\\illuminate\\container\\Container.php(900): Illuminate\\Container\\Container->resolveClass(Object(ReflectionParameter))
#23 C:\\xampp\\htdocs\\ApiGateway\\gateway\\vendor\\illuminate\\container\\Container.php(861): Illuminate\\Container\\Container->resolveDependencies(Array)
#24 C:\\xampp\\htdocs\\ApiGateway\\gateway\\vendor\\illuminate\\container\\Container.php(712): Illuminate\\Container\\Container->build('\\\\Dusterio\\\\Lumen...')
#25 C:\\xampp\\htdocs\\ApiGateway\\gateway\\vendor\\illuminate\\container\\Container.php(651): Illuminate\\Container\\Container->resolve('\\\\Dusterio\\\\Lumen...', Array)
#26 C:\\xampp\\htdocs\\ApiGateway\\gateway\\vendor\\laravel\\lumen-framework\\src\\Application.php(300): Illuminate\\Container\\Container->make('\\\\Dusterio\\\\Lumen...', Array)
#27 C:\\xampp\\htdocs\\ApiGateway\\gateway\\vendor\\laravel\\lumen-framework\\src\\Concerns\\RoutesRequests.php(321): Laravel\\Lumen\\Application->make('\\\\Dusterio\\\\Lumen...')
#28 C:\\xampp\\htdocs\\ApiGateway\\gateway\\vendor\\laravel\\lumen-framework\\src\\Concerns\\RoutesRequests.php(279): Laravel\\Lumen\\Application->callControllerAction(Array)
#29 C:\\xampp\\htdocs\\ApiGateway\\gateway\\vendor\\laravel\\lumen-framework\\src\\Concerns\\RoutesRequests.php(264): Laravel\\Lumen\\Application->callActionOnArrayBasedRoute(Array)
#30 C:\\xampp\\htdocs\\ApiGateway\\gateway\\vendor\\laravel\\lumen-framework\\src\\Concerns\\RoutesRequests.php(166): Laravel\\Lumen\\Application->handleFoundRoute(Array)
#31 C:\\xampp\\htdocs\\ApiGateway\\gateway\\vendor\\laravel\\lumen-framework\\src\\Concerns\\RoutesRequests.php(426): Laravel\\Lumen\\Application->Laravel\\Lumen\\Concerns\\{closure}(Object(Laravel\\Lumen\\Http\\Request))
#32 C:\\xampp\\htdocs\\ApiGateway\\gateway\\vendor\\laravel\\lumen-framework\\src\\Concerns\\RoutesRequests.php(172): Laravel\\Lumen\\Application->sendThroughPipeline(Array, Object(Closure))
#33 C:\\xampp\\htdocs\\ApiGateway\\gateway\\vendor\\laravel\\lumen-framework\\src\\Concerns\\RoutesRequests.php(109): Laravel\\Lumen\\Application->dispatch(NULL)
#34 C:\\xampp\\htdocs\\ApiGateway\\gateway\\public\\index.php(28): Laravel\\Lumen\\Application->run()
#35 {main}
"} 
[2020-12-13 14:02:45] local.ERROR: No application encryption key has been specified. {"exception":"[object] (Illuminate\\Encryption\\MissingAppKeyException(code: 0): No application encryption key has been specified. at C:\\xampp\\htdocs\\ApiGateway\\gateway\\vendor\\illuminate\\encryption\\EncryptionServiceProvider.php:79)
[stacktrace]
#0 C:\\xampp\\htdocs\\ApiGateway\\gateway\\vendor\\illuminate\\support\\helpers.php(263): Illuminate\\Encryption\\EncryptionServiceProvider->Illuminate\\Encryption\\{closure}('')
#1 C:\\xampp\\htdocs\\ApiGateway\\gateway\\vendor\\illuminate\\encryption\\EncryptionServiceProvider.php(81): tap('', Object(Closure))
#2 C:\\xampp\\htdocs\\ApiGateway\\gateway\\vendor\\illuminate\\encryption\\EncryptionServiceProvider.php(60): Illuminate\\Encryption\\EncryptionServiceProvider->key(Array)
#3 C:\\xampp\\htdocs\\ApiGateway\\gateway\\vendor\\illuminate\\encryption\\EncryptionServiceProvider.php(32): Illuminate\\Encryption\\EncryptionServiceProvider->parseKey(Array)
#4 C:\\xampp\\htdocs\\ApiGateway\\gateway\\vendor\\illuminate\\container\\Container.php(826): Illuminate\\Encryption\\EncryptionServiceProvider->Illuminate\\Encryption\\{closure}(Object(Laravel\\Lumen\\Application), Array)
#5 C:\\xampp\\htdocs\\ApiGateway\\gateway\\vendor\\illuminate\\container\\Container.php(712): Illuminate\\Container\\Container->build(Object(Closure))
#6 C:\\xampp\\htdocs\\ApiGateway\\gateway\\vendor\\illuminate\\container\\Container.php(651): Illuminate\\Container\\Container->resolve('encrypter', Array)
#7 C:\\xampp\\htdocs\\ApiGateway\\gateway\\vendor\\laravel\\lumen-framework\\src\\Application.php(300): Illuminate\\Container\\Container->make('encrypter', Array)
#8 C:\\xampp\\htdocs\\ApiGateway\\gateway\\vendor\\laravel\\lumen-framework\\src\\Application.php(668): Laravel\\Lumen\\Application->make('encrypter')
#9 C:\\xampp\\htdocs\\ApiGateway\\gateway\\vendor\\laravel\\lumen-framework\\src\\Application.php(423): Laravel\\Lumen\\Application->loadComponent('app', 'Illuminate\\\\Encr...', 'encrypter')
#10 C:\\xampp\\htdocs\\ApiGateway\\gateway\\vendor\\illuminate\\container\\Container.php(826): Laravel\\Lumen\\Application->Laravel\\Lumen\\{closure}(Object(Laravel\\Lumen\\Application), Array)
#11 C:\\xampp\\htdocs\\ApiGateway\\gateway\\vendor\\illuminate\\container\\Container.php(712): Illuminate\\Container\\Container->build(Object(Closure))
#12 C:\\xampp\\htdocs\\ApiGateway\\gateway\\vendor\\illuminate\\container\\Container.php(651): Illuminate\\Container\\Container->resolve('encrypter', Array)
#13 C:\\xampp\\htdocs\\ApiGateway\\gateway\\vendor\\laravel\\lumen-framework\\src\\Application.php(300): Illuminate\\Container\\Container->make('encrypter', Array)
#14 C:\\xampp\\htdocs\\ApiGateway\\gateway\\vendor\\laravel\\lumen-framework\\src\\helpers.php(42): Laravel\\Lumen\\Application->make('encrypter', Array)
#15 C:\\xampp\\htdocs\\ApiGateway\\gateway\\vendor\\laravel\\passport\\src\\PassportServiceProvider.php(215): app('encrypter')
#16 C:\\xampp\\htdocs\\ApiGateway\\gateway\\vendor\\laravel\\passport\\src\\PassportServiceProvider.php(104): Laravel\\Passport\\PassportServiceProvider->makeAuthorizationServer()
#17 C:\\xampp\\htdocs\\ApiGateway\\gateway\\vendor\\illuminate\\container\\Container.php(826): Laravel\\Passport\\PassportServiceProvider->Laravel\\Passport\\{closure}(Object(Laravel\\Lumen\\Application), Array)
#18 C:\\xampp\\htdocs\\ApiGateway\\gateway\\vendor\\illuminate\\container\\Container.php(712): Illuminate\\Container\\Container->build(Object(Closure))
#19 C:\\xampp\\htdocs\\ApiGateway\\gateway\\vendor\\illuminate\\container\\Container.php(651): Illuminate\\Container\\Container->resolve('League\\\\OAuth2\\\\S...', Array)
#20 C:\\xampp\\htdocs\\ApiGateway\\gateway\\vendor\\laravel\\lumen-framework\\src\\Application.php(300): Illuminate\\Container\\Container->make('League\\\\OAuth2\\\\S...', Array)
#21 C:\\xampp\\htdocs\\ApiGateway\\gateway\\vendor\\illuminate\\container\\Container.php(980): Laravel\\Lumen\\Application->make('League\\\\OAuth2\\\\S...')
#22 C:\\xampp\\htdocs\\ApiGateway\\gateway\\vendor\\illuminate\\container\\Container.php(900): Illuminate\\Container\\Container->resolveClass(Object(ReflectionParameter))
#23 C:\\xampp\\htdocs\\ApiGateway\\gateway\\vendor\\illuminate\\container\\Container.php(861): Illuminate\\Container\\Container->resolveDependencies(Array)
#24 C:\\xampp\\htdocs\\ApiGateway\\gateway\\vendor\\illuminate\\container\\Container.php(712): Illuminate\\Container\\Container->build('\\\\Dusterio\\\\Lumen...')
#25 C:\\xampp\\htdocs\\ApiGateway\\gateway\\vendor\\illuminate\\container\\Container.php(651): Illuminate\\Container\\Container->resolve('\\\\Dusterio\\\\Lumen...', Array)
#26 C:\\xampp\\htdocs\\ApiGateway\\gateway\\vendor\\laravel\\lumen-framework\\src\\Application.php(300): Illuminate\\Container\\Container->make('\\\\Dusterio\\\\Lumen...', Array)
#27 C:\\xampp\\htdocs\\ApiGateway\\gateway\\vendor\\laravel\\lumen-framework\\src\\Concerns\\RoutesRequests.php(321): Laravel\\Lumen\\Application->make('\\\\Dusterio\\\\Lumen...')
#28 C:\\xampp\\htdocs\\ApiGateway\\gateway\\vendor\\laravel\\lumen-framework\\src\\Concerns\\RoutesRequests.php(279): Laravel\\Lumen\\Application->callControllerAction(Array)
#29 C:\\xampp\\htdocs\\ApiGateway\\gateway\\vendor\\laravel\\lumen-framework\\src\\Concerns\\RoutesRequests.php(264): Laravel\\Lumen\\Application->callActionOnArrayBasedRoute(Array)
#30 C:\\xampp\\htdocs\\ApiGateway\\gateway\\vendor\\laravel\\lumen-framework\\src\\Concerns\\RoutesRequests.php(166): Laravel\\Lumen\\Application->handleFoundRoute(Array)
#31 C:\\xampp\\htdocs\\ApiGateway\\gateway\\vendor\\laravel\\lumen-framework\\src\\Concerns\\RoutesRequests.php(426): Laravel\\Lumen\\Application->Laravel\\Lumen\\Concerns\\{closure}(Object(Laravel\\Lumen\\Http\\Request))
#32 C:\\xampp\\htdocs\\ApiGateway\\gateway\\vendor\\laravel\\lumen-framework\\src\\Concerns\\RoutesRequests.php(172): Laravel\\Lumen\\Application->sendThroughPipeline(Array, Object(Closure))
#33 C:\\xampp\\htdocs\\ApiGateway\\gateway\\vendor\\laravel\\lumen-framework\\src\\Concerns\\RoutesRequests.php(109): Laravel\\Lumen\\Application->dispatch(NULL)
#34 C:\\xampp\\htdocs\\ApiGateway\\gateway\\public\\index.php(28): Laravel\\Lumen\\Application->run()
#35 {main}
"} 
[2020-12-13 14:05:47] local.ERROR: No application encryption key has been specified. {"exception":"[object] (Illuminate\\Encryption\\MissingAppKeyException(code: 0): No application encryption key has been specified. at C:\\xampp\\htdocs\\ApiGateway\\gateway\\vendor\\illuminate\\encryption\\EncryptionServiceProvider.php:79)
[stacktrace]
#0 C:\\xampp\\htdocs\\ApiGateway\\gateway\\vendor\\illuminate\\support\\helpers.php(263): Illuminate\\Encryption\\EncryptionServiceProvider->Illuminate\\Encryption\\{closure}('')
#1 C:\\xampp\\htdocs\\ApiGateway\\gateway\\vendor\\illuminate\\encryption\\EncryptionServiceProvider.php(81): tap('', Object(Closure))
#2 C:\\xampp\\htdocs\\ApiGateway\\gateway\\vendor\\illuminate\\encryption\\EncryptionServiceProvider.php(60): Illuminate\\Encryption\\EncryptionServiceProvider->key(Array)
#3 C:\\xampp\\htdocs\\ApiGateway\\gateway\\vendor\\illuminate\\encryption\\EncryptionServiceProvider.php(32): Illuminate\\Encryption\\EncryptionServiceProvider->parseKey(Array)
#4 C:\\xampp\\htdocs\\ApiGateway\\gateway\\vendor\\illuminate\\container\\Container.php(826): Illuminate\\Encryption\\EncryptionServiceProvider->Illuminate\\Encryption\\{closure}(Object(Laravel\\Lumen\\Application), Array)
#5 C:\\xampp\\htdocs\\ApiGateway\\gateway\\vendor\\illuminate\\container\\Container.php(712): Illuminate\\Container\\Container->build(Object(Closure))
#6 C:\\xampp\\htdocs\\ApiGateway\\gateway\\vendor\\illuminate\\container\\Container.php(651): Illuminate\\Container\\Container->resolve('encrypter', Array)
#7 C:\\xampp\\htdocs\\ApiGateway\\gateway\\vendor\\laravel\\lumen-framework\\src\\Application.php(300): Illuminate\\Container\\Container->make('encrypter', Array)
#8 C:\\xampp\\htdocs\\ApiGateway\\gateway\\vendor\\laravel\\lumen-framework\\src\\Application.php(668): Laravel\\Lumen\\Application->make('encrypter')
#9 C:\\xampp\\htdocs\\ApiGateway\\gateway\\vendor\\laravel\\lumen-framework\\src\\Application.php(423): Laravel\\Lumen\\Application->loadComponent('app', 'Illuminate\\\\Encr...', 'encrypter')
#10 C:\\xampp\\htdocs\\ApiGateway\\gateway\\vendor\\illuminate\\container\\Container.php(826): Laravel\\Lumen\\Application->Laravel\\Lumen\\{closure}(Object(Laravel\\Lumen\\Application), Array)
#11 C:\\xampp\\htdocs\\ApiGateway\\gateway\\vendor\\illuminate\\container\\Container.php(712): Illuminate\\Container\\Container->build(Object(Closure))
#12 C:\\xampp\\htdocs\\ApiGateway\\gateway\\vendor\\illuminate\\container\\Container.php(651): Illuminate\\Container\\Container->resolve('encrypter', Array)
#13 C:\\xampp\\htdocs\\ApiGateway\\gateway\\vendor\\laravel\\lumen-framework\\src\\Application.php(300): Illuminate\\Container\\Container->make('encrypter', Array)
#14 C:\\xampp\\htdocs\\ApiGateway\\gateway\\vendor\\laravel\\lumen-framework\\src\\helpers.php(42): Laravel\\Lumen\\Application->make('encrypter', Array)
#15 C:\\xampp\\htdocs\\ApiGateway\\gateway\\vendor\\laravel\\passport\\src\\PassportServiceProvider.php(215): app('encrypter')
#16 C:\\xampp\\htdocs\\ApiGateway\\gateway\\vendor\\laravel\\passport\\src\\PassportServiceProvider.php(104): Laravel\\Passport\\PassportServiceProvider->makeAuthorizationServer()
#17 C:\\xampp\\htdocs\\ApiGateway\\gateway\\vendor\\illuminate\\container\\Container.php(826): Laravel\\Passport\\PassportServiceProvider->Laravel\\Passport\\{closure}(Object(Laravel\\Lumen\\Application), Array)
#18 C:\\xampp\\htdocs\\ApiGateway\\gateway\\vendor\\illuminate\\container\\Container.php(712): Illuminate\\Container\\Container->build(Object(Closure))
#19 C:\\xampp\\htdocs\\ApiGateway\\gateway\\vendor\\illuminate\\container\\Container.php(651): Illuminate\\Container\\Container->resolve('League\\\\OAuth2\\\\S...', Array)
#20 C:\\xampp\\htdocs\\ApiGateway\\gateway\\vendor\\laravel\\lumen-framework\\src\\Application.php(300): Illuminate\\Container\\Container->make('League\\\\OAuth2\\\\S...', Array)
#21 C:\\xampp\\htdocs\\ApiGateway\\gateway\\vendor\\illuminate\\container\\Container.php(980): Laravel\\Lumen\\Application->make('League\\\\OAuth2\\\\S...')
#22 C:\\xampp\\htdocs\\ApiGateway\\gateway\\vendor\\illuminate\\container\\Container.php(900): Illuminate\\Container\\Container->resolveClass(Object(ReflectionParameter))
#23 C:\\xampp\\htdocs\\ApiGateway\\gateway\\vendor\\illuminate\\container\\Container.php(861): Illuminate\\Container\\Container->resolveDependencies(Array)
#24 C:\\xampp\\htdocs\\ApiGateway\\gateway\\vendor\\illuminate\\container\\Container.php(712): Illuminate\\Container\\Container->build('\\\\Dusterio\\\\Lumen...')
#25 C:\\xampp\\htdocs\\ApiGateway\\gateway\\vendor\\illuminate\\container\\Container.php(651): Illuminate\\Container\\Container->resolve('\\\\Dusterio\\\\Lumen...', Array)
#26 C:\\xampp\\htdocs\\ApiGateway\\gateway\\vendor\\laravel\\lumen-framework\\src\\Application.php(300): Illuminate\\Container\\Container->make('\\\\Dusterio\\\\Lumen...', Array)
#27 C:\\xampp\\htdocs\\ApiGateway\\gateway\\vendor\\laravel\\lumen-framework\\src\\Concerns\\RoutesRequests.php(321): Laravel\\Lumen\\Application->make('\\\\Dusterio\\\\Lumen...')
#28 C:\\xampp\\htdocs\\ApiGateway\\gateway\\vendor\\laravel\\lumen-framework\\src\\Concerns\\RoutesRequests.php(279): Laravel\\Lumen\\Application->callControllerAction(Array)
#29 C:\\xampp\\htdocs\\ApiGateway\\gateway\\vendor\\laravel\\lumen-framework\\src\\Concerns\\RoutesRequests.php(264): Laravel\\Lumen\\Application->callActionOnArrayBasedRoute(Array)
#30 C:\\xampp\\htdocs\\ApiGateway\\gateway\\vendor\\laravel\\lumen-framework\\src\\Concerns\\RoutesRequests.php(166): Laravel\\Lumen\\Application->handleFoundRoute(Array)
#31 C:\\xampp\\htdocs\\ApiGateway\\gateway\\vendor\\laravel\\lumen-framework\\src\\Concerns\\RoutesRequests.php(426): Laravel\\Lumen\\Application->Laravel\\Lumen\\Concerns\\{closure}(Object(Laravel\\Lumen\\Http\\Request))
#32 C:\\xampp\\htdocs\\ApiGateway\\gateway\\vendor\\laravel\\lumen-framework\\src\\Concerns\\RoutesRequests.php(172): Laravel\\Lumen\\Application->sendThroughPipeline(Array, Object(Closure))
#33 C:\\xampp\\htdocs\\ApiGateway\\gateway\\vendor\\laravel\\lumen-framework\\src\\Concerns\\RoutesRequests.php(109): Laravel\\Lumen\\Application->dispatch(NULL)
#34 C:\\xampp\\htdocs\\ApiGateway\\gateway\\public\\index.php(28): Laravel\\Lumen\\Application->run()
#35 {main}
"} 
[2020-12-13 14:10:17] local.ERROR: The only supported ciphers are AES-128-CBC and AES-256-CBC with the correct key lengths. {"exception":"[object] (RuntimeException(code: 0): The only supported ciphers are AES-128-CBC and AES-256-CBC with the correct key lengths. at C:\\xampp\\htdocs\\ApiGateway\\gateway\\vendor\\illuminate\\encryption\\Encrypter.php:43)
[stacktrace]
#0 C:\\xampp\\htdocs\\ApiGateway\\gateway\\vendor\\illuminate\\encryption\\EncryptionServiceProvider.php(32): Illuminate\\Encryption\\Encrypter->__construct('asdf', 'AES-256-CBC')
#1 C:\\xampp\\htdocs\\ApiGateway\\gateway\\vendor\\illuminate\\container\\Container.php(826): Illuminate\\Encryption\\EncryptionServiceProvider->Illuminate\\Encryption\\{closure}(Object(Laravel\\Lumen\\Application), Array)
#2 C:\\xampp\\htdocs\\ApiGateway\\gateway\\vendor\\illuminate\\container\\Container.php(712): Illuminate\\Container\\Container->build(Object(Closure))
#3 C:\\xampp\\htdocs\\ApiGateway\\gateway\\vendor\\illuminate\\container\\Container.php(651): Illuminate\\Container\\Container->resolve('encrypter', Array)
#4 C:\\xampp\\htdocs\\ApiGateway\\gateway\\vendor\\laravel\\lumen-framework\\src\\Application.php(300): Illuminate\\Container\\Container->make('encrypter', Array)
#5 C:\\xampp\\htdocs\\ApiGateway\\gateway\\vendor\\laravel\\lumen-framework\\src\\Application.php(668): Laravel\\Lumen\\Application->make('encrypter')
#6 C:\\xampp\\htdocs\\ApiGateway\\gateway\\vendor\\laravel\\lumen-framework\\src\\Application.php(423): Laravel\\Lumen\\Application->loadComponent('app', 'Illuminate\\\\Encr...', 'encrypter')
#7 C:\\xampp\\htdocs\\ApiGateway\\gateway\\vendor\\illuminate\\container\\Container.php(826): Laravel\\Lumen\\Application->Laravel\\Lumen\\{closure}(Object(Laravel\\Lumen\\Application), Array)
#8 C:\\xampp\\htdocs\\ApiGateway\\gateway\\vendor\\illuminate\\container\\Container.php(712): Illuminate\\Container\\Container->build(Object(Closure))
#9 C:\\xampp\\htdocs\\ApiGateway\\gateway\\vendor\\illuminate\\container\\Container.php(651): Illuminate\\Container\\Container->resolve('encrypter', Array)
#10 C:\\xampp\\htdocs\\ApiGateway\\gateway\\vendor\\laravel\\lumen-framework\\src\\Application.php(300): Illuminate\\Container\\Container->make('encrypter', Array)
#11 C:\\xampp\\htdocs\\ApiGateway\\gateway\\vendor\\laravel\\lumen-framework\\src\\helpers.php(42): Laravel\\Lumen\\Application->make('encrypter', Array)
#12 C:\\xampp\\htdocs\\ApiGateway\\gateway\\vendor\\laravel\\passport\\src\\PassportServiceProvider.php(215): app('encrypter')
#13 C:\\xampp\\htdocs\\ApiGateway\\gateway\\vendor\\laravel\\passport\\src\\PassportServiceProvider.php(104): Laravel\\Passport\\PassportServiceProvider->makeAuthorizationServer()
#14 C:\\xampp\\htdocs\\ApiGateway\\gateway\\vendor\\illuminate\\container\\Container.php(826): Laravel\\Passport\\PassportServiceProvider->Laravel\\Passport\\{closure}(Object(Laravel\\Lumen\\Application), Array)
#15 C:\\xampp\\htdocs\\ApiGateway\\gateway\\vendor\\illuminate\\container\\Container.php(712): Illuminate\\Container\\Container->build(Object(Closure))
#16 C:\\xampp\\htdocs\\ApiGateway\\gateway\\vendor\\illuminate\\container\\Container.php(651): Illuminate\\Container\\Container->resolve('League\\\\OAuth2\\\\S...', Array)
#17 C:\\xampp\\htdocs\\ApiGateway\\gateway\\vendor\\laravel\\lumen-framework\\src\\Application.php(300): Illuminate\\Container\\Container->make('League\\\\OAuth2\\\\S...', Array)
#18 C:\\xampp\\htdocs\\ApiGateway\\gateway\\vendor\\illuminate\\container\\Container.php(980): Laravel\\Lumen\\Application->make('League\\\\OAuth2\\\\S...')
#19 C:\\xampp\\htdocs\\ApiGateway\\gateway\\vendor\\illuminate\\container\\Container.php(900): Illuminate\\Container\\Container->resolveClass(Object(ReflectionParameter))
#20 C:\\xampp\\htdocs\\ApiGateway\\gateway\\vendor\\illuminate\\container\\Container.php(861): Illuminate\\Container\\Container->resolveDependencies(Array)
#21 C:\\xampp\\htdocs\\ApiGateway\\gateway\\vendor\\illuminate\\container\\Container.php(712): Illuminate\\Container\\Container->build('\\\\Dusterio\\\\Lumen...')
#22 C:\\xampp\\htdocs\\ApiGateway\\gateway\\vendor\\illuminate\\container\\Container.php(651): Illuminate\\Container\\Container->resolve('\\\\Dusterio\\\\Lumen...', Array)
#23 C:\\xampp\\htdocs\\ApiGateway\\gateway\\vendor\\laravel\\lumen-framework\\src\\Application.php(300): Illuminate\\Container\\Container->make('\\\\Dusterio\\\\Lumen...', Array)
#24 C:\\xampp\\htdocs\\ApiGateway\\gateway\\vendor\\laravel\\lumen-framework\\src\\Concerns\\RoutesRequests.php(321): Laravel\\Lumen\\Application->make('\\\\Dusterio\\\\Lumen...')
#25 C:\\xampp\\htdocs\\ApiGateway\\gateway\\vendor\\laravel\\lumen-framework\\src\\Concerns\\RoutesRequests.php(279): Laravel\\Lumen\\Application->callControllerAction(Array)
#26 C:\\xampp\\htdocs\\ApiGateway\\gateway\\vendor\\laravel\\lumen-framework\\src\\Concerns\\RoutesRequests.php(264): Laravel\\Lumen\\Application->callActionOnArrayBasedRoute(Array)
#27 C:\\xampp\\htdocs\\ApiGateway\\gateway\\vendor\\laravel\\lumen-framework\\src\\Concerns\\RoutesRequests.php(166): Laravel\\Lumen\\Application->handleFoundRoute(Array)
#28 C:\\xampp\\htdocs\\ApiGateway\\gateway\\vendor\\laravel\\lumen-framework\\src\\Concerns\\RoutesRequests.php(426): Laravel\\Lumen\\Application->Laravel\\Lumen\\Concerns\\{closure}(Object(Laravel\\Lumen\\Http\\Request))
#29 C:\\xampp\\htdocs\\ApiGateway\\gateway\\vendor\\laravel\\lumen-framework\\src\\Concerns\\RoutesRequests.php(172): Laravel\\Lumen\\Application->sendThroughPipeline(Array, Object(Closure))
#30 C:\\xampp\\htdocs\\ApiGateway\\gateway\\vendor\\laravel\\lumen-framework\\src\\Concerns\\RoutesRequests.php(109): Laravel\\Lumen\\Application->dispatch(NULL)
#31 C:\\xampp\\htdocs\\ApiGateway\\gateway\\public\\index.php(28): Laravel\\Lumen\\Application->run()
#32 {main}
"} 
[2020-12-13 14:12:59] local.ERROR: Unauthenticated. {"exception":"[object] (Illuminate\\Auth\\AuthenticationException(code: 0): Unauthenticated. at C:\\xampp\\htdocs\\ApiGateway\\gateway\\vendor\\laravel\\passport\\src\\Http\\Middleware\\CheckCredentials.php:64)
[stacktrace]
#0 C:\\xampp\\htdocs\\ApiGateway\\gateway\\vendor\\illuminate\\pipeline\\Pipeline.php(167): Laravel\\Passport\\Http\\Middleware\\CheckCredentials->handle(Object(Laravel\\Lumen\\Http\\Request), Object(Closure))
#1 C:\\xampp\\htdocs\\ApiGateway\\gateway\\vendor\\laravel\\lumen-framework\\src\\Routing\\Pipeline.php(30): Illuminate\\Pipeline\\Pipeline->Illuminate\\Pipeline\\{closure}(Object(Laravel\\Lumen\\Http\\Request))
#2 C:\\xampp\\htdocs\\ApiGateway\\gateway\\vendor\\illuminate\\pipeline\\Pipeline.php(103): Laravel\\Lumen\\Routing\\Pipeline->Laravel\\Lumen\\Routing\\{closure}(Object(Laravel\\Lumen\\Http\\Request))
#3 C:\\xampp\\htdocs\\ApiGateway\\gateway\\vendor\\laravel\\lumen-framework\\src\\Concerns\\RoutesRequests.php(423): Illuminate\\Pipeline\\Pipeline->then(Object(Closure))
#4 C:\\xampp\\htdocs\\ApiGateway\\gateway\\vendor\\laravel\\lumen-framework\\src\\Concerns\\RoutesRequests.php(260): Laravel\\Lumen\\Application->sendThroughPipeline(Array, Object(Closure))
#5 C:\\xampp\\htdocs\\ApiGateway\\gateway\\vendor\\laravel\\lumen-framework\\src\\Concerns\\RoutesRequests.php(166): Laravel\\Lumen\\Application->handleFoundRoute(Array)
#6 C:\\xampp\\htdocs\\ApiGateway\\gateway\\vendor\\laravel\\lumen-framework\\src\\Concerns\\RoutesRequests.php(426): Laravel\\Lumen\\Application->Laravel\\Lumen\\Concerns\\{closure}(Object(Laravel\\Lumen\\Http\\Request))
#7 C:\\xampp\\htdocs\\ApiGateway\\gateway\\vendor\\laravel\\lumen-framework\\src\\Concerns\\RoutesRequests.php(172): Laravel\\Lumen\\Application->sendThroughPipeline(Array, Object(Closure))
#8 C:\\xampp\\htdocs\\ApiGateway\\gateway\\vendor\\laravel\\lumen-framework\\src\\Concerns\\RoutesRequests.php(109): Laravel\\Lumen\\Application->dispatch(NULL)
#9 C:\\xampp\\htdocs\\ApiGateway\\gateway\\public\\index.php(28): Laravel\\Lumen\\Application->run()
#10 {main}
"} 
[2020-12-13 14:32:13] local.ERROR: Unauthenticated. {"exception":"[object] (Illuminate\\Auth\\AuthenticationException(code: 0): Unauthenticated. at C:\\xampp\\htdocs\\ApiGateway\\gateway\\vendor\\laravel\\passport\\src\\Http\\Middleware\\CheckCredentials.php:64)
[stacktrace]
#0 C:\\xampp\\htdocs\\ApiGateway\\gateway\\vendor\\illuminate\\pipeline\\Pipeline.php(167): Laravel\\Passport\\Http\\Middleware\\CheckCredentials->handle(Object(Laravel\\Lumen\\Http\\Request), Object(Closure))
#1 C:\\xampp\\htdocs\\ApiGateway\\gateway\\vendor\\laravel\\lumen-framework\\src\\Routing\\Pipeline.php(30): Illuminate\\Pipeline\\Pipeline->Illuminate\\Pipeline\\{closure}(Object(Laravel\\Lumen\\Http\\Request))
#2 C:\\xampp\\htdocs\\ApiGateway\\gateway\\vendor\\illuminate\\pipeline\\Pipeline.php(103): Laravel\\Lumen\\Routing\\Pipeline->Laravel\\Lumen\\Routing\\{closure}(Object(Laravel\\Lumen\\Http\\Request))
#3 C:\\xampp\\htdocs\\ApiGateway\\gateway\\vendor\\laravel\\lumen-framework\\src\\Concerns\\RoutesRequests.php(423): Illuminate\\Pipeline\\Pipeline->then(Object(Closure))
#4 C:\\xampp\\htdocs\\ApiGateway\\gateway\\vendor\\laravel\\lumen-framework\\src\\Concerns\\RoutesRequests.php(260): Laravel\\Lumen\\Application->sendThroughPipeline(Array, Object(Closure))
#5 C:\\xampp\\htdocs\\ApiGateway\\gateway\\vendor\\laravel\\lumen-framework\\src\\Concerns\\RoutesRequests.php(166): Laravel\\Lumen\\Application->handleFoundRoute(Array)
#6 C:\\xampp\\htdocs\\ApiGateway\\gateway\\vendor\\laravel\\lumen-framework\\src\\Concerns\\RoutesRequests.php(426): Laravel\\Lumen\\Application->Laravel\\Lumen\\Concerns\\{closure}(Object(Laravel\\Lumen\\Http\\Request))
#7 C:\\xampp\\htdocs\\ApiGateway\\gateway\\vendor\\laravel\\lumen-framework\\src\\Concerns\\RoutesRequests.php(172): Laravel\\Lumen\\Application->sendThroughPipeline(Array, Object(Closure))
#8 C:\\xampp\\htdocs\\ApiGateway\\gateway\\vendor\\laravel\\lumen-framework\\src\\Concerns\\RoutesRequests.php(109): Laravel\\Lumen\\Application->dispatch(NULL)
#9 C:\\xampp\\htdocs\\ApiGateway\\gateway\\public\\index.php(28): Laravel\\Lumen\\Application->run()
#10 {main}
"} 
[2020-12-13 14:49:11] local.ERROR: Unauthenticated. {"exception":"[object] (Illuminate\\Auth\\AuthenticationException(code: 0): Unauthenticated. at C:\\xampp\\htdocs\\ApiGateway\\gateway\\vendor\\laravel\\passport\\src\\Http\\Middleware\\CheckCredentials.php:64)
[stacktrace]
#0 C:\\xampp\\htdocs\\ApiGateway\\gateway\\vendor\\illuminate\\pipeline\\Pipeline.php(167): Laravel\\Passport\\Http\\Middleware\\CheckCredentials->handle(Object(Laravel\\Lumen\\Http\\Request), Object(Closure))
#1 C:\\xampp\\htdocs\\ApiGateway\\gateway\\vendor\\laravel\\lumen-framework\\src\\Routing\\Pipeline.php(30): Illuminate\\Pipeline\\Pipeline->Illuminate\\Pipeline\\{closure}(Object(Laravel\\Lumen\\Http\\Request))
#2 C:\\xampp\\htdocs\\ApiGateway\\gateway\\vendor\\illuminate\\pipeline\\Pipeline.php(103): Laravel\\Lumen\\Routing\\Pipeline->Laravel\\Lumen\\Routing\\{closure}(Object(Laravel\\Lumen\\Http\\Request))
#3 C:\\xampp\\htdocs\\ApiGateway\\gateway\\vendor\\laravel\\lumen-framework\\src\\Concerns\\RoutesRequests.php(423): Illuminate\\Pipeline\\Pipeline->then(Object(Closure))
#4 C:\\xampp\\htdocs\\ApiGateway\\gateway\\vendor\\laravel\\lumen-framework\\src\\Concerns\\RoutesRequests.php(260): Laravel\\Lumen\\Application->sendThroughPipeline(Array, Object(Closure))
#5 C:\\xampp\\htdocs\\ApiGateway\\gateway\\vendor\\laravel\\lumen-framework\\src\\Concerns\\RoutesRequests.php(166): Laravel\\Lumen\\Application->handleFoundRoute(Array)
#6 C:\\xampp\\htdocs\\ApiGateway\\gateway\\vendor\\laravel\\lumen-framework\\src\\Concerns\\RoutesRequests.php(426): Laravel\\Lumen\\Application->Laravel\\Lumen\\Concerns\\{closure}(Object(Laravel\\Lumen\\Http\\Request))
#7 C:\\xampp\\htdocs\\ApiGateway\\gateway\\vendor\\laravel\\lumen-framework\\src\\Concerns\\RoutesRequests.php(172): Laravel\\Lumen\\Application->sendThroughPipeline(Array, Object(Closure))
#8 C:\\xampp\\htdocs\\ApiGateway\\gateway\\vendor\\laravel\\lumen-framework\\src\\Concerns\\RoutesRequests.php(109): Laravel\\Lumen\\Application->dispatch(NULL)
#9 C:\\xampp\\htdocs\\ApiGateway\\gateway\\public\\index.php(28): Laravel\\Lumen\\Application->run()
#10 {main}
"} 
[2020-12-13 15:12:42] local.ERROR: Client error: `GET http://localhost:8001/users` resulted in a `401 Unauthorized` response:
<!--  (401 Unauthorized) -->
<!DOCTYPE html>
<html lang="en">
    <head>
        <meta charset="UTF-8" />
        <meta  (truncated...)
 {"exception":"[object] (GuzzleHttp\\Exception\\ClientException(code: 401): Client error: `GET http://localhost:8001/users` resulted in a `401 Unauthorized` response:
<!--  (401 Unauthorized) -->
<!DOCTYPE html>
<html lang=\"en\">
    <head>
        <meta charset=\"UTF-8\" />
        <meta  (truncated...)
 at C:\\xampp\\htdocs\\ApiGateway\\gateway\\vendor\\guzzlehttp\\guzzle\\src\\Exception\\RequestException.php:113)
[stacktrace]
#0 C:\\xampp\\htdocs\\ApiGateway\\gateway\\vendor\\guzzlehttp\\guzzle\\src\\Middleware.php(69): GuzzleHttp\\Exception\\RequestException::create(Object(GuzzleHttp\\Psr7\\Request), Object(GuzzleHttp\\Psr7\\Response), NULL, Array, NULL)
#1 C:\\xampp\\htdocs\\ApiGateway\\gateway\\vendor\\guzzlehttp\\promises\\src\\Promise.php(204): GuzzleHttp\\Middleware::GuzzleHttp\\{closure}(Object(GuzzleHttp\\Psr7\\Response))
#2 C:\\xampp\\htdocs\\ApiGateway\\gateway\\vendor\\guzzlehttp\\promises\\src\\Promise.php(153): GuzzleHttp\\Promise\\Promise::callHandler(1, Object(GuzzleHttp\\Psr7\\Response), NULL)
#3 C:\\xampp\\htdocs\\ApiGateway\\gateway\\vendor\\guzzlehttp\\promises\\src\\TaskQueue.php(48): GuzzleHttp\\Promise\\Promise::GuzzleHttp\\Promise\\{closure}()
#4 C:\\xampp\\htdocs\\ApiGateway\\gateway\\vendor\\guzzlehttp\\promises\\src\\Promise.php(248): GuzzleHttp\\Promise\\TaskQueue->run(true)
#5 C:\\xampp\\htdocs\\ApiGateway\\gateway\\vendor\\guzzlehttp\\promises\\src\\Promise.php(224): GuzzleHttp\\Promise\\Promise->invokeWaitFn()
#6 C:\\xampp\\htdocs\\ApiGateway\\gateway\\vendor\\guzzlehttp\\promises\\src\\Promise.php(269): GuzzleHttp\\Promise\\Promise->waitIfPending()
#7 C:\\xampp\\htdocs\\ApiGateway\\gateway\\vendor\\guzzlehttp\\promises\\src\\Promise.php(226): GuzzleHttp\\Promise\\Promise->invokeWaitList()
#8 C:\\xampp\\htdocs\\ApiGateway\\gateway\\vendor\\guzzlehttp\\promises\\src\\Promise.php(62): GuzzleHttp\\Promise\\Promise->waitIfPending()
#9 C:\\xampp\\htdocs\\ApiGateway\\gateway\\vendor\\guzzlehttp\\guzzle\\src\\Client.php(187): GuzzleHttp\\Promise\\Promise->wait()
#10 C:\\xampp\\htdocs\\ApiGateway\\gateway\\app\\Traits\\ConsumesExternalService.php(29): GuzzleHttp\\Client->request('GET', '/users', Array)
#11 C:\\xampp\\htdocs\\ApiGateway\\gateway\\app\\Services\\User2Service.php(32): App\\Services\\User2Service->performRequest('GET', '/users')
#12 C:\\xampp\\htdocs\\ApiGateway\\gateway\\app\\Http\\Controllers\\User2Controller.php(29): App\\Services\\User2Service->obtainUsers2()
#13 C:\\xampp\\htdocs\\ApiGateway\\gateway\\vendor\\illuminate\\container\\BoundMethod.php(36): App\\Http\\Controllers\\User2Controller->getUsers()
#14 C:\\xampp\\htdocs\\ApiGateway\\gateway\\vendor\\illuminate\\container\\Util.php(40): Illuminate\\Container\\BoundMethod::Illuminate\\Container\\{closure}()
#15 C:\\xampp\\htdocs\\ApiGateway\\gateway\\vendor\\illuminate\\container\\BoundMethod.php(93): Illuminate\\Container\\Util::unwrapIfClosure(Object(Closure))
#16 C:\\xampp\\htdocs\\ApiGateway\\gateway\\vendor\\illuminate\\container\\BoundMethod.php(37): Illuminate\\Container\\BoundMethod::callBoundMethod(Object(Laravel\\Lumen\\Application), Array, Object(Closure))
#17 C:\\xampp\\htdocs\\ApiGateway\\gateway\\vendor\\illuminate\\container\\Container.php(610): Illuminate\\Container\\BoundMethod::call(Object(Laravel\\Lumen\\Application), Array, Array, NULL)
#18 C:\\xampp\\htdocs\\ApiGateway\\gateway\\vendor\\laravel\\lumen-framework\\src\\Concerns\\RoutesRequests.php(386): Illuminate\\Container\\Container->call(Array, Array)
#19 C:\\xampp\\htdocs\\ApiGateway\\gateway\\vendor\\laravel\\lumen-framework\\src\\Concerns\\RoutesRequests.php(352): Laravel\\Lumen\\Application->callControllerCallable(Array, Array)
#20 C:\\xampp\\htdocs\\ApiGateway\\gateway\\vendor\\laravel\\lumen-framework\\src\\Concerns\\RoutesRequests.php(326): Laravel\\Lumen\\Application->callLumenController(Object(App\\Http\\Controllers\\User2Controller), 'getUsers', Array)
#21 C:\\xampp\\htdocs\\ApiGateway\\gateway\\vendor\\laravel\\lumen-framework\\src\\Concerns\\RoutesRequests.php(279): Laravel\\Lumen\\Application->callControllerAction(Array)
#22 C:\\xampp\\htdocs\\ApiGateway\\gateway\\vendor\\laravel\\lumen-framework\\src\\Concerns\\RoutesRequests.php(259): Laravel\\Lumen\\Application->callActionOnArrayBasedRoute(Array)
#23 C:\\xampp\\htdocs\\ApiGateway\\gateway\\vendor\\laravel\\lumen-framework\\src\\Routing\\Pipeline.php(48): Laravel\\Lumen\\Application->Laravel\\Lumen\\Concerns\\{closure}(Object(Laravel\\Lumen\\Http\\Request))
#24 C:\\xampp\\htdocs\\ApiGateway\\gateway\\vendor\\laravel\\passport\\src\\Http\\Middleware\\CheckCredentials.php(69): Laravel\\Lumen\\Routing\\Pipeline->Laravel\\Lumen\\Routing\\{closure}(Object(Laravel\\Lumen\\Http\\Request))
#25 C:\\xampp\\htdocs\\ApiGateway\\gateway\\vendor\\illuminate\\pipeline\\Pipeline.php(167): Laravel\\Passport\\Http\\Middleware\\CheckCredentials->handle(Object(Laravel\\Lumen\\Http\\Request), Object(Closure))
#26 C:\\xampp\\htdocs\\ApiGateway\\gateway\\vendor\\laravel\\lumen-framework\\src\\Routing\\Pipeline.php(30): Illuminate\\Pipeline\\Pipeline->Illuminate\\Pipeline\\{closure}(Object(Laravel\\Lumen\\Http\\Request))
#27 C:\\xampp\\htdocs\\ApiGateway\\gateway\\vendor\\illuminate\\pipeline\\Pipeline.php(103): Laravel\\Lumen\\Routing\\Pipeline->Laravel\\Lumen\\Routing\\{closure}(Object(Laravel\\Lumen\\Http\\Request))
#28 C:\\xampp\\htdocs\\ApiGateway\\gateway\\vendor\\laravel\\lumen-framework\\src\\Concerns\\RoutesRequests.php(423): Illuminate\\Pipeline\\Pipeline->then(Object(Closure))
#29 C:\\xampp\\htdocs\\ApiGateway\\gateway\\vendor\\laravel\\lumen-framework\\src\\Concerns\\RoutesRequests.php(260): Laravel\\Lumen\\Application->sendThroughPipeline(Array, Object(Closure))
#30 C:\\xampp\\htdocs\\ApiGateway\\gateway\\vendor\\laravel\\lumen-framework\\src\\Concerns\\RoutesRequests.php(166): Laravel\\Lumen\\Application->handleFoundRoute(Array)
#31 C:\\xampp\\htdocs\\ApiGateway\\gateway\\vendor\\laravel\\lumen-framework\\src\\Concerns\\RoutesRequests.php(426): Laravel\\Lumen\\Application->Laravel\\Lumen\\Concerns\\{closure}(Object(Laravel\\Lumen\\Http\\Request))
#32 C:\\xampp\\htdocs\\ApiGateway\\gateway\\vendor\\laravel\\lumen-framework\\src\\Concerns\\RoutesRequests.php(172): Laravel\\Lumen\\Application->sendThroughPipeline(Array, Object(Closure))
#33 C:\\xampp\\htdocs\\ApiGateway\\gateway\\vendor\\laravel\\lumen-framework\\src\\Concerns\\RoutesRequests.php(109): Laravel\\Lumen\\Application->dispatch(NULL)
#34 C:\\xampp\\htdocs\\ApiGateway\\gateway\\public\\index.php(28): Laravel\\Lumen\\Application->run()
#35 {main}
"} 
[2020-12-13 15:14:14] local.ERROR: Unauthenticated. {"exception":"[object] (Illuminate\\Auth\\AuthenticationException(code: 0): Unauthenticated. at C:\\xampp\\htdocs\\ApiGateway\\gateway\\vendor\\laravel\\passport\\src\\Http\\Middleware\\CheckCredentials.php:64)
[stacktrace]
#0 C:\\xampp\\htdocs\\ApiGateway\\gateway\\vendor\\illuminate\\pipeline\\Pipeline.php(167): Laravel\\Passport\\Http\\Middleware\\CheckCredentials->handle(Object(Laravel\\Lumen\\Http\\Request), Object(Closure))
#1 C:\\xampp\\htdocs\\ApiGateway\\gateway\\vendor\\laravel\\lumen-framework\\src\\Routing\\Pipeline.php(30): Illuminate\\Pipeline\\Pipeline->Illuminate\\Pipeline\\{closure}(Object(Laravel\\Lumen\\Http\\Request))
#2 C:\\xampp\\htdocs\\ApiGateway\\gateway\\vendor\\illuminate\\pipeline\\Pipeline.php(103): Laravel\\Lumen\\Routing\\Pipeline->Laravel\\Lumen\\Routing\\{closure}(Object(Laravel\\Lumen\\Http\\Request))
#3 C:\\xampp\\htdocs\\ApiGateway\\gateway\\vendor\\laravel\\lumen-framework\\src\\Concerns\\RoutesRequests.php(423): Illuminate\\Pipeline\\Pipeline->then(Object(Closure))
#4 C:\\xampp\\htdocs\\ApiGateway\\gateway\\vendor\\laravel\\lumen-framework\\src\\Concerns\\RoutesRequests.php(260): Laravel\\Lumen\\Application->sendThroughPipeline(Array, Object(Closure))
#5 C:\\xampp\\htdocs\\ApiGateway\\gateway\\vendor\\laravel\\lumen-framework\\src\\Concerns\\RoutesRequests.php(166): Laravel\\Lumen\\Application->handleFoundRoute(Array)
#6 C:\\xampp\\htdocs\\ApiGateway\\gateway\\vendor\\laravel\\lumen-framework\\src\\Concerns\\RoutesRequests.php(426): Laravel\\Lumen\\Application->Laravel\\Lumen\\Concerns\\{closure}(Object(Laravel\\Lumen\\Http\\Request))
#7 C:\\xampp\\htdocs\\ApiGateway\\gateway\\vendor\\laravel\\lumen-framework\\src\\Concerns\\RoutesRequests.php(172): Laravel\\Lumen\\Application->sendThroughPipeline(Array, Object(Closure))
#8 C:\\xampp\\htdocs\\ApiGateway\\gateway\\vendor\\laravel\\lumen-framework\\src\\Concerns\\RoutesRequests.php(109): Laravel\\Lumen\\Application->dispatch(NULL)
#9 C:\\xampp\\htdocs\\ApiGateway\\gateway\\public\\index.php(28): Laravel\\Lumen\\Application->run()
#10 {main}
"} 
[2020-12-13 15:24:42] local.ERROR: Unauthenticated. {"exception":"[object] (Illuminate\\Auth\\AuthenticationException(code: 0): Unauthenticated. at C:\\xampp\\htdocs\\ApiGateway\\gateway\\vendor\\laravel\\passport\\src\\Http\\Middleware\\CheckCredentials.php:64)
[stacktrace]
#0 C:\\xampp\\htdocs\\ApiGateway\\gateway\\vendor\\illuminate\\pipeline\\Pipeline.php(167): Laravel\\Passport\\Http\\Middleware\\CheckCredentials->handle(Object(Laravel\\Lumen\\Http\\Request), Object(Closure))
#1 C:\\xampp\\htdocs\\ApiGateway\\gateway\\vendor\\laravel\\lumen-framework\\src\\Routing\\Pipeline.php(30): Illuminate\\Pipeline\\Pipeline->Illuminate\\Pipeline\\{closure}(Object(Laravel\\Lumen\\Http\\Request))
#2 C:\\xampp\\htdocs\\ApiGateway\\gateway\\vendor\\illuminate\\pipeline\\Pipeline.php(103): Laravel\\Lumen\\Routing\\Pipeline->Laravel\\Lumen\\Routing\\{closure}(Object(Laravel\\Lumen\\Http\\Request))
#3 C:\\xampp\\htdocs\\ApiGateway\\gateway\\vendor\\laravel\\lumen-framework\\src\\Concerns\\RoutesRequests.php(423): Illuminate\\Pipeline\\Pipeline->then(Object(Closure))
#4 C:\\xampp\\htdocs\\ApiGateway\\gateway\\vendor\\laravel\\lumen-framework\\src\\Concerns\\RoutesRequests.php(260): Laravel\\Lumen\\Application->sendThroughPipeline(Array, Object(Closure))
#5 C:\\xampp\\htdocs\\ApiGateway\\gateway\\vendor\\laravel\\lumen-framework\\src\\Concerns\\RoutesRequests.php(166): Laravel\\Lumen\\Application->handleFoundRoute(Array)
#6 C:\\xampp\\htdocs\\ApiGateway\\gateway\\vendor\\laravel\\lumen-framework\\src\\Concerns\\RoutesRequests.php(426): Laravel\\Lumen\\Application->Laravel\\Lumen\\Concerns\\{closure}(Object(Laravel\\Lumen\\Http\\Request))
#7 C:\\xampp\\htdocs\\ApiGateway\\gateway\\vendor\\laravel\\lumen-framework\\src\\Concerns\\RoutesRequests.php(172): Laravel\\Lumen\\Application->sendThroughPipeline(Array, Object(Closure))
#8 C:\\xampp\\htdocs\\ApiGateway\\gateway\\vendor\\laravel\\lumen-framework\\src\\Concerns\\RoutesRequests.php(109): Laravel\\Lumen\\Application->dispatch(NULL)
#9 C:\\xampp\\htdocs\\ApiGateway\\gateway\\public\\index.php(28): Laravel\\Lumen\\Application->run()
#10 {main}
"} 
[2020-12-13 15:25:01] local.ERROR: Client error: `GET http://localhost:8000/users` resulted in a `401 Unauthorized` response:
<!--  (401 Unauthorized) -->
<!DOCTYPE html>
<html lang="en">
    <head>
        <meta charset="UTF-8" />
        <meta  (truncated...)
 {"exception":"[object] (GuzzleHttp\\Exception\\ClientException(code: 401): Client error: `GET http://localhost:8000/users` resulted in a `401 Unauthorized` response:
<!--  (401 Unauthorized) -->
<!DOCTYPE html>
<html lang=\"en\">
    <head>
        <meta charset=\"UTF-8\" />
        <meta  (truncated...)
 at C:\\xampp\\htdocs\\ApiGateway\\gateway\\vendor\\guzzlehttp\\guzzle\\src\\Exception\\RequestException.php:113)
[stacktrace]
#0 C:\\xampp\\htdocs\\ApiGateway\\gateway\\vendor\\guzzlehttp\\guzzle\\src\\Middleware.php(69): GuzzleHttp\\Exception\\RequestException::create(Object(GuzzleHttp\\Psr7\\Request), Object(GuzzleHttp\\Psr7\\Response), NULL, Array, NULL)
#1 C:\\xampp\\htdocs\\ApiGateway\\gateway\\vendor\\guzzlehttp\\promises\\src\\Promise.php(204): GuzzleHttp\\Middleware::GuzzleHttp\\{closure}(Object(GuzzleHttp\\Psr7\\Response))
#2 C:\\xampp\\htdocs\\ApiGateway\\gateway\\vendor\\guzzlehttp\\promises\\src\\Promise.php(153): GuzzleHttp\\Promise\\Promise::callHandler(1, Object(GuzzleHttp\\Psr7\\Response), NULL)
#3 C:\\xampp\\htdocs\\ApiGateway\\gateway\\vendor\\guzzlehttp\\promises\\src\\TaskQueue.php(48): GuzzleHttp\\Promise\\Promise::GuzzleHttp\\Promise\\{closure}()
#4 C:\\xampp\\htdocs\\ApiGateway\\gateway\\vendor\\guzzlehttp\\promises\\src\\Promise.php(248): GuzzleHttp\\Promise\\TaskQueue->run(true)
#5 C:\\xampp\\htdocs\\ApiGateway\\gateway\\vendor\\guzzlehttp\\promises\\src\\Promise.php(224): GuzzleHttp\\Promise\\Promise->invokeWaitFn()
#6 C:\\xampp\\htdocs\\ApiGateway\\gateway\\vendor\\guzzlehttp\\promises\\src\\Promise.php(269): GuzzleHttp\\Promise\\Promise->waitIfPending()
#7 C:\\xampp\\htdocs\\ApiGateway\\gateway\\vendor\\guzzlehttp\\promises\\src\\Promise.php(226): GuzzleHttp\\Promise\\Promise->invokeWaitList()
#8 C:\\xampp\\htdocs\\ApiGateway\\gateway\\vendor\\guzzlehttp\\promises\\src\\Promise.php(62): GuzzleHttp\\Promise\\Promise->waitIfPending()
#9 C:\\xampp\\htdocs\\ApiGateway\\gateway\\vendor\\guzzlehttp\\guzzle\\src\\Client.php(187): GuzzleHttp\\Promise\\Promise->wait()
#10 C:\\xampp\\htdocs\\ApiGateway\\gateway\\app\\Traits\\ConsumesExternalService.php(29): GuzzleHttp\\Client->request('GET', '/users', Array)
#11 C:\\xampp\\htdocs\\ApiGateway\\gateway\\app\\Services\\User1Service.php(31): App\\Services\\User1Service->performRequest('GET', '/users')
#12 C:\\xampp\\htdocs\\ApiGateway\\gateway\\app\\Http\\Controllers\\User1Controller.php(29): App\\Services\\User1Service->obtainUsers1()
#13 C:\\xampp\\htdocs\\ApiGateway\\gateway\\vendor\\illuminate\\container\\BoundMethod.php(36): App\\Http\\Controllers\\User1Controller->getUsers()
#14 C:\\xampp\\htdocs\\ApiGateway\\gateway\\vendor\\illuminate\\container\\Util.php(40): Illuminate\\Container\\BoundMethod::Illuminate\\Container\\{closure}()
#15 C:\\xampp\\htdocs\\ApiGateway\\gateway\\vendor\\illuminate\\container\\BoundMethod.php(93): Illuminate\\Container\\Util::unwrapIfClosure(Object(Closure))
#16 C:\\xampp\\htdocs\\ApiGateway\\gateway\\vendor\\illuminate\\container\\BoundMethod.php(37): Illuminate\\Container\\BoundMethod::callBoundMethod(Object(Laravel\\Lumen\\Application), Array, Object(Closure))
#17 C:\\xampp\\htdocs\\ApiGateway\\gateway\\vendor\\illuminate\\container\\Container.php(610): Illuminate\\Container\\BoundMethod::call(Object(Laravel\\Lumen\\Application), Array, Array, NULL)
#18 C:\\xampp\\htdocs\\ApiGateway\\gateway\\vendor\\laravel\\lumen-framework\\src\\Concerns\\RoutesRequests.php(386): Illuminate\\Container\\Container->call(Array, Array)
#19 C:\\xampp\\htdocs\\ApiGateway\\gateway\\vendor\\laravel\\lumen-framework\\src\\Concerns\\RoutesRequests.php(352): Laravel\\Lumen\\Application->callControllerCallable(Array, Array)
#20 C:\\xampp\\htdocs\\ApiGateway\\gateway\\vendor\\laravel\\lumen-framework\\src\\Concerns\\RoutesRequests.php(326): Laravel\\Lumen\\Application->callLumenController(Object(App\\Http\\Controllers\\User1Controller), 'getUsers', Array)
#21 C:\\xampp\\htdocs\\ApiGateway\\gateway\\vendor\\laravel\\lumen-framework\\src\\Concerns\\RoutesRequests.php(279): Laravel\\Lumen\\Application->callControllerAction(Array)
#22 C:\\xampp\\htdocs\\ApiGateway\\gateway\\vendor\\laravel\\lumen-framework\\src\\Concerns\\RoutesRequests.php(259): Laravel\\Lumen\\Application->callActionOnArrayBasedRoute(Array)
#23 C:\\xampp\\htdocs\\ApiGateway\\gateway\\vendor\\laravel\\lumen-framework\\src\\Routing\\Pipeline.php(48): Laravel\\Lumen\\Application->Laravel\\Lumen\\Concerns\\{closure}(Object(Laravel\\Lumen\\Http\\Request))
#24 C:\\xampp\\htdocs\\ApiGateway\\gateway\\vendor\\laravel\\passport\\src\\Http\\Middleware\\CheckCredentials.php(69): Laravel\\Lumen\\Routing\\Pipeline->Laravel\\Lumen\\Routing\\{closure}(Object(Laravel\\Lumen\\Http\\Request))
#25 C:\\xampp\\htdocs\\ApiGateway\\gateway\\vendor\\illuminate\\pipeline\\Pipeline.php(167): Laravel\\Passport\\Http\\Middleware\\CheckCredentials->handle(Object(Laravel\\Lumen\\Http\\Request), Object(Closure))
#26 C:\\xampp\\htdocs\\ApiGateway\\gateway\\vendor\\laravel\\lumen-framework\\src\\Routing\\Pipeline.php(30): Illuminate\\Pipeline\\Pipeline->Illuminate\\Pipeline\\{closure}(Object(Laravel\\Lumen\\Http\\Request))
#27 C:\\xampp\\htdocs\\ApiGateway\\gateway\\vendor\\illuminate\\pipeline\\Pipeline.php(103): Laravel\\Lumen\\Routing\\Pipeline->Laravel\\Lumen\\Routing\\{closure}(Object(Laravel\\Lumen\\Http\\Request))
#28 C:\\xampp\\htdocs\\ApiGateway\\gateway\\vendor\\laravel\\lumen-framework\\src\\Concerns\\RoutesRequests.php(423): Illuminate\\Pipeline\\Pipeline->then(Object(Closure))
#29 C:\\xampp\\htdocs\\ApiGateway\\gateway\\vendor\\laravel\\lumen-framework\\src\\Concerns\\RoutesRequests.php(260): Laravel\\Lumen\\Application->sendThroughPipeline(Array, Object(Closure))
#30 C:\\xampp\\htdocs\\ApiGateway\\gateway\\vendor\\laravel\\lumen-framework\\src\\Concerns\\RoutesRequests.php(166): Laravel\\Lumen\\Application->handleFoundRoute(Array)
#31 C:\\xampp\\htdocs\\ApiGateway\\gateway\\vendor\\laravel\\lumen-framework\\src\\Concerns\\RoutesRequests.php(426): Laravel\\Lumen\\Application->Laravel\\Lumen\\Concerns\\{closure}(Object(Laravel\\Lumen\\Http\\Request))
#32 C:\\xampp\\htdocs\\ApiGateway\\gateway\\vendor\\laravel\\lumen-framework\\src\\Concerns\\RoutesRequests.php(172): Laravel\\Lumen\\Application->sendThroughPipeline(Array, Object(Closure))
#33 C:\\xampp\\htdocs\\ApiGateway\\gateway\\vendor\\laravel\\lumen-framework\\src\\Concerns\\RoutesRequests.php(109): Laravel\\Lumen\\Application->dispatch(NULL)
#34 C:\\xampp\\htdocs\\ApiGateway\\gateway\\public\\index.php(28): Laravel\\Lumen\\Application->run()
#35 {main}
"} 
