[2020-12-05 10:08:58] local.ERROR: Client error: `POST http://localhost:8001/users/add` resulted in a `405 Method Not Allowed` response:
<!--  (405 Method Not Allowed) -->
<!DOCTYPE html>
<html lang="en">
    <head>
        <meta charset="UTF-8" />
         (truncated...)
 {"exception":"[object] (GuzzleHttp\\Exception\\ClientException(code: 405): Client error: `POST http://localhost:8001/users/add` resulted in a `405 Method Not Allowed` response:
<!--  (405 Method Not Allowed) -->
<!DOCTYPE html>
<html lang=\"en\">
    <head>
        <meta charset=\"UTF-8\" />
         (truncated...)
 at C:\\xampp\\htdocs\\ApiGateway\\gateway\\vendor\\guzzlehttp\\guzzle\\src\\Exception\\RequestException.php:113)
[stacktrace]
#0 C:\\xampp\\htdocs\\ApiGateway\\gateway\\vendor\\guzzlehttp\\guzzle\\src\\Middleware.php(69): GuzzleHttp\\Exception\\RequestException::create(Object(GuzzleHttp\\Psr7\\Request), Object(GuzzleHttp\\Psr7\\Response), NULL, Array, NULL)
#1 C:\\xampp\\htdocs\\ApiGateway\\gateway\\vendor\\guzzlehttp\\promises\\src\\Promise.php(204): GuzzleHttp\\Middleware::GuzzleHttp\\{closure}(Object(GuzzleHttp\\Psr7\\Response))
#2 C:\\xampp\\htdocs\\ApiGateway\\gateway\\vendor\\guzzlehttp\\promises\\src\\Promise.php(153): GuzzleHttp\\Promise\\Promise::callHandler(1, Object(GuzzleHttp\\Psr7\\Response), NULL)
#3 C:\\xampp\\htdocs\\ApiGateway\\gateway\\vendor\\guzzlehttp\\promises\\src\\TaskQueue.php(48): GuzzleHttp\\Promise\\Promise::GuzzleHttp\\Promise\\{closure}()
#4 C:\\xampp\\htdocs\\ApiGateway\\gateway\\vendor\\guzzlehttp\\promises\\src\\Promise.php(248): GuzzleHttp\\Promise\\TaskQueue->run(true)
#5 C:\\xampp\\htdocs\\ApiGateway\\gateway\\vendor\\guzzlehttp\\promises\\src\\Promise.php(224): GuzzleHttp\\Promise\\Promise->invokeWaitFn()
#6 C:\\xampp\\htdocs\\ApiGateway\\gateway\\vendor\\guzzlehttp\\promises\\src\\Promise.php(269): GuzzleHttp\\Promise\\Promise->waitIfPending()
#7 C:\\xampp\\htdocs\\ApiGateway\\gateway\\vendor\\guzzlehttp\\promises\\src\\Promise.php(226): GuzzleHttp\\Promise\\Promise->invokeWaitList()
#8 C:\\xampp\\htdocs\\ApiGateway\\gateway\\vendor\\guzzlehttp\\promises\\src\\Promise.php(62): GuzzleHttp\\Promise\\Promise->waitIfPending()
#9 C:\\xampp\\htdocs\\ApiGateway\\gateway\\vendor\\guzzlehttp\\guzzle\\src\\Client.php(187): GuzzleHttp\\Promise\\Promise->wait()
#10 C:\\xampp\\htdocs\\ApiGateway\\gateway\\app\\Traits\\ConsumesExternalService.php(25): GuzzleHttp\\Client->request('POST', '/users/add', Array)
#11 C:\\xampp\\htdocs\\ApiGateway\\gateway\\app\\Services\\User2Service.php(33): App\\Services\\User2Service->performRequest('POST', '/users/add', Array)
#12 C:\\xampp\\htdocs\\ApiGateway\\gateway\\app\\Http\\Controllers\\User2Controller.php(34): App\\Services\\User2Service->createUser2(Array, 201)
#13 C:\\xampp\\htdocs\\ApiGateway\\gateway\\vendor\\illuminate\\container\\BoundMethod.php(36): App\\Http\\Controllers\\User2Controller->addUser(Object(Laravel\\Lumen\\Http\\Request))
#14 C:\\xampp\\htdocs\\ApiGateway\\gateway\\vendor\\illuminate\\container\\Util.php(40): Illuminate\\Container\\BoundMethod::Illuminate\\Container\\{closure}()
#15 C:\\xampp\\htdocs\\ApiGateway\\gateway\\vendor\\illuminate\\container\\BoundMethod.php(93): Illuminate\\Container\\Util::unwrapIfClosure(Object(Closure))
#16 C:\\xampp\\htdocs\\ApiGateway\\gateway\\vendor\\illuminate\\container\\BoundMethod.php(37): Illuminate\\Container\\BoundMethod::callBoundMethod(Object(Laravel\\Lumen\\Application), Array, Object(Closure))
#17 C:\\xampp\\htdocs\\ApiGateway\\gateway\\vendor\\illuminate\\container\\Container.php(610): Illuminate\\Container\\BoundMethod::call(Object(Laravel\\Lumen\\Application), Array, Array, NULL)
#18 C:\\xampp\\htdocs\\ApiGateway\\gateway\\vendor\\laravel\\lumen-framework\\src\\Concerns\\RoutesRequests.php(386): Illuminate\\Container\\Container->call(Array, Array)
#19 C:\\xampp\\htdocs\\ApiGateway\\gateway\\vendor\\laravel\\lumen-framework\\src\\Concerns\\RoutesRequests.php(352): Laravel\\Lumen\\Application->callControllerCallable(Array, Array)
#20 C:\\xampp\\htdocs\\ApiGateway\\gateway\\vendor\\laravel\\lumen-framework\\src\\Concerns\\RoutesRequests.php(326): Laravel\\Lumen\\Application->callLumenController(Object(App\\Http\\Controllers\\User2Controller), 'addUser', Array)
#21 C:\\xampp\\htdocs\\ApiGateway\\gateway\\vendor\\laravel\\lumen-framework\\src\\Concerns\\RoutesRequests.php(279): Laravel\\Lumen\\Application->callControllerAction(Array)
#22 C:\\xampp\\htdocs\\ApiGateway\\gateway\\vendor\\laravel\\lumen-framework\\src\\Concerns\\RoutesRequests.php(264): Laravel\\Lumen\\Application->callActionOnArrayBasedRoute(Array)
#23 C:\\xampp\\htdocs\\ApiGateway\\gateway\\vendor\\laravel\\lumen-framework\\src\\Concerns\\RoutesRequests.php(166): Laravel\\Lumen\\Application->handleFoundRoute(Array)
#24 C:\\xampp\\htdocs\\ApiGateway\\gateway\\vendor\\laravel\\lumen-framework\\src\\Concerns\\RoutesRequests.php(426): Laravel\\Lumen\\Application->Laravel\\Lumen\\Concerns\\{closure}(Object(Laravel\\Lumen\\Http\\Request))
#25 C:\\xampp\\htdocs\\ApiGateway\\gateway\\vendor\\laravel\\lumen-framework\\src\\Concerns\\RoutesRequests.php(172): Laravel\\Lumen\\Application->sendThroughPipeline(Array, Object(Closure))
#26 C:\\xampp\\htdocs\\ApiGateway\\gateway\\vendor\\laravel\\lumen-framework\\src\\Concerns\\RoutesRequests.php(109): Laravel\\Lumen\\Application->dispatch(NULL)
#27 C:\\xampp\\htdocs\\ApiGateway\\gateway\\public\\index.php(28): Laravel\\Lumen\\Application->run()
#28 {main}
"} 
