[2020-12-07 04:10:36] local.ERROR: cURL error 7: Failed to connect to localhost port 8001: Connection refused (see https://curl.haxx.se/libcurl/c/libcurl-errors.html) for http://localhost:8001/users/ {"exception":"[object] (GuzzleHttp\\Exception\\ConnectException(code: 0): cURL error 7: Failed to connect to localhost port 8001: Connection refused (see https://curl.haxx.se/libcurl/c/libcurl-errors.html) for http://localhost:8001/users/ at C:\\xampp\\htdocs\\ApiGateway\\gateway\\vendor\\guzzlehttp\\guzzle\\src\\Handler\\CurlFactory.php:210)
[stacktrace]
#0 C:\\xampp\\htdocs\\ApiGateway\\gateway\\vendor\\guzzlehttp\\guzzle\\src\\Handler\\CurlFactory.php(158): GuzzleHttp\\Handler\\CurlFactory::createRejection(Object(GuzzleHttp\\Handler\\EasyHandle), Array)
#1 C:\\xampp\\htdocs\\ApiGateway\\gateway\\vendor\\guzzlehttp\\guzzle\\src\\Handler\\CurlFactory.php(110): GuzzleHttp\\Handler\\CurlFactory::finishError(Object(GuzzleHttp\\Handler\\CurlHandler), Object(GuzzleHttp\\Handler\\EasyHandle), Object(GuzzleHttp\\Handler\\CurlFactory))
#2 C:\\xampp\\htdocs\\ApiGateway\\gateway\\vendor\\guzzlehttp\\guzzle\\src\\Handler\\CurlHandler.php(47): GuzzleHttp\\Handler\\CurlFactory::finish(Object(GuzzleHttp\\Handler\\CurlHandler), Object(GuzzleHttp\\Handler\\EasyHandle), Object(GuzzleHttp\\Handler\\CurlFactory))
#3 C:\\xampp\\htdocs\\ApiGateway\\gateway\\vendor\\guzzlehttp\\guzzle\\src\\Handler\\Proxy.php(28): GuzzleHttp\\Handler\\CurlHandler->__invoke(Object(GuzzleHttp\\Psr7\\Request), Array)
#4 C:\\xampp\\htdocs\\ApiGateway\\gateway\\vendor\\guzzlehttp\\guzzle\\src\\Handler\\Proxy.php(48): GuzzleHttp\\Handler\\Proxy::GuzzleHttp\\Handler\\{closure}(Object(GuzzleHttp\\Psr7\\Request), Array)
#5 C:\\xampp\\htdocs\\ApiGateway\\gateway\\vendor\\guzzlehttp\\guzzle\\src\\PrepareBodyMiddleware.php(35): GuzzleHttp\\Handler\\Proxy::GuzzleHttp\\Handler\\{closure}(Object(GuzzleHttp\\Psr7\\Request), Array)
#6 C:\\xampp\\htdocs\\ApiGateway\\gateway\\vendor\\guzzlehttp\\guzzle\\src\\Middleware.php(31): GuzzleHttp\\PrepareBodyMiddleware->__invoke(Object(GuzzleHttp\\Psr7\\Request), Array)
#7 C:\\xampp\\htdocs\\ApiGateway\\gateway\\vendor\\guzzlehttp\\guzzle\\src\\RedirectMiddleware.php(71): GuzzleHttp\\Middleware::GuzzleHttp\\{closure}(Object(GuzzleHttp\\Psr7\\Request), Array)
#8 C:\\xampp\\htdocs\\ApiGateway\\gateway\\vendor\\guzzlehttp\\guzzle\\src\\Middleware.php(63): GuzzleHttp\\RedirectMiddleware->__invoke(Object(GuzzleHttp\\Psr7\\Request), Array)
#9 C:\\xampp\\htdocs\\ApiGateway\\gateway\\vendor\\guzzlehttp\\guzzle\\src\\HandlerStack.php(75): GuzzleHttp\\Middleware::GuzzleHttp\\{closure}(Object(GuzzleHttp\\Psr7\\Request), Array)
#10 C:\\xampp\\htdocs\\ApiGateway\\gateway\\vendor\\guzzlehttp\\guzzle\\src\\Client.php(331): GuzzleHttp\\HandlerStack->__invoke(Object(GuzzleHttp\\Psr7\\Request), Array)
#11 C:\\xampp\\htdocs\\ApiGateway\\gateway\\vendor\\guzzlehttp\\guzzle\\src\\Client.php(168): GuzzleHttp\\Client->transfer(Object(GuzzleHttp\\Psr7\\Request), Array)
#12 C:\\xampp\\htdocs\\ApiGateway\\gateway\\vendor\\guzzlehttp\\guzzle\\src\\Client.php(187): GuzzleHttp\\Client->requestAsync('POST', Object(GuzzleHttp\\Psr7\\Uri), Array)
#13 C:\\xampp\\htdocs\\ApiGateway\\gateway\\app\\Traits\\ConsumesExternalService.php(25): GuzzleHttp\\Client->request('POST', '/users/', Array)
#14 C:\\xampp\\htdocs\\ApiGateway\\gateway\\app\\Services\\User2Service.php(33): App\\Services\\User2Service->performRequest('POST', '/users/', Array)
#15 C:\\xampp\\htdocs\\ApiGateway\\gateway\\app\\Http\\Controllers\\User2Controller.php(34): App\\Services\\User2Service->createUser2(Array, 201)
#16 C:\\xampp\\htdocs\\ApiGateway\\gateway\\vendor\\illuminate\\container\\BoundMethod.php(36): App\\Http\\Controllers\\User2Controller->addUser(Object(Laravel\\Lumen\\Http\\Request))
#17 C:\\xampp\\htdocs\\ApiGateway\\gateway\\vendor\\illuminate\\container\\Util.php(40): Illuminate\\Container\\BoundMethod::Illuminate\\Container\\{closure}()
#18 C:\\xampp\\htdocs\\ApiGateway\\gateway\\vendor\\illuminate\\container\\BoundMethod.php(93): Illuminate\\Container\\Util::unwrapIfClosure(Object(Closure))
#19 C:\\xampp\\htdocs\\ApiGateway\\gateway\\vendor\\illuminate\\container\\BoundMethod.php(37): Illuminate\\Container\\BoundMethod::callBoundMethod(Object(Laravel\\Lumen\\Application), Array, Object(Closure))
#20 C:\\xampp\\htdocs\\ApiGateway\\gateway\\vendor\\illuminate\\container\\Container.php(610): Illuminate\\Container\\BoundMethod::call(Object(Laravel\\Lumen\\Application), Array, Array, NULL)
#21 C:\\xampp\\htdocs\\ApiGateway\\gateway\\vendor\\laravel\\lumen-framework\\src\\Concerns\\RoutesRequests.php(386): Illuminate\\Container\\Container->call(Array, Array)
#22 C:\\xampp\\htdocs\\ApiGateway\\gateway\\vendor\\laravel\\lumen-framework\\src\\Concerns\\RoutesRequests.php(352): Laravel\\Lumen\\Application->callControllerCallable(Array, Array)
#23 C:\\xampp\\htdocs\\ApiGateway\\gateway\\vendor\\laravel\\lumen-framework\\src\\Concerns\\RoutesRequests.php(326): Laravel\\Lumen\\Application->callLumenController(Object(App\\Http\\Controllers\\User2Controller), 'addUser', Array)
#24 C:\\xampp\\htdocs\\ApiGateway\\gateway\\vendor\\laravel\\lumen-framework\\src\\Concerns\\RoutesRequests.php(279): Laravel\\Lumen\\Application->callControllerAction(Array)
#25 C:\\xampp\\htdocs\\ApiGateway\\gateway\\vendor\\laravel\\lumen-framework\\src\\Concerns\\RoutesRequests.php(264): Laravel\\Lumen\\Application->callActionOnArrayBasedRoute(Array)
#26 C:\\xampp\\htdocs\\ApiGateway\\gateway\\vendor\\laravel\\lumen-framework\\src\\Concerns\\RoutesRequests.php(166): Laravel\\Lumen\\Application->handleFoundRoute(Array)
#27 C:\\xampp\\htdocs\\ApiGateway\\gateway\\vendor\\laravel\\lumen-framework\\src\\Concerns\\RoutesRequests.php(426): Laravel\\Lumen\\Application->Laravel\\Lumen\\Concerns\\{closure}(Object(Laravel\\Lumen\\Http\\Request))
#28 C:\\xampp\\htdocs\\ApiGateway\\gateway\\vendor\\laravel\\lumen-framework\\src\\Concerns\\RoutesRequests.php(172): Laravel\\Lumen\\Application->sendThroughPipeline(Array, Object(Closure))
#29 C:\\xampp\\htdocs\\ApiGateway\\gateway\\vendor\\laravel\\lumen-framework\\src\\Concerns\\RoutesRequests.php(109): Laravel\\Lumen\\Application->dispatch(NULL)
#30 C:\\xampp\\htdocs\\ApiGateway\\gateway\\public\\index.php(28): Laravel\\Lumen\\Application->run()
#31 {main}
"} 
[2020-12-07 04:10:42] local.ERROR: cURL error 7: Failed to connect to localhost port 8001: Connection refused (see https://curl.haxx.se/libcurl/c/libcurl-errors.html) for http://localhost:8001/users {"exception":"[object] (GuzzleHttp\\Exception\\ConnectException(code: 0): cURL error 7: Failed to connect to localhost port 8001: Connection refused (see https://curl.haxx.se/libcurl/c/libcurl-errors.html) for http://localhost:8001/users at C:\\xampp\\htdocs\\ApiGateway\\gateway\\vendor\\guzzlehttp\\guzzle\\src\\Handler\\CurlFactory.php:210)
[stacktrace]
#0 C:\\xampp\\htdocs\\ApiGateway\\gateway\\vendor\\guzzlehttp\\guzzle\\src\\Handler\\CurlFactory.php(158): GuzzleHttp\\Handler\\CurlFactory::createRejection(Object(GuzzleHttp\\Handler\\EasyHandle), Array)
#1 C:\\xampp\\htdocs\\ApiGateway\\gateway\\vendor\\guzzlehttp\\guzzle\\src\\Handler\\CurlFactory.php(110): GuzzleHttp\\Handler\\CurlFactory::finishError(Object(GuzzleHttp\\Handler\\CurlHandler), Object(GuzzleHttp\\Handler\\EasyHandle), Object(GuzzleHttp\\Handler\\CurlFactory))
#2 C:\\xampp\\htdocs\\ApiGateway\\gateway\\vendor\\guzzlehttp\\guzzle\\src\\Handler\\CurlHandler.php(47): GuzzleHttp\\Handler\\CurlFactory::finish(Object(GuzzleHttp\\Handler\\CurlHandler), Object(GuzzleHttp\\Handler\\EasyHandle), Object(GuzzleHttp\\Handler\\CurlFactory))
#3 C:\\xampp\\htdocs\\ApiGateway\\gateway\\vendor\\guzzlehttp\\guzzle\\src\\Handler\\Proxy.php(28): GuzzleHttp\\Handler\\CurlHandler->__invoke(Object(GuzzleHttp\\Psr7\\Request), Array)
#4 C:\\xampp\\htdocs\\ApiGateway\\gateway\\vendor\\guzzlehttp\\guzzle\\src\\Handler\\Proxy.php(48): GuzzleHttp\\Handler\\Proxy::GuzzleHttp\\Handler\\{closure}(Object(GuzzleHttp\\Psr7\\Request), Array)
#5 C:\\xampp\\htdocs\\ApiGateway\\gateway\\vendor\\guzzlehttp\\guzzle\\src\\PrepareBodyMiddleware.php(35): GuzzleHttp\\Handler\\Proxy::GuzzleHttp\\Handler\\{closure}(Object(GuzzleHttp\\Psr7\\Request), Array)
#6 C:\\xampp\\htdocs\\ApiGateway\\gateway\\vendor\\guzzlehttp\\guzzle\\src\\Middleware.php(31): GuzzleHttp\\PrepareBodyMiddleware->__invoke(Object(GuzzleHttp\\Psr7\\Request), Array)
#7 C:\\xampp\\htdocs\\ApiGateway\\gateway\\vendor\\guzzlehttp\\guzzle\\src\\RedirectMiddleware.php(71): GuzzleHttp\\Middleware::GuzzleHttp\\{closure}(Object(GuzzleHttp\\Psr7\\Request), Array)
#8 C:\\xampp\\htdocs\\ApiGateway\\gateway\\vendor\\guzzlehttp\\guzzle\\src\\Middleware.php(63): GuzzleHttp\\RedirectMiddleware->__invoke(Object(GuzzleHttp\\Psr7\\Request), Array)
#9 C:\\xampp\\htdocs\\ApiGateway\\gateway\\vendor\\guzzlehttp\\guzzle\\src\\HandlerStack.php(75): GuzzleHttp\\Middleware::GuzzleHttp\\{closure}(Object(GuzzleHttp\\Psr7\\Request), Array)
#10 C:\\xampp\\htdocs\\ApiGateway\\gateway\\vendor\\guzzlehttp\\guzzle\\src\\Client.php(331): GuzzleHttp\\HandlerStack->__invoke(Object(GuzzleHttp\\Psr7\\Request), Array)
#11 C:\\xampp\\htdocs\\ApiGateway\\gateway\\vendor\\guzzlehttp\\guzzle\\src\\Client.php(168): GuzzleHttp\\Client->transfer(Object(GuzzleHttp\\Psr7\\Request), Array)
#12 C:\\xampp\\htdocs\\ApiGateway\\gateway\\vendor\\guzzlehttp\\guzzle\\src\\Client.php(187): GuzzleHttp\\Client->requestAsync('GET', Object(GuzzleHttp\\Psr7\\Uri), Array)
#13 C:\\xampp\\htdocs\\ApiGateway\\gateway\\app\\Traits\\ConsumesExternalService.php(25): GuzzleHttp\\Client->request('GET', '/users', Array)
#14 C:\\xampp\\htdocs\\ApiGateway\\gateway\\app\\Services\\User2Service.php(23): App\\Services\\User2Service->performRequest('GET', '/users')
#15 C:\\xampp\\htdocs\\ApiGateway\\gateway\\app\\Http\\Controllers\\User2Controller.php(29): App\\Services\\User2Service->obtainUsers2()
#16 C:\\xampp\\htdocs\\ApiGateway\\gateway\\vendor\\illuminate\\container\\BoundMethod.php(36): App\\Http\\Controllers\\User2Controller->getUsers()
#17 C:\\xampp\\htdocs\\ApiGateway\\gateway\\vendor\\illuminate\\container\\Util.php(40): Illuminate\\Container\\BoundMethod::Illuminate\\Container\\{closure}()
#18 C:\\xampp\\htdocs\\ApiGateway\\gateway\\vendor\\illuminate\\container\\BoundMethod.php(93): Illuminate\\Container\\Util::unwrapIfClosure(Object(Closure))
#19 C:\\xampp\\htdocs\\ApiGateway\\gateway\\vendor\\illuminate\\container\\BoundMethod.php(37): Illuminate\\Container\\BoundMethod::callBoundMethod(Object(Laravel\\Lumen\\Application), Array, Object(Closure))
#20 C:\\xampp\\htdocs\\ApiGateway\\gateway\\vendor\\illuminate\\container\\Container.php(610): Illuminate\\Container\\BoundMethod::call(Object(Laravel\\Lumen\\Application), Array, Array, NULL)
#21 C:\\xampp\\htdocs\\ApiGateway\\gateway\\vendor\\laravel\\lumen-framework\\src\\Concerns\\RoutesRequests.php(386): Illuminate\\Container\\Container->call(Array, Array)
#22 C:\\xampp\\htdocs\\ApiGateway\\gateway\\vendor\\laravel\\lumen-framework\\src\\Concerns\\RoutesRequests.php(352): Laravel\\Lumen\\Application->callControllerCallable(Array, Array)
#23 C:\\xampp\\htdocs\\ApiGateway\\gateway\\vendor\\laravel\\lumen-framework\\src\\Concerns\\RoutesRequests.php(326): Laravel\\Lumen\\Application->callLumenController(Object(App\\Http\\Controllers\\User2Controller), 'getUsers', Array)
#24 C:\\xampp\\htdocs\\ApiGateway\\gateway\\vendor\\laravel\\lumen-framework\\src\\Concerns\\RoutesRequests.php(279): Laravel\\Lumen\\Application->callControllerAction(Array)
#25 C:\\xampp\\htdocs\\ApiGateway\\gateway\\vendor\\laravel\\lumen-framework\\src\\Concerns\\RoutesRequests.php(264): Laravel\\Lumen\\Application->callActionOnArrayBasedRoute(Array)
#26 C:\\xampp\\htdocs\\ApiGateway\\gateway\\vendor\\laravel\\lumen-framework\\src\\Concerns\\RoutesRequests.php(166): Laravel\\Lumen\\Application->handleFoundRoute(Array)
#27 C:\\xampp\\htdocs\\ApiGateway\\gateway\\vendor\\laravel\\lumen-framework\\src\\Concerns\\RoutesRequests.php(426): Laravel\\Lumen\\Application->Laravel\\Lumen\\Concerns\\{closure}(Object(Laravel\\Lumen\\Http\\Request))
#28 C:\\xampp\\htdocs\\ApiGateway\\gateway\\vendor\\laravel\\lumen-framework\\src\\Concerns\\RoutesRequests.php(172): Laravel\\Lumen\\Application->sendThroughPipeline(Array, Object(Closure))
#29 C:\\xampp\\htdocs\\ApiGateway\\gateway\\vendor\\laravel\\lumen-framework\\src\\Concerns\\RoutesRequests.php(109): Laravel\\Lumen\\Application->dispatch(NULL)
#30 C:\\xampp\\htdocs\\ApiGateway\\gateway\\public\\index.php(28): Laravel\\Lumen\\Application->run()
#31 {main}
"} 
